#EXTM3U
#EXTINF:-1 tvg-id="RlaxxNyxChannel.it" tvg-logo="https://api.rlaxxtv.com/images/channels/nyxchannel_colour.png" tvg-name="Nyx Channel" tvg-chno="3300" group-title="RlaxxTV-Classics",Nyx Channel
plugin://plugin.video.wltvhelper/play/rlaxx/3$26
#EXTINF:-1 tvg-id="RlaxxTheArchive.it" tvg-logo="https://api.rlaxxtv.com/images/channels/thearchive_colour.png" tvg-name="The Archive" tvg-chno="3301" group-title="RlaxxTV-Classics",The Archive
plugin://plugin.video.wltvhelper/play/rlaxx/168$861
#EXTINF:-1 tvg-id="RlaxxComedyDynamics.it" tvg-logo="https://api.rlaxxtv.com/images/channels/comedydynamics_colour.png" tvg-name="Comedy Dynamics" tvg-chno="3302" group-title="RlaxxTV-Comedy",Comedy Dynamics
plugin://plugin.video.wltvhelper/play/rlaxx/39$172
#EXTINF:-1 tvg-id="RlaxxMoviesPlusComedy.it" tvg-logo="https://api.rlaxxtv.com/images/channels/moviespluscomedy_colour.png" tvg-name="Movies Plus Comedy" tvg-chno="3303" group-title="RlaxxTV-Comedy",Movies Plus Comedy
plugin://plugin.video.wltvhelper/play/rlaxx/215$892
#EXTINF:-1 tvg-id="RlaxxTwistedMirror.it" tvg-logo="https://api.rlaxxtv.com/images/channels/comedytwistedmirror_colour.png" tvg-name="Twisted Mirror" tvg-chno="3304" group-title="RlaxxTV-Comedy",Twisted Mirror
plugin://plugin.video.wltvhelper/play/rlaxx/97$714
#EXTINF:-1 tvg-id="RlaxxWrldComedy.it" tvg-logo="https://api.rlaxxtv.com/images/channels/wrldcomedy_colour.png" tvg-name="Wrld Comedy" tvg-chno="3305" group-title="RlaxxTV-Comedy",Wrld Comedy
plugin://plugin.video.wltvhelper/play/rlaxx/82$881
#EXTINF:-1 tvg-id="RlaxxWrldDocumentary.it" tvg-logo="https://api.rlaxxtv.com/images/channels/wrlddocumentary_colour.png" tvg-name="Wrld Documentary" tvg-chno="3306" group-title="RlaxxTV-Documentary",Wrld Documentary
plugin://plugin.video.wltvhelper/play/rlaxx/83$550
#EXTINF:-1 tvg-id="RlaxxGustoTv.it" tvg-logo="https://api.rlaxxtv.com/images/channels/gustotv_colour.png" tvg-name="Gusto Tv" tvg-chno="3307" group-title="RlaxxTV-Food & Drink",Gusto Tv
plugin://plugin.video.wltvhelper/play/rlaxx/43$197
#EXTINF:-1 tvg-id="RlaxxNewKFood.it" tvg-logo="https://api.rlaxxtv.com/images/channels/newkfood_colour.png" tvg-name="New K-Food" tvg-chno="3308" group-title="RlaxxTV-Food & Drink",New K-Food
plugin://plugin.video.wltvhelper/play/rlaxx/80$614
#EXTINF:-1 tvg-id="RlaxxBizzarroMovies.it" tvg-logo="https://api.rlaxxtv.com/images/channels/bizzarromovies_colour.png" tvg-name="Bizzarro Movies" tvg-chno="3309" group-title="RlaxxTV-Horror",Bizzarro Movies
plugin://plugin.video.wltvhelper/play/rlaxx/118$772
#EXTINF:-1 tvg-id="RlaxxAmericanTheatreWing.it" tvg-logo="https://api.rlaxxtv.com/images/channels/americantheatrewing_colour.png" tvg-name="American Theatre Wing" tvg-chno="3310" group-title="RlaxxTV-Lifestyle & Entertainment",American Theatre Wing
plugin://plugin.video.wltvhelper/play/rlaxx/95$710
#EXTINF:-1 tvg-id="RlaxxAwePlus.it" tvg-logo="https://api.rlaxxtv.com/images/channels/aweplus_colour.png" tvg-name="Awe Plus" tvg-chno="3311" group-title="RlaxxTV-Lifestyle & Entertainment",Awe Plus
plugin://plugin.video.wltvhelper/play/rlaxx/214$887
#EXTINF:-1 tvg-id="RlaxxBackstage.it" tvg-logo="https://api.rlaxxtv.com/images/channels/backstage_colour.png" tvg-name="Backstage" tvg-chno="3312" group-title="RlaxxTV-Lifestyle & Entertainment",Backstage
plugin://plugin.video.wltvhelper/play/rlaxx/74$532
#EXTINF:-1 tvg-id="RlaxxBrindiamoChannel.it" tvg-logo="https://api.rlaxxtv.com/images/channels/brindiamo_colour.png" tvg-name="Brindiamo! Channel" tvg-chno="3313" group-title="RlaxxTV-Lifestyle & Entertainment",Brindiamo! Channel
plugin://plugin.video.wltvhelper/play/rlaxx/146$822
#EXTINF:-1 tvg-id="RlaxxBspoketv.it" tvg-logo="https://api.rlaxxtv.com/images/channels/bspoketv_colour.png" tvg-name="Bspoketv" tvg-chno="3314" group-title="RlaxxTV-Lifestyle & Entertainment",Bspoketv
plugin://plugin.video.wltvhelper/play/rlaxx/109$735
#EXTINF:-1 tvg-id="RlaxxLifeOnTheEdge.it" tvg-logo="https://api.rlaxxtv.com/images/channels/lifeontheedge_colour.png" tvg-name="Life On The Edge" tvg-chno="3315" group-title="RlaxxTV-Lifestyle & Entertainment",Life On The Edge
plugin://plugin.video.wltvhelper/play/rlaxx/11$44
#EXTINF:-1 tvg-id="RlaxxOnlyGoodTv.it" tvg-logo="https://api.rlaxxtv.com/images/channels/onlygoodtv_colour.png" tvg-name="Only Good Tv" tvg-chno="3316" group-title="RlaxxTV-Lifestyle & Entertainment",Only Good Tv
plugin://plugin.video.wltvhelper/play/rlaxx/112$736
#EXTINF:-1 tvg-id="RlaxxPeopleTv.it" tvg-logo="https://api.rlaxxtv.com/images/channels/peopletv_colour.png" tvg-name="People Tv" tvg-chno="3317" group-title="RlaxxTV-Lifestyle & Entertainment",People Tv
plugin://plugin.video.wltvhelper/play/rlaxx/73$531
#EXTINF:-1 tvg-id="RlaxxPlayIbiza.it" tvg-logo="https://api.rlaxxtv.com/images/channels/playibiza_colour.png" tvg-name="Play Ibiza" tvg-chno="3318" group-title="RlaxxTV-Lifestyle & Entertainment",Play Ibiza
plugin://plugin.video.wltvhelper/play/rlaxx/141$804
#EXTINF:-1 tvg-id="RlaxxPopstarTv.it" tvg-logo="https://api.rlaxxtv.com/images/channels/popstartv_colour.png" tvg-name="Popstar! Tv" tvg-chno="3319" group-title="RlaxxTV-Lifestyle & Entertainment",Popstar! Tv
plugin://plugin.video.wltvhelper/play/rlaxx/101$845
#EXTINF:-1 tvg-id="RlaxxRevry.it" tvg-logo="https://api.rlaxxtv.com/images/channels/revry_colour.png" tvg-name="Revry" tvg-chno="3320" group-title="RlaxxTV-Lifestyle & Entertainment",Revry
plugin://plugin.video.wltvhelper/play/rlaxx/72$528
#EXTINF:-1 tvg-id="RlaxxSkwad.it" tvg-logo="https://api.rlaxxtv.com/images/channels/skwad_colour.png" tvg-name="Skwad" tvg-chno="3321" group-title="RlaxxTV-Lifestyle & Entertainment",Skwad
plugin://plugin.video.wltvhelper/play/rlaxx/35$142
#EXTINF:-1 tvg-id="RlaxxTheBoatShow.it" tvg-logo="https://api.rlaxxtv.com/images/channels/theboatshow_colour.png" tvg-name="The Boat Show" tvg-chno="3322" group-title="RlaxxTV-Lifestyle & Entertainment",The Boat Show
plugin://plugin.video.wltvhelper/play/rlaxx/7$38
#EXTINF:-1 tvg-id="RlaxxYachtInfluencer.it" tvg-logo="https://api.rlaxxtv.com/images/channels/yachtinfluencer_colour.png" tvg-name="Yacht Influencer" tvg-chno="3323" group-title="RlaxxTV-Lifestyle & Entertainment",Yacht Influencer
plugin://plugin.video.wltvhelper/play/rlaxx/212$884
#EXTINF:-1 tvg-id="RlaxxYgTv.it" tvg-logo="https://api.rlaxxtv.com/images/channels/ygtv_colour.png" tvg-name="Yg Tv" tvg-chno="3324" group-title="RlaxxTV-Lifestyle & Entertainment",Yg Tv
plugin://plugin.video.wltvhelper/play/rlaxx/78$459
#EXTINF:-1 tvg-id="RlaxxYoungHollywood.it" tvg-logo="https://api.rlaxxtv.com/images/channels/younghollywood_colour.png" tvg-name="Young Hollywood" tvg-chno="3325" group-title="RlaxxTV-Lifestyle & Entertainment",Young Hollywood
plugin://plugin.video.wltvhelper/play/rlaxx/33$127
#EXTINF:-1 tvg-id="RlaxxGasolineAlley.it" tvg-logo="https://api.rlaxxtv.com/images/channels/gasolinealley_colour.png" tvg-name="Gasoline Alley" tvg-chno="3326" group-title="RlaxxTV-Motorsports",Gasoline Alley
plugin://plugin.video.wltvhelper/play/rlaxx/151$844
#EXTINF:-1 tvg-id="RlaxxMotorRacing.it" tvg-logo="https://api.rlaxxtv.com/images/channels/motorracing_colour.png" tvg-name="Motor Racing" tvg-chno="3327" group-title="RlaxxTV-Motorsports",Motor Racing
plugin://plugin.video.wltvhelper/play/rlaxx/8$36
#EXTINF:-1 tvg-id="RlaxxMotorvision.it" tvg-logo="https://api.rlaxxtv.com/images/channels/motorvisiontv_colour.png" tvg-name="Motorvision" tvg-chno="3328" group-title="RlaxxTV-Motorsports",Motorvision
plugin://plugin.video.wltvhelper/play/rlaxx/115$745
#EXTINF:-1 tvg-id="RlaxxPowernationTv.it" tvg-logo="https://api.rlaxxtv.com/images/channels/powernation_colour.png" tvg-name="Powernation Tv" tvg-chno="3329" group-title="RlaxxTV-Motorsports",Powernation Tv
plugin://plugin.video.wltvhelper/play/rlaxx/47$269
#EXTINF:-1 tvg-id="RlaxxAZAmplify.it" tvg-logo="https://api.rlaxxtv.com/images/channels/azamplify_colour.png" tvg-name="A-Z Amplify" tvg-chno="3330" group-title="RlaxxTV-Movies & Series",A-Z Amplify
plugin://plugin.video.wltvhelper/play/rlaxx/110$777
#EXTINF:-1 tvg-id="RlaxxAfrolandtv.it" tvg-logo="https://api.rlaxxtv.com/images/channels/afrolandtv_colour.png" tvg-name="Afrolandtv" tvg-chno="3331" group-title="RlaxxTV-Movies & Series",Afrolandtv
plugin://plugin.video.wltvhelper/play/rlaxx/76$479
#EXTINF:-1 tvg-id="RlaxxCinemaSegreto.it" tvg-logo="https://api.rlaxxtv.com/images/channels/cinemasegreto_colour.png" tvg-name="Cinema Segreto" tvg-chno="3332" group-title="RlaxxTV-Movies & Series",Cinema Segreto
plugin://plugin.video.wltvhelper/play/rlaxx/119$771
#EXTINF:-1 tvg-id="RlaxxDaehanDrama.it" tvg-logo="https://api.rlaxxtv.com/images/channels/daehandrama_colour.png" tvg-name="Daehan Drama" tvg-chno="3333" group-title="RlaxxTV-Movies & Series",Daehan Drama
plugin://plugin.video.wltvhelper/play/rlaxx/167$862
#EXTINF:-1 tvg-id="RlaxxDarkCorners.it" tvg-logo="https://api.rlaxxtv.com/images/channels/darkcorners_colour.png" tvg-name="Dark Corners" tvg-chno="3334" group-title="RlaxxTV-Movies & Series",Dark Corners
plugin://plugin.video.wltvhelper/play/rlaxx/139$798
#EXTINF:-1 tvg-id="RlaxxFilm.it" tvg-logo="https://api.rlaxxtv.com/images/channels/rlaxxfilm_colour.png" tvg-name="Film" tvg-chno="3335" group-title="RlaxxTV-Movies & Series",Film
plugin://plugin.video.wltvhelper/play/rlaxx/94$687
#EXTINF:-1 tvg-id="RlaxxMas.it" tvg-logo="https://api.rlaxxtv.com/images/channels/rlaxxmas_colour.png" tvg-name="Mas" tvg-chno="3336" group-title="RlaxxTV-Movies & Series",Mas
plugin://plugin.video.wltvhelper/play/rlaxx/260$900
#EXTINF:-1 tvg-id="RlaxxMyBingeChannel.it" tvg-logo="https://api.rlaxxtv.com/images/channels/mybingechannel_colour.png" tvg-name="My Binge Channel" tvg-chno="3337" group-title="RlaxxTV-Movies & Series",My Binge Channel
plugin://plugin.video.wltvhelper/play/rlaxx/147$817
#EXTINF:-1 tvg-id="RlaxxNollywoodCapitalTv.it" tvg-logo="https://api.rlaxxtv.com/images/channels/nollywoodcapitaltv_colour.png" tvg-name="Nollywood Capital Tv" tvg-chno="3338" group-title="RlaxxTV-Movies & Series",Nollywood Capital Tv
plugin://plugin.video.wltvhelper/play/rlaxx/89$665
#EXTINF:-1 tvg-id="RlaxxSbsKDrama.it" tvg-logo="https://api.rlaxxtv.com/images/channels/sbs_colour.png" tvg-name="Sbs K-Drama" tvg-chno="3339" group-title="RlaxxTV-Movies & Series",Sbs K-Drama
plugin://plugin.video.wltvhelper/play/rlaxx/77$592
#EXTINF:-1 tvg-id="RlaxxTidpix.it" tvg-logo="https://api.rlaxxtv.com/images/channels/tidpix_colour.png" tvg-name="Tidpix" tvg-chno="3340" group-title="RlaxxTV-Movies & Series",Tidpix
plugin://plugin.video.wltvhelper/play/rlaxx/121$773
#EXTINF:-1 tvg-id="RlaxxWrldDrama.it" tvg-logo="https://api.rlaxxtv.com/images/channels/wrlddrama_colour.png" tvg-name="Wrld Drama" tvg-chno="3341" group-title="RlaxxTV-Movies & Series",Wrld Drama
plugin://plugin.video.wltvhelper/play/rlaxx/84$557
#EXTINF:-1 tvg-id="RlaxxWuTangCollection.it" tvg-logo="https://api.rlaxxtv.com/images/channels/wutangcollection_colour.png" tvg-name="Wu Tang Collection" tvg-chno="3342" group-title="RlaxxTV-Movies & Series",Wu Tang Collection
plugin://plugin.video.wltvhelper/play/rlaxx/137$786
#EXTINF:-1 tvg-id="RlaxxMusicLegends.it" tvg-logo="https://api.rlaxxtv.com/images/channels/musiclegends_colour.png" tvg-name="Music Legends" tvg-chno="3343" group-title="RlaxxTV-Music",Music Legends
plugin://plugin.video.wltvhelper/play/rlaxx/135$792
#EXTINF:-1 tvg-id="RlaxxNewKPop.it" tvg-logo="https://api.rlaxxtv.com/images/channels/newkpop_colour.png" tvg-name="New K-Pop" tvg-chno="3344" group-title="RlaxxTV-Music",New K-Pop
plugin://plugin.video.wltvhelper/play/rlaxx/79$608
#EXTINF:-1 tvg-id="RlaxxVevo.it" tvg-logo="https://api.rlaxxtv.com/images/channels/vevopop_colour.png" tvg-name="Vevo" tvg-chno="3345" group-title="RlaxxTV-Music",Vevo
plugin://plugin.video.wltvhelper/play/rlaxx/21$Vevo
#EXTINF:-1 tvg-id="RlaxxZutTv.it" tvg-logo="https://api.rlaxxtv.com/images/channels/zut_colour.png" tvg-name="Zut.Tv" tvg-chno="3346" group-title="RlaxxTV-Music",Zut.Tv
plugin://plugin.video.wltvhelper/play/rlaxx/122$782
#EXTINF:-1 tvg-id="RlaxxDwSelection.it" tvg-logo="https://api.rlaxxtv.com/images/channels/deutschewelle_colour.png" tvg-name="Dw Selection" tvg-chno="3347" group-title="RlaxxTV-News",Dw Selection
plugin://plugin.video.wltvhelper/play/rlaxx/145$809
#EXTINF:-1 tvg-id="RlaxxFednet.it" tvg-logo="https://api.rlaxxtv.com/images/channels/fednet_colour.png" tvg-name="Fednet" tvg-chno="3348" group-title="RlaxxTV-News",Fednet
plugin://plugin.video.wltvhelper/play/rlaxx/156$864
#EXTINF:-1 tvg-id="RlaxxDeluxeLoungeHd.it" tvg-logo="https://api.rlaxxtv.com/images/channels/deluxeloungehd_colour.png" tvg-name="Deluxe Lounge Hd" tvg-chno="3349" group-title="RlaxxTV-Slow TV",Deluxe Lounge Hd
plugin://plugin.video.wltvhelper/play/rlaxx/81$631
#EXTINF:-1 tvg-id="RlaxxNaturestreamTv.it" tvg-logo="https://api.rlaxxtv.com/images/channels/naturestreamtv_colour.png" tvg-name="Naturestream.Tv" tvg-chno="3350" group-title="RlaxxTV-Slow TV",Naturestream.Tv
plugin://plugin.video.wltvhelper/play/rlaxx/191$863
#EXTINF:-1 tvg-id="RlaxxSlowChannel.it" tvg-logo="https://api.rlaxxtv.com/images/channels/slowchannel_colour.png" tvg-name="Slow Channel" tvg-chno="3351" group-title="RlaxxTV-Slow TV",Slow Channel
plugin://plugin.video.wltvhelper/play/rlaxx/105$597
#EXTINF:-1 tvg-id="RlaxxSonicentric.it" tvg-logo="https://api.rlaxxtv.com/images/channels/sonicentric_colour.png" tvg-name="Sonicentric" tvg-chno="3352" group-title="RlaxxTV-Slow TV",Sonicentric
plugin://plugin.video.wltvhelper/play/rlaxx/87$620
#EXTINF:-1 tvg-id="RlaxxChannelFight.it" tvg-logo="https://api.rlaxxtv.com/images/channels/channelfight_colour.png" tvg-name="Channel Fight" tvg-chno="3353" group-title="RlaxxTV-Sports",Channel Fight
plugin://plugin.video.wltvhelper/play/rlaxx/36$139
#EXTINF:-1 tvg-id="RlaxxHorizonSports.it" tvg-logo="https://api.rlaxxtv.com/images/channels/horizonsports_colour.png" tvg-name="Horizon Sports" tvg-chno="3354" group-title="RlaxxTV-Sports",Horizon Sports
plugin://plugin.video.wltvhelper/play/rlaxx/9$33
#EXTINF:-1 tvg-id="RlaxxSkuffTv.it" tvg-logo="https://api.rlaxxtv.com/images/channels/skufftv_colour.png" tvg-name="Skuff Tv" tvg-chno="3355" group-title="RlaxxTV-Sports",Skuff Tv
plugin://plugin.video.wltvhelper/play/rlaxx/12$43
#EXTINF:-1 tvg-id="RlaxxSportoutdoorTv.it" tvg-logo="https://api.rlaxxtv.com/images/channels/sportoutdoortv_colour.png" tvg-name="Sportoutdoor.Tv" tvg-chno="3356" group-title="RlaxxTV-Sports",Sportoutdoor.Tv
plugin://plugin.video.wltvhelper/play/rlaxx/92$681
#EXTINF:-1 tvg-id="RlaxxWaiLanaYoga.it" tvg-logo="https://api.rlaxxtv.com/images/channels/wailana_colour.png" tvg-name="Wai Lana Yoga" tvg-chno="3357" group-title="RlaxxTV-Sports",Wai Lana Yoga
plugin://plugin.video.wltvhelper/play/rlaxx/216$886
#EXTINF:-1 tvg-id="RlaxxWnessTv.it" tvg-logo="https://api.rlaxxtv.com/images/channels/wnesstv_colour.png" tvg-name="Wness Tv" tvg-chno="3358" group-title="RlaxxTV-Sports",Wness Tv
plugin://plugin.video.wltvhelper/play/rlaxx/24$67
#EXTINF:-1 tvg-id="RlaxxWorldBilliardsTv.it" tvg-logo="https://api.rlaxxtv.com/images/channels/worldbilliardstv_colour.png" tvg-name="World Billiards Tv" tvg-chno="3359" group-title="RlaxxTV-Sports",World Billiards Tv
plugin://plugin.video.wltvhelper/play/rlaxx/75$564
#EXTINF:-1 tvg-id="RlaxxWorldPokerTour.it" tvg-logo="https://api.rlaxxtv.com/images/channels/worldpokertour_colour.png" tvg-name="World Poker Tour" tvg-chno="3360" group-title="RlaxxTV-Sports",World Poker Tour
plugin://plugin.video.wltvhelper/play/rlaxx/37$164