#EXTM3U
#EXTINF:-1 tvg-id="RakutenBabySharkTv.it" tvg-logo="https://images-3.rakuten.tv/storage/global-live-channel/translation/artwork_negative/dc09b67f-ecd9-4ef0-81b5-abf2f63ed26e-baby-shark-tv-1643365877.png" tvg-name="Baby Shark Tv" tvg-chno="3200" group-title="RakutenTV-Bambini",Baby Shark Tv
plugin://plugin.video.wltvhelper/play/rakuten/baby-shark-tv$ENG
#EXTINF:-1 tvg-id="RakutenBratTv.it" tvg-logo="https://images-1.rakuten.tv/storage/global-live-channel/translation/artwork_negative/50bff127-1e0a-47ae-9669-fc3638d5e0be-brat-tv-1643642819.png" tvg-name="Brat Tv" tvg-chno="3201" group-title="RakutenTV-Bambini",Brat Tv
plugin://plugin.video.wltvhelper/play/rakuten/brat-tv$ENG
#EXTINF:-1 tvg-id="RakutenWbTeletubbies.it" tvg-logo="https://images-0.rakuten.tv/storage/global-live-channel/translation/artwork_negative/f63dd5b0-f731-4142-8184-973820a1eba3-teletubbies-1646234926.png" tvg-name="Teletubbies" tvg-chno="3202" group-title="RakutenTV-Bambini",Teletubbies
plugin://plugin.video.wltvhelper/play/rakuten/wb-teletubbies-it$ITA
#EXTINF:-1 tvg-id="RakutenGustoTvNew.it" tvg-logo="https://images-0.rakuten.tv/storage/global-live-channel/translation/artwork_negative/f2a786f8-023b-489f-9529-1b6dbb0904fa-gusto-tv-1652347326.png" tvg-name="Gusto Tv" tvg-chno="3203" group-title="RakutenTV-Cucina",Gusto Tv
plugin://plugin.video.wltvhelper/play/rakuten/gusto-tv-new$ENG
#EXTINF:-1 tvg-id="RakutenCgtnDocumentary.it" tvg-logo="https://images-2.rakuten.tv/storage/global-live-channel/translation/artwork-negative/7ebb7426-d0c4-45fd-84c1-27cea41aaca4.png" tvg-name="Cgtn Documentary" tvg-chno="3204" group-title="RakutenTV-Documentari",Cgtn Documentary
plugin://plugin.video.wltvhelper/play/rakuten/cgtn-documentary$ENG
#EXTINF:-1 tvg-id="RakutenDocumentaries.it" tvg-logo="https://images-2.rakuten.tv/storage/global-live-channel/translation/artwork-negative/f4669a1f-946b-418d-8431-d09d6cd261f4.png" tvg-name="Documentari" tvg-chno="3205" group-title="RakutenTV-Documentari",Documentari
plugin://plugin.video.wltvhelper/play/rakuten/documentaries-it-rakuten-tv-55aba622-d23a-460c-ba26-53a58f265cd5$ITA
#EXTINF:-1 tvg-id="RakutenHouseOfDocs.it" tvg-logo="https://images-2.rakuten.tv/storage/global-live-channel/translation/artwork-negative/924a1908-5092-4648-9fb9-5b0d3c0bac2a.png" tvg-name="House Of Docs" tvg-chno="3206" group-title="RakutenTV-Documentari",House Of Docs
plugin://plugin.video.wltvhelper/play/rakuten/house-of-docs$ITA
#EXTINF:-1 tvg-id="RakutenWedoBigStories.it" tvg-logo="https://images-0.rakuten.tv/storage/global-live-channel/translation/artwork-negative/3ab29db3-e1fc-4f48-922b-fabc5429870a.png" tvg-name="Wedo Big Stories" tvg-chno="3207" group-title="RakutenTV-Documentari",Wedo Big Stories
plugin://plugin.video.wltvhelper/play/rakuten/wedo-big-stories$ITA
#EXTINF:-1 tvg-id="RakutenFamilyItRakutenTv.it" tvg-logo="https://images-0.rakuten.tv/storage/global-live-channel/translation/artwork-negative/f2d46b61-de75-4952-ada0-5087067eb2d1.png" tvg-name="100% Natale" tvg-chno="3208" group-title="RakutenTV-Film",100% Natale
plugin://plugin.video.wltvhelper/play/rakuten/family-it-rakuten-tv$SPA
#EXTINF:-1 tvg-id="RakutenActionItRakutenTv.it" tvg-logo="https://images-1.rakuten.tv/storage/global-live-channel/translation/artwork_negative/3d1bd134-0dfd-46c7-8450-841d67e82293-azione-rakuten-tv-1646655485.png" tvg-name="Azione" tvg-chno="3209" group-title="RakutenTV-Film",Azione
plugin://plugin.video.wltvhelper/play/rakuten/action-it-rakuten-tv$ITA
#EXTINF:-1 tvg-id="RakutenBizzarroMovies.it" tvg-logo="https://images-3.rakuten.tv/storage/global-live-channel/translation/artwork_negative/c31ac79b-0c30-4868-8780-ec52a0122fad-bizzarro-movies-1643643676.png" tvg-name="Bizzarro Movies" tvg-chno="3210" group-title="RakutenTV-Film",Bizzarro Movies
plugin://plugin.video.wltvhelper/play/rakuten/bizzarro-movies$ITA
#EXTINF:-1 tvg-id="RakutenCgCinemaDAutore.it" tvg-logo="https://images-2.rakuten.tv/storage/global-live-channel/translation/artwork-negative/57f3e07f-ebc1-4ae5-8007-72898022b929.png" tvg-name="Cg - Cinema D’Autore" tvg-chno="3211" group-title="RakutenTV-Film",Cg - Cinema D’Autore
plugin://plugin.video.wltvhelper/play/rakuten/cg-cinema-d-autore$ITA
#EXTINF:-1 tvg-id="RakutenCinemaItalianoRakutenTv.it" tvg-logo="https://images-0.rakuten.tv/storage/global-live-channel/translation/artwork-negative/659cefed-2c2f-4758-b110-a8ece2df376e.png" tvg-name="Cinema Italiano" tvg-chno="3212" group-title="RakutenTV-Film",Cinema Italiano
plugin://plugin.video.wltvhelper/play/rakuten/cinema-italiano-rakuten-tv$ITA
#EXTINF:-1 tvg-id="RakutenCinemaSegreto.it" tvg-logo="https://images-3.rakuten.tv/storage/global-live-channel/translation/artwork_negative/d69d1710-800f-45a5-898f-067b72d264e8-cinema-segreto-1643632860.png" tvg-name="Cinema Segreto" tvg-chno="3213" group-title="RakutenTV-Film",Cinema Segreto
plugin://plugin.video.wltvhelper/play/rakuten/cinema-segreto$ITA
#EXTINF:-1 tvg-id="RakutenComedyItRakutenTv.it" tvg-logo="https://images-1.rakuten.tv/storage/global-live-channel/translation/artwork-negative/75cfcbf1-ab2e-4dcb-8e8f-fe9713088f25.png" tvg-name="Commedia" tvg-chno="3214" group-title="RakutenTV-Film",Commedia
plugin://plugin.video.wltvhelper/play/rakuten/comedy-it-rakuten-tv$ITA
#EXTINF:-1 tvg-id="RakutenDarkMatterItNew.it" tvg-logo="https://images-2.rakuten.tv/storage/global-live-channel/translation/artwork_negative/0207eea4-bd60-443e-a43b-e3831f9286d8-dark-matter-1647608612.png" tvg-name="Dark Matter" tvg-chno="3215" group-title="RakutenTV-Film",Dark Matter
plugin://plugin.video.wltvhelper/play/rakuten/dark-matter-it-new$ITA
#EXTINF:-1 tvg-id="RakutenDramaItRakutenTv.it" tvg-logo="https://images-1.rakuten.tv/storage/global-live-channel/translation/artwork_negative/a8c508c9-46ef-4652-b689-5880c8f8f908-dramma-rakuten-tv-1646657012.png" tvg-name="Dramma" tvg-chno="3216" group-title="RakutenTV-Film",Dramma
plugin://plugin.video.wltvhelper/play/rakuten/drama-it-rakuten-tv$ITA
#EXTINF:-1 tvg-id="RakutenTopFreeItRakutenTv.it" tvg-logo="https://images-3.rakuten.tv/storage/global-live-channel/translation/artwork_negative/a292cc0c-fcf8-4188-a09a-f00b8e5fa724-film-top-rakuten-tv-1646658085.png" tvg-name="Film Top" tvg-chno="3217" group-title="RakutenTV-Film",Film Top
plugin://plugin.video.wltvhelper/play/rakuten/top-free-it-rakuten-tv$ITA
#EXTINF:-1 tvg-id="RakutenFullMoon.it" tvg-logo="https://images-0.rakuten.tv/storage/global-live-channel/translation/artwork-negative/2021756d-0664-4998-9203-c45564c5a168.png" tvg-name="Full Moon" tvg-chno="3218" group-title="RakutenTV-Film",Full Moon
plugin://plugin.video.wltvhelper/play/rakuten/full-moon$ITA
#EXTINF:-1 tvg-id="RakutenGrjngo.it" tvg-logo="https://images-1.rakuten.tv/storage/global-live-channel/translation/artwork-negative/db97aecb-a261-4783-ad91-2285164c4df4.png" tvg-name="Grjngo - Film Western" tvg-chno="3219" group-title="RakutenTV-Film",Grjngo - Film Western
plugin://plugin.video.wltvhelper/play/rakuten/grjngo-it$ITA
#EXTINF:-1 tvg-id="RakutenRomanceItRakutenTv.it" tvg-logo="https://images-0.rakuten.tv/storage/global-live-channel/translation/artwork_negative/3f41f735-f68b-43bb-8de8-c22f0bbe5ce7-romance-rakuten-tv-1646309955.png" tvg-name="Romance" tvg-chno="3220" group-title="RakutenTV-Film",Romance
plugin://plugin.video.wltvhelper/play/rakuten/romance-it-rakuten-tv$ITA
#EXTINF:-1 tvg-id="RakutenThrillerItRakutenTv.it" tvg-logo="https://images-3.rakuten.tv/storage/global-live-channel/translation/artwork-negative/d061559e-ba45-4475-aa7e-2b1f9391fd26.png" tvg-name="Thriller" tvg-chno="3221" group-title="RakutenTV-Film",Thriller
plugin://plugin.video.wltvhelper/play/rakuten/thriller-it-rakuten-tv$ITA
#EXTINF:-1 tvg-id="RakutenTrailers.it" tvg-logo="https://images-1.rakuten.tv/storage/global-live-channel/translation/artwork-negative/e21ecbee-e7f8-40f1-a4b7-0747eaa93659.png" tvg-name="Trailers" tvg-chno="3222" group-title="RakutenTV-Film",Trailers
plugin://plugin.video.wltvhelper/play/rakuten/trailers$ITA
#EXTINF:-1 tvg-id="RakutenWesternEPeplum.it" tvg-logo="https://images-2.rakuten.tv/storage/global-live-channel/translation/artwork-negative/e791b12a-f936-4eae-b9ec-8e32172bccd8.png" tvg-name="Wp - Western E Peplum" tvg-chno="3223" group-title="RakutenTV-Film",Wp - Western E Peplum
plugin://plugin.video.wltvhelper/play/rakuten/western-e-peplum$ITA
#EXTINF:-1 tvg-id="RakutenAfvFamily.it" tvg-logo="https://images-3.rakuten.tv/storage/global-live-channel/translation/artwork_negative/75e34884-a5af-4626-8b34-62b4fec72640-afv-family-1646815172.png" tvg-name="Afv Family" tvg-chno="3224" group-title="RakutenTV-Intrattenimento",Afv Family
plugin://plugin.video.wltvhelper/play/rakuten/afv-family$ENG
#EXTINF:-1 tvg-id="RakutenJukinFailArmyNew.it" tvg-logo="https://images-1.rakuten.tv/storage/global-live-channel/translation/artwork-negative/417f6bbf-4b14-456f-8e6b-2d753d7e4c40.png" tvg-name="Fail Army" tvg-chno="3225" group-title="RakutenTV-Intrattenimento",Fail Army
plugin://plugin.video.wltvhelper/play/rakuten/jukin-fail-army-new$ENG
#EXTINF:-1 tvg-id="RakutenJustForLaughsGags.it" tvg-logo="https://images-1.rakuten.tv/storage/global-live-channel/translation/artwork_negative/45b9610c-d499-490f-bd03-60214a96ceca-just-for-laughs-gags-1643371074.png" tvg-name="Just For Laughs Gags" tvg-chno="3226" group-title="RakutenTV-Intrattenimento",Just For Laughs Gags
plugin://plugin.video.wltvhelper/play/rakuten/just-for-laughs-gags-it$ZXX
#EXTINF:-1 tvg-id="RakutenPeopleAreAwesomeNew.it" tvg-logo="https://images-1.rakuten.tv/storage/global-live-channel/translation/artwork-negative/2c13f2a2-7742-4510-8958-6d64f72e5da8.png" tvg-name="People Are Awesome" tvg-chno="3227" group-title="RakutenTV-Intrattenimento",People Are Awesome
plugin://plugin.video.wltvhelper/play/rakuten/people-are-awesome-new$ENG
#EXTINF:-1 tvg-id="RakutenRevry.it" tvg-logo="https://images-2.rakuten.tv/storage/global-live-channel/translation/artwork_negative/46f6319f-0e04-4ed6-8a00-440666dc3453-revry-1643363456.png" tvg-name="Revry" tvg-chno="3228" group-title="RakutenTV-Intrattenimento",Revry
plugin://plugin.video.wltvhelper/play/rakuten/revry$ENG
#EXTINF:-1 tvg-id="RakutenThePetCollectiveNew.it" tvg-logo="https://images-2.rakuten.tv/storage/global-live-channel/translation/artwork-negative/c7373c20-c6a7-475f-b389-1492e92457e2.png" tvg-name="The Pet Collective" tvg-chno="3229" group-title="RakutenTV-Intrattenimento",The Pet Collective
plugin://plugin.video.wltvhelper/play/rakuten/the-pet-collective-new$ENG
#EXTINF:-1 tvg-id="RakutenBrindiamo.it" tvg-logo="https://images-3.rakuten.tv/storage/global-live-channel/translation/artwork_negative/64221926-5e74-449b-8a07-3769e3f6d6b6-brindiamo-1646234416.png" tvg-name="Brindiamo!" tvg-chno="3230" group-title="RakutenTV-Lifestyle",Brindiamo!
plugin://plugin.video.wltvhelper/play/rakuten/brindiamo$ITA
#EXTINF:-1 tvg-id="RakutenExplorerHd.it" tvg-logo="https://images-0.rakuten.tv/storage/global-live-channel/translation/artwork-negative/52ab1910-4788-4f67-b162-bc3154727d95.png" tvg-name="Explorer Hd Channel" tvg-chno="3231" group-title="RakutenTV-Lifestyle",Explorer Hd Channel
plugin://plugin.video.wltvhelper/play/rakuten/explorer-hd$ITA
#EXTINF:-1 tvg-id="RakutenFashionTv.it" tvg-logo="https://images-3.rakuten.tv/storage/global-live-channel/translation/artwork_negative/838ea64b-a331-4322-971a-3c8c52ac1124-fashion-tv-1643624523.png" tvg-name="Fashion Tv" tvg-chno="3232" group-title="RakutenTV-Lifestyle",Fashion Tv
plugin://plugin.video.wltvhelper/play/rakuten/fashion-tv$ENG
#EXTINF:-1 tvg-id="RakutenGq.it" tvg-logo="https://images-1.rakuten.tv/storage/global-live-channel/translation/artwork_negative/4187455c-6211-461b-a9aa-ff9dcc2fe9ac-gq-1643622818.png" tvg-name="Gq" tvg-chno="3233" group-title="RakutenTV-Lifestyle",Gq
plugin://plugin.video.wltvhelper/play/rakuten/gq$ENG
#EXTINF:-1 tvg-id="RakutenItalianFishing.it" tvg-logo="https://images-2.rakuten.tv/storage/global-live-channel/translation/artwork_negative/8488cf6a-bb6a-4df1-adf4-d66ff4b621ca-italian-fishing-tv-1643371244.png" tvg-name="Italian Fishing Tv" tvg-chno="3234" group-title="RakutenTV-Lifestyle",Italian Fishing Tv
plugin://plugin.video.wltvhelper/play/rakuten/italian-fishing$ITA
#EXTINF:-1 tvg-id="RakutenPowernation.it" tvg-logo="https://images-0.rakuten.tv/storage/global-live-channel/translation/artwork_negative/95468ebe-d839-4e7e-9067-7ac2ee9c0036-powernation-1643365512.png" tvg-name="Powernation" tvg-chno="3235" group-title="RakutenTV-Lifestyle",Powernation
plugin://plugin.video.wltvhelper/play/rakuten/powernation$ENG
#EXTINF:-1 tvg-id="RakutenTheDesignNetwork.it" tvg-logo="https://images-1.rakuten.tv/storage/global-live-channel/translation/artwork_negative/e70ec47c-129f-4a61-983f-551874a83159-the-design-network-1643292609.png" tvg-name="The Design Network" tvg-chno="3236" group-title="RakutenTV-Lifestyle",The Design Network
plugin://plugin.video.wltvhelper/play/rakuten/the-design-network$ENG
#EXTINF:-1 tvg-id="RakutenTravelxpEng.it" tvg-logo="https://images-2.rakuten.tv/storage/global-live-channel/translation/artwork-negative/e274a80e-f8ad-4cbd-b83b-02985eca9823.png" tvg-name="Travelxp" tvg-chno="3237" group-title="RakutenTV-Lifestyle",Travelxp
plugin://plugin.video.wltvhelper/play/rakuten/travelxp-eng$ENG
#EXTINF:-1 tvg-id="RakutenVanityFair.it" tvg-logo="https://images-0.rakuten.tv/storage/global-live-channel/translation/artwork_negative/1b8bb9c6-91dd-4b40-8613-e2dd07489c03-vanity-fair-1643288394.png" tvg-name="Vanity Fair" tvg-chno="3238" group-title="RakutenTV-Lifestyle",Vanity Fair
plugin://plugin.video.wltvhelper/play/rakuten/vanity-fair$ENG
#EXTINF:-1 tvg-id="RakutenVogue.it" tvg-logo="https://images-0.rakuten.tv/storage/global-live-channel/translation/artwork_negative/ef85df81-7294-43f0-9243-d37eaae14ac4-vogue-1643291259.png" tvg-name="Vogue" tvg-chno="3239" group-title="RakutenTV-Lifestyle",Vogue
plugin://plugin.video.wltvhelper/play/rakuten/vogue$ENG
#EXTINF:-1 tvg-id="RakutenClubbingTv.it" tvg-logo="https://images-3.rakuten.tv/storage/global-live-channel/translation/artwork_negative/1aaec372-7fec-4a8d-b172-4079f9ca5169-clubbing-tv-1643632560.png" tvg-name="Clubbing Tv" tvg-chno="3240" group-title="RakutenTV-Musica",Clubbing Tv
plugin://plugin.video.wltvhelper/play/rakuten/clubbing-tv$ENG
#EXTINF:-1 tvg-id="RakutenDeluxeLoungeHd.it" tvg-logo="https://images-0.rakuten.tv/storage/global-live-channel/translation/artwork-negative/c7d58e17-959f-4aa9-8724-eaf6f22ea2d5.png" tvg-name="Deluxe Lounge Hd" tvg-chno="3241" group-title="RakutenTV-Musica",Deluxe Lounge Hd
plugin://plugin.video.wltvhelper/play/rakuten/deluxe-lounge-hd$ZXX
#EXTINF:-1 tvg-id="RakutenNow80S.it" tvg-logo="https://images-2.rakuten.tv/storage/global-live-channel/translation/artwork-negative/0b130f43-b13e-4561-94c4-0edc75c80e07.png" tvg-name="Now 80S" tvg-chno="3242" group-title="RakutenTV-Musica",Now 80S
plugin://plugin.video.wltvhelper/play/rakuten/now-80s$ENG
#EXTINF:-1 tvg-id="RakutenNow70S.it" tvg-logo="https://images-3.rakuten.tv/storage/global-live-channel/translation/artwork-negative/43c5f8e8-cd68-4358-8e0d-c90247df6a3b.png" tvg-name="Now Christmas" tvg-chno="3243" group-title="RakutenTV-Musica",Now Christmas
plugin://plugin.video.wltvhelper/play/rakuten/now-70s$ENG
#EXTINF:-1 tvg-id="RakutenNow90S.it" tvg-logo="https://images-1.rakuten.tv/storage/global-live-channel/translation/artwork-negative/9a82889b-3845-47da-a232-21a01e16deca.png" tvg-name="Now Rock" tvg-chno="3244" group-title="RakutenTV-Musica",Now Rock
plugin://plugin.video.wltvhelper/play/rakuten/now-90s$ENG
#EXTINF:-1 tvg-id="RakutenQelloConcertsByStingray.it" tvg-logo="https://images-3.rakuten.tv/storage/global-live-channel/translation/artwork_negative/fb6d99f4-35ec-46e0-9870-2cfe97cab88a-qello-concerts-by-stingray-1651649672.png" tvg-name="Qello Concerts By Stingray" tvg-chno="3245" group-title="RakutenTV-Musica",Qello Concerts By Stingray
plugin://plugin.video.wltvhelper/play/rakuten/qello-concerts-by-stingray$ENG
#EXTINF:-1 tvg-id="RakutenQwestTv.it" tvg-logo="https://images-2.rakuten.tv/storage/global-live-channel/translation/artwork-negative/e416d800-d9aa-438f-a527-04dcaba97ec0.png" tvg-name="Qwest Tv" tvg-chno="3246" group-title="RakutenTV-Musica",Qwest Tv
plugin://plugin.video.wltvhelper/play/rakuten/qwest-tv$ENG
#EXTINF:-1 tvg-id="RakutenRadioItaliaTrend.it" tvg-logo="https://images-1.rakuten.tv/storage/global-live-channel/translation/artwork_negative/df4761b5-47a2-448e-a8db-6f44e337c8f7-radio-italia-trend-1643622224.png" tvg-name="Radio Italia Trend" tvg-chno="3247" group-title="RakutenTV-Musica",Radio Italia Trend
plugin://plugin.video.wltvhelper/play/rakuten/radio-italia-trend$ITA
#EXTINF:-1 tvg-id="RakutenStingrayGreatestHits.it" tvg-logo="https://images-0.rakuten.tv/storage/global-live-channel/translation/artwork_negative/ca1b7572-d0fd-45c7-84ac-6fea0b667587-stingray-greatest-hits-1643294994.png" tvg-name="Stingray Greatest Hits" tvg-chno="3248" group-title="RakutenTV-Musica",Stingray Greatest Hits
plugin://plugin.video.wltvhelper/play/rakuten/stingray-greatest-hits$ENG
#EXTINF:-1 tvg-id="RakutenStingrayHitList.it" tvg-logo="https://images-0.rakuten.tv/storage/global-live-channel/translation/artwork_negative/02de7106-2746-4129-9ef4-aa2f1b767634-stingray-hitlist-1643294954.png" tvg-name="Stingray: Hitlist" tvg-chno="3249" group-title="RakutenTV-Musica",Stingray: Hitlist
plugin://plugin.video.wltvhelper/play/rakuten/stingray-hit-list$ENG
#EXTINF:-1 tvg-id="RakutenStingrayRememberThe80S.it" tvg-logo="https://images-2.rakuten.tv/storage/global-live-channel/translation/artwork-negative/097e5a61-18cf-4483-a032-c4e4ac187964.png" tvg-name="Stingray: Remember The 80’S" tvg-chno="3250" group-title="RakutenTV-Musica",Stingray: Remember The 80’S
plugin://plugin.video.wltvhelper/play/rakuten/stingray-remember-the-80-s$ZXX
#EXTINF:-1 tvg-id="RakutenTraceUrban.it" tvg-logo="https://images-1.rakuten.tv/storage/global-live-channel/translation/artwork-negative/ba6dc147-e433-42dd-8d74-c3de7e244d28.png" tvg-name="Trace Urban" tvg-chno="3251" group-title="RakutenTV-Musica",Trace Urban
plugin://plugin.video.wltvhelper/play/rakuten/trace-urban$ZXX
#EXTINF:-1 tvg-id="RakutenAfricanewsEn.it" tvg-logo="https://images-0.rakuten.tv/storage/global-live-channel/translation/artwork-negative/b963095c-c4f5-470b-ad5a-1518f9eaf2a0.png" tvg-name="Africanews English" tvg-chno="3252" group-title="RakutenTV-Notizie",Africanews English
plugin://plugin.video.wltvhelper/play/rakuten/africanews-en$ENG
#EXTINF:-1 tvg-id="RakutenBloombergOriginals.it" tvg-logo="https://images-2.rakuten.tv/storage/global-live-channel/translation/artwork-negative/02f9d682-6b12-4918-96e5-13d82b8c2e93.png" tvg-name="Bloomberg Originals" tvg-chno="3253" group-title="RakutenTV-Notizie",Bloomberg Originals
plugin://plugin.video.wltvhelper/play/rakuten/bloomberg-originals$ENG
#EXTINF:-1 tvg-id="RakutenBloombergTvNew.it" tvg-logo="https://images-1.rakuten.tv/storage/global-live-channel/translation/artwork-negative/fc1bf17e-f19e-4009-bac8-8b684797eaa4.png" tvg-name="Bloomberg Television" tvg-chno="3254" group-title="RakutenTV-Notizie",Bloomberg Television
plugin://plugin.video.wltvhelper/play/rakuten/bloomberg-tv-new$ENG
#EXTINF:-1 tvg-id="RakutenCgtn.it" tvg-logo="https://images-0.rakuten.tv/storage/global-live-channel/translation/artwork-negative/7668fa21-f6d9-4cc5-9f74-cccd94e4c202.png" tvg-name="Cgtn" tvg-chno="3255" group-title="RakutenTV-Notizie",Cgtn
plugin://plugin.video.wltvhelper/play/rakuten/cgtn$ENG
#EXTINF:-1 tvg-id="RakutenEuronewsLive.it" tvg-logo="https://images-3.rakuten.tv/storage/global-live-channel/translation/artwork-negative/e9c77a74-7173-4321-92cf-20784909d68a.png" tvg-name="Euronews Diretta" tvg-chno="3256" group-title="RakutenTV-Notizie",Euronews Diretta
plugin://plugin.video.wltvhelper/play/rakuten/euronews-live-it$ITA
#EXTINF:-1 tvg-id="RakutenReuters.it" tvg-logo="https://images-2.rakuten.tv/storage/global-live-channel/translation/artwork_negative/14a6bea6-b1dc-4a60-a59a-bdf505a3ade3-reuters-1643363487.png" tvg-name="Reuters" tvg-chno="3257" group-title="RakutenTV-Notizie",Reuters
plugin://plugin.video.wltvhelper/play/rakuten/reuters$ENG
#EXTINF:-1 tvg-id="RakutenRevryNews.it" tvg-logo="https://images-0.rakuten.tv/storage/global-live-channel/translation/artwork_negative/be229e74-a8c8-4ca9-bc4e-81bb04275193-revry-news-1643363422.png" tvg-name="Revry News" tvg-chno="3258" group-title="RakutenTV-Notizie",Revry News
plugin://plugin.video.wltvhelper/play/rakuten/revry-news$ENG
#EXTINF:-1 tvg-id="RakutenTheGuardian.it" tvg-logo="https://images-3.rakuten.tv/storage/global-live-channel/translation/artwork_negative/51df1f33-dd95-4006-9cbb-517d911435e5-the-guardian-1643286112.png" tvg-name="The Guardian" tvg-chno="3259" group-title="RakutenTV-Notizie",The Guardian
plugin://plugin.video.wltvhelper/play/rakuten/the-guardian$ENG
#EXTINF:-1 tvg-id="RakutenTickerNews.it" tvg-logo="https://images-2.rakuten.tv/storage/global-live-channel/translation/artwork-negative/3af8dfdb-f2c6-466e-b042-f05295c40da1.png" tvg-name="Ticker News" tvg-chno="3260" group-title="RakutenTV-Notizie",Ticker News
plugin://plugin.video.wltvhelper/play/rakuten/ticker-news$ENG
#EXTINF:-1 tvg-id="RakutenAndromeda.it" tvg-logo="https://images-0.rakuten.tv/storage/global-live-channel/translation/artwork-negative/4e94284d-f26a-47e5-b85c-caabab3ee457.png" tvg-name="Andromeda" tvg-chno="3261" group-title="RakutenTV-Programmi TV",Andromeda
plugin://plugin.video.wltvhelper/play/rakuten/andromeda-it$ITA
#EXTINF:-1 tvg-id="RakutenFilmriseHighwayToHeaven.it" tvg-logo="https://images-2.rakuten.tv/storage/global-live-channel/translation/artwork-negative/2e18488c-789d-47fd-8b3b-09573913ca3e.png" tvg-name="Autostop Per Il Cielo" tvg-chno="3262" group-title="RakutenTV-Programmi TV",Autostop Per Il Cielo
plugin://plugin.video.wltvhelper/play/rakuten/filmrise-highway-to-heaven-it$ITA
#EXTINF:-1 tvg-id="RakutenBbcDrama.it" tvg-logo="https://images-1.rakuten.tv/storage/global-live-channel/translation/artwork_negative/c85763d6-ae7c-43f5-bdc3-5cb379ea3fe8-bbc-drama-1643286347.png" tvg-name="Bbc Drama" tvg-chno="3263" group-title="RakutenTV-Programmi TV",Bbc Drama
plugin://plugin.video.wltvhelper/play/rakuten/bbc-drama-it$ITA
#EXTINF:-1 tvg-id="RakutenBbcDoctorWho.it" tvg-logo="https://images-1.rakuten.tv/storage/global-live-channel/translation/artwork_negative/ebfc1589-980c-4956-98bb-935d7ad19bbb-doctor-who-1643286296.png" tvg-name="Doctor Who" tvg-chno="3264" group-title="RakutenTV-Programmi TV",Doctor Who
plugin://plugin.video.wltvhelper/play/rakuten/bbc-doctor-who-it$ITA
#EXTINF:-1 tvg-id="RakutenFilmriseSciFi.it" tvg-logo="https://images-3.rakuten.tv/storage/global-live-channel/translation/artwork_negative/ba0fa0a9-7e17-497e-abcc-9405dbb3a7f5-filmrise-sci-fi-1643623368.png" tvg-name="Filmrise Sci-Fi" tvg-chno="3265" group-title="RakutenTV-Programmi TV",Filmrise Sci-Fi
plugin://plugin.video.wltvhelper/play/rakuten/filmrise-sci-fi-it$ITA
#EXTINF:-1 tvg-id="RakutenCrimeSeriesItRakutenTv.it" tvg-logo="https://images-2.rakuten.tv/storage/global-live-channel/translation/artwork-negative/0e0a6638-7c4c-4065-82d7-a34d818388ee.png" tvg-name="Serie Crime" tvg-chno="3266" group-title="RakutenTV-Programmi TV",Serie Crime
plugin://plugin.video.wltvhelper/play/rakuten/crime-series-it-rakuten-tv$ITA
#EXTINF:-1 tvg-id="RakutenVikiNew.it" tvg-logo="https://images-2.rakuten.tv/storage/global-live-channel/translation/artwork-negative/38a298ea-4739-4ae9-b656-7f5881195c06.png" tvg-name="Viki" tvg-chno="3267" group-title="RakutenTV-Programmi TV",Viki
plugin://plugin.video.wltvhelper/play/rakuten/rakuten-viki-new$ENG
#EXTINF:-1 tvg-id="RakutenYuGiOh.it" tvg-logo="https://images-1.rakuten.tv/storage/global-live-channel/translation/artwork-negative/e5ae8af8-d49c-4d4d-afaf-be36e0c7a4c1.png" tvg-name="Yu-Gi-Oh!" tvg-chno="3268" group-title="RakutenTV-Programmi TV",Yu-Gi-Oh!
plugin://plugin.video.wltvhelper/play/rakuten/yu-gi-oh-it$ITA
#EXTINF:-1 tvg-id="RakutenStingrayNaturescape.it" tvg-logo="https://images-1.rakuten.tv/storage/global-live-channel/translation/artwork-negative/94c011e9-29e9-4c82-8b6a-724531958a55.png" tvg-name="Stingray Naturescape" tvg-chno="3269" group-title="RakutenTV-Slow TV",Stingray Naturescape
plugin://plugin.video.wltvhelper/play/rakuten/stingray-naturescape$ENG
#EXTINF:-1 tvg-id="RakutenWeatherSpyNew.it" tvg-logo="https://images-0.rakuten.tv/storage/global-live-channel/translation/artwork-negative/bfb62e18-ecb5-4923-8337-f74abec8ecb9.png" tvg-name="Weather Spy" tvg-chno="3270" group-title="RakutenTV-Slow TV",Weather Spy
plugin://plugin.video.wltvhelper/play/rakuten/weather-spy-new$ENG
#EXTINF:-1 tvg-id="RakutenEstv.it" tvg-logo="https://images-0.rakuten.tv/storage/global-live-channel/translation/artwork_negative/92406ad9-6540-4f34-b1a7-e0e5727ebfaf-estv-1643629973.png" tvg-name="Estv" tvg-chno="3271" group-title="RakutenTV-Sport",Estv
plugin://plugin.video.wltvhelper/play/rakuten/estv$ENG
#EXTINF:-1 tvg-id="RakutenFifaPlus.it" tvg-logo="https://images-2.rakuten.tv/storage/global-live-channel/translation/artwork-negative/ea446348-900c-4b3d-b724-4de6dd8ea124.png" tvg-name="Fifa+" tvg-chno="3272" group-title="RakutenTV-Sport",Fifa+
plugin://plugin.video.wltvhelper/play/rakuten/fifa-plus-it$ITA
#EXTINF:-1 tvg-id="RakutenFuelTvNew.it" tvg-logo="https://images-2.rakuten.tv/storage/global-live-channel/translation/artwork-negative/7215f877-03fa-406e-8b2e-2422eae88563.png" tvg-name="Fuel Tv" tvg-chno="3273" group-title="RakutenTV-Sport",Fuel Tv
plugin://plugin.video.wltvhelper/play/rakuten/fuel-tv-new$ENG
#EXTINF:-1 tvg-id="RakutenGloryKickboxing.it" tvg-logo="https://images-1.rakuten.tv/storage/global-live-channel/translation/artwork-negative/f7ff571e-aa81-41ce-a131-cf6f9a5cb3de.png" tvg-name="Glory Kickboxing" tvg-chno="3274" group-title="RakutenTV-Sport",Glory Kickboxing
plugin://plugin.video.wltvhelper/play/rakuten/glory-kickboxing$ENG
#EXTINF:-1 tvg-id="RakutenHardKnocksFightingChampionship.it" tvg-logo="https://images-0.rakuten.tv/storage/global-live-channel/translation/artwork_negative/2cd5ed64-21ce-4cfb-a28a-fa9572175a8e-hard-knocks-fighting-championship-1643622480.png" tvg-name="Hard Knocks Fighting Championship" tvg-chno="3275" group-title="RakutenTV-Sport",Hard Knocks Fighting Championship
plugin://plugin.video.wltvhelper/play/rakuten/hard-knocks-fighting-championship$ENG
#EXTINF:-1 tvg-id="RakutenHorizonsportsItalian.it" tvg-logo="https://images-1.rakuten.tv/storage/global-live-channel/translation/artwork-negative/d0762a9c-c152-45e7-8ff3-41d503264764.png" tvg-name="Horizon Sports" tvg-chno="3276" group-title="RakutenTV-Sport",Horizon Sports
plugin://plugin.video.wltvhelper/play/rakuten/horizonsports-italian$ITA
#EXTINF:-1 tvg-id="RakutenMavtvMotorsportsNetworkNew.it" tvg-logo="https://images-0.rakuten.tv/storage/global-live-channel/translation/artwork-negative/b4fb1a66-22eb-400e-bfe8-f0e115df6c9f.png" tvg-name="Mavtv Motorsports Network" tvg-chno="3277" group-title="RakutenTV-Sport",Mavtv Motorsports Network
plugin://plugin.video.wltvhelper/play/rakuten/mavtv-motorsports-network-new$ENG
#EXTINF:-1 tvg-id="RakutenAdventureSportsTv.it" tvg-logo="https://images-1.rakuten.tv/storage/global-live-channel/translation/artwork-negative/7f844dfd-6c60-4eec-af0e-08e582f2db66.png" tvg-name="Montagna!" tvg-chno="3278" group-title="RakutenTV-Sport",Montagna!
plugin://plugin.video.wltvhelper/play/rakuten/adventure-sports-tv-it$ITA
#EXTINF:-1 tvg-id="RakutenMotor1.it" tvg-logo="https://images-2.rakuten.tv/storage/global-live-channel/translation/artwork_negative/c1e7a6ab-943c-4b59-84aa-bd3f80a134dc-motor1-1643367442.png" tvg-name="Motor1" tvg-chno="3279" group-title="RakutenTV-Sport",Motor1
plugin://plugin.video.wltvhelper/play/rakuten/motor1$ITA
#EXTINF:-1 tvg-id="RakutenMotorsportTvEn.it" tvg-logo="https://images-1.rakuten.tv/storage/global-live-channel/translation/artwork-negative/79d2582f-4a7f-484a-80eb-6fbbac04eb71.png" tvg-name="Motorsport.Tv" tvg-chno="3280" group-title="RakutenTV-Sport",Motorsport.Tv
plugin://plugin.video.wltvhelper/play/rakuten/motorsport-tv-en$ENG
#EXTINF:-1 tvg-id="RakutenSportItalia.it" tvg-logo="https://images-0.rakuten.tv/storage/global-live-channel/translation/artwork_negative/ae70b6f8-8adb-4146-becd-4e069f5277c0-sport-italia-1643297885.png" tvg-name="Sport Italia" tvg-chno="3281" group-title="RakutenTV-Sport",Sport Italia
plugin://plugin.video.wltvhelper/play/rakuten/sport-italia$ITA
#EXTINF:-1 tvg-id="RakutenSportoutdoorTv.it" tvg-logo="https://images-2.rakuten.tv/storage/global-live-channel/translation/artwork_negative/f055b171-53af-4f86-bc52-f5ad89dc15a5-sportoutdoor-tv-1643297829.png" tvg-name="Sportoutdoor.Tv" tvg-chno="3282" group-title="RakutenTV-Sport",Sportoutdoor.Tv
plugin://plugin.video.wltvhelper/play/rakuten/sportoutdoor-tv$ITA
#EXTINF:-1 tvg-id="RakutenUsga.it" tvg-logo="https://images-1.rakuten.tv/storage/global-live-channel/translation/artwork_negative/d5e93492-f481-4de5-b8ba-3a00c80e4cfd-usga-1646235363.png" tvg-name="Usga" tvg-chno="3283" group-title="RakutenTV-Sport",Usga
plugin://plugin.video.wltvhelper/play/rakuten/usga$ENG
#EXTINF:-1 tvg-id="RakutenBilliardsTv.it" tvg-logo="https://images-3.rakuten.tv/storage/global-live-channel/translation/artwork_negative/f700e9a8-f1dc-4b40-8f3f-a387cfceb0d8-world-billiards-tv-1654685118.png" tvg-name="World Billiards Tv" tvg-chno="3284" group-title="RakutenTV-Sport",World Billiards Tv
plugin://plugin.video.wltvhelper/play/rakuten/billiards-tv$ENG
#EXTINF:-1 tvg-id="RakutenWorldPokerTour.it" tvg-logo="https://images-2.rakuten.tv/storage/global-live-channel/translation/artwork-negative/8baa58b6-ae65-46ae-a7ef-d4d0c1d2c8b9.png" tvg-name="World Poker Tour" tvg-chno="3285" group-title="RakutenTV-Sport",World Poker Tour
plugin://plugin.video.wltvhelper/play/rakuten/world-poker-tour$ENG