#EXTM3U
#EXTINF:-1 tvg-id="cinema-excelsior" tvg-logo="" tvg-name="Cinema Excelsior" tvg-chno="3400" group-title="WeDoTv",Cinema Excelsior
plugin://plugin.video.wltvhelper/play/wedotv/cinema-excelsior
#EXTINF:-1 tvg-id="house-of-docs" tvg-logo="" tvg-name="House Of Docs" tvg-chno="3401" group-title="WeDoTv",House Of Docs
plugin://plugin.video.wltvhelper/play/wedotv/house-of-docs
#EXTINF:-1 tvg-id="le-vite-degli-altri" tvg-logo="" tvg-name="Le Vite Degli Altri" tvg-chno="3402" group-title="WeDoTv",Le Vite Degli Altri
plugin://plugin.video.wltvhelper/play/wedotv/le-vite-degli-altri
#EXTINF:-1 tvg-id="love-the-planet-it" tvg-logo="" tvg-name="Love The Planet" tvg-chno="3403" group-title="WeDoTv",Love The Planet
plugin://plugin.video.wltvhelper/play/wedotv/love-the-planet-it
#EXTINF:-1 tvg-id="motorvision-tv-en" tvg-logo="" tvg-name="Motorvision Tv" tvg-chno="3404" group-title="WeDoTv",Motorvision Tv
plugin://plugin.video.wltvhelper/play/wedotv/motorvision-tv-en
#EXTINF:-1 tvg-id="nolly-africa" tvg-logo="" tvg-name="Nolly Africa" tvg-chno="3405" group-title="WeDoTv",Nolly Africa
plugin://plugin.video.wltvhelper/play/wedotv/nolly-africa
#EXTINF:-1 tvg-id="qwest-tv" tvg-logo="" tvg-name="Qwest Tv" tvg-chno="3406" group-title="WeDoTv",Qwest Tv
plugin://plugin.video.wltvhelper/play/wedotv/qwest-tv
#EXTINF:-1 tvg-id="shades-of-black" tvg-logo="" tvg-name="Shades Of Black" tvg-chno="3407" group-title="WeDoTv",Shades Of Black
plugin://plugin.video.wltvhelper/play/wedotv/shades-of-black
#EXTINF:-1 tvg-id="trailers-it" tvg-logo="" tvg-name="Trailers" tvg-chno="3408" group-title="WeDoTv",Trailers
plugin://plugin.video.wltvhelper/play/wedotv/trailers-it
#EXTINF:-1 tvg-id="wedobigdocs" tvg-logo="" tvg-name="Wedo Big Stories" tvg-chno="3409" group-title="WeDoTv",Wedo Big Stories
plugin://plugin.video.wltvhelper/play/wedotv/wedobigdocs
#EXTINF:-1 tvg-id="wedomovies_it" tvg-logo="" tvg-name="Wedomovies It" tvg-chno="3410" group-title="WeDoTv",Wedomovies It
plugin://plugin.video.wltvhelper/play/wedotv/wedomovies_it