#EXTM3U
#EXTINF:-1 tvg-id="Samsung100%NataleRakutenTv.it" tvg-logo="" tvg-name="100% Natale - Rakuten Tv" tvg-chno="2500" group-title="SamsungTV-Bambini",100% Natale - Rakuten Tv
https://i.mjh.nz/SamsungTVPlus/ITBA14000043B.m3u8
#EXTINF:-1 tvg-id="SamsungDucktv.it" tvg-logo="" tvg-name="Ducktv" tvg-chno="2501" group-title="SamsungTV-Bambini",Ducktv
https://i.mjh.nz/SamsungTVPlus/ITBC4700001E6.m3u8
#EXTINF:-1 tvg-id="SamsungHeidiMaya.it" tvg-logo="" tvg-name="Heidi & Maya" tvg-chno="2502" group-title="SamsungTV-Bambini",Heidi & Maya
https://i.mjh.nz/SamsungTVPlus/ITBD3200007SZ.m3u8
#EXTINF:-1 tvg-id="SamsungMondoTvKids.it" tvg-logo="" tvg-name="Mondo Tv Kids" tvg-chno="2503" group-title="SamsungTV-Bambini",Mondo Tv Kids
https://i.mjh.nz/SamsungTVPlus/ITBA3300020W1.m3u8
#EXTINF:-1 tvg-id="SamsungSuperIcarly.it" tvg-logo="" tvg-name="Super! Icarly" tvg-chno="2504" group-title="SamsungTV-Bambini",Super! Icarly
https://i.mjh.nz/SamsungTVPlus/ITAJ3800002PN.m3u8
#EXTINF:-1 tvg-id="SamsungSuperPop.it" tvg-logo="" tvg-name="Super! Pop" tvg-chno="2505" group-title="SamsungTV-Bambini",Super! Pop
https://i.mjh.nz/SamsungTVPlus/ITAJ3800010RX.m3u8
#EXTINF:-1 tvg-id="SamsungSuperSpongebob.it" tvg-logo="" tvg-name="Super! Spongebob" tvg-chno="2506" group-title="SamsungTV-Bambini",Super! Spongebob
https://i.mjh.nz/SamsungTVPlus/ITAJ380000343.m3u8
#EXTINF:-1 tvg-id="SamsungSupertoonsTv.it" tvg-logo="" tvg-name="Supertoons Tv" tvg-chno="2507" group-title="SamsungTV-Bambini",Supertoons Tv
https://i.mjh.nz/SamsungTVPlus/ITBA3300018TT.m3u8
#EXTINF:-1 tvg-id="SamsungTeletubbies.it" tvg-logo="" tvg-name="Teletubbies" tvg-chno="2508" group-title="SamsungTV-Bambini",Teletubbies
https://i.mjh.nz/SamsungTVPlus/ITBA1400010A5.m3u8
#EXTINF:-1 tvg-id="SamsungBelairTv.it" tvg-logo="" tvg-name="Belair Tv" tvg-chno="2509" group-title="SamsungTV-Documentari",Belair Tv
https://i.mjh.nz/SamsungTVPlus/ITBA3300040O8.m3u8
#EXTINF:-1 tvg-id="SamsungDateline24/7.it" tvg-logo="" tvg-name="Dateline 24/7" tvg-chno="2510" group-title="SamsungTV-Documentari",Dateline 24/7
https://i.mjh.nz/SamsungTVPlus/ITBD3700001TM.m3u8
#EXTINF:-1 tvg-id="SamsungDocumentariRakutenTv.it" tvg-logo="" tvg-name="Documentari - Rakuten Tv" tvg-chno="2511" group-title="SamsungTV-Documentari",Documentari - Rakuten Tv
https://i.mjh.nz/SamsungTVPlus/ITAJ4500021M7.m3u8
#EXTINF:-1 tvg-id="SamsungDolomitiLifeTv.it" tvg-logo="" tvg-name="Dolomiti Life Tv" tvg-chno="2512" group-title="SamsungTV-Documentari",Dolomiti Life Tv
https://i.mjh.nz/SamsungTVPlus/ITBD4100006EE.m3u8
#EXTINF:-1 tvg-id="SamsungGrandiDocumentariWedoBigStories.it" tvg-logo="" tvg-name="Grandi Documentari - Wedo Big Stories" tvg-chno="2513" group-title="SamsungTV-Documentari",Grandi Documentari - Wedo Big Stories
https://i.mjh.nz/SamsungTVPlus/ITBC35000016T.m3u8
#EXTINF:-1 tvg-id="SamsungHouseOfDocs.it" tvg-logo="" tvg-name="House Of Docs" tvg-chno="2514" group-title="SamsungTV-Documentari",House Of Docs
https://i.mjh.nz/SamsungTVPlus/ITBD1100001B7.m3u8
#EXTINF:-1 tvg-id="SamsungLoveThePlanet.it" tvg-logo="" tvg-name="Love The Planet" tvg-chno="2515" group-title="SamsungTV-Documentari",Love The Planet
https://i.mjh.nz/SamsungTVPlus/ITBC4700003GR.m3u8
#EXTINF:-1 tvg-id="SamsungWaterbear.it" tvg-logo="" tvg-name="Waterbear" tvg-chno="2516" group-title="SamsungTV-Documentari",Waterbear
https://i.mjh.nz/SamsungTVPlus/ITBA33000478X.m3u8
#EXTINF:-1 tvg-id="SamsungWildearth.it" tvg-logo="" tvg-name="Wildearth" tvg-chno="2517" group-title="SamsungTV-Documentari",Wildearth
https://i.mjh.nz/SamsungTVPlus/ITBA3300046KE.m3u8
#EXTINF:-1 tvg-id="SamsungAltaTensione.it" tvg-logo="" tvg-name="Alta Tensione" tvg-chno="2518" group-title="SamsungTV-Film",Alta Tensione
https://i.mjh.nz/SamsungTVPlus/ITBC1100001G5.m3u8
#EXTINF:-1 tvg-id="SamsungBizzarroMovies.it" tvg-logo="" tvg-name="Bizzarro Movies" tvg-chno="2519" group-title="SamsungTV-Film",Bizzarro Movies
https://i.mjh.nz/SamsungTVPlus/ITBA3300024IU.m3u8
#EXTINF:-1 tvg-id="SamsungCgCinemaDAutore.it" tvg-logo="" tvg-name="Cg - Cinema D'autore" tvg-chno="2520" group-title="SamsungTV-Film",Cg - Cinema D'autore
https://i.mjh.nz/SamsungTVPlus/ITBA14000093A.m3u8
#EXTINF:-1 tvg-id="SamsungCinemaExcelsior.it" tvg-logo="" tvg-name="Cinema Excelsior" tvg-chno="2521" group-title="SamsungTV-Film",Cinema Excelsior
https://i.mjh.nz/SamsungTVPlus/ITBD3200001VR.m3u8
#EXTINF:-1 tvg-id="SamsungCinemaSegreto.it" tvg-logo="" tvg-name="Cinema Segreto" tvg-chno="2522" group-title="SamsungTV-Film",Cinema Segreto
https://i.mjh.nz/SamsungTVPlus/ITBA33000238E.m3u8
#EXTINF:-1 tvg-id="SamsungCinemadame.it" tvg-logo="" tvg-name="Cinemadame" tvg-chno="2523" group-title="SamsungTV-Film",Cinemadame
https://i.mjh.nz/SamsungTVPlus/ITBD1400003D0.m3u8
#EXTINF:-1 tvg-id="SamsungCommediaRakutenTv.it" tvg-logo="" tvg-name="Commedia - Rakuten Tv" tvg-chno="2524" group-title="SamsungTV-Film",Commedia - Rakuten Tv
https://i.mjh.nz/SamsungTVPlus/ITAJ4500019R9.m3u8
#EXTINF:-1 tvg-id="SamsungDarkMatterTv.it" tvg-logo="" tvg-name="Dark Matter Tv" tvg-chno="2525" group-title="SamsungTV-Film",Dark Matter Tv
https://i.mjh.nz/SamsungTVPlus/ITBC400001LX.m3u8
#EXTINF:-1 tvg-id="SamsungDramaRakutenTv.it" tvg-logo="" tvg-name="Drama - Rakuten Tv" tvg-chno="2526" group-title="SamsungTV-Film",Drama - Rakuten Tv
https://i.mjh.nz/SamsungTVPlus/ITAJ4500020HT.m3u8
#EXTINF:-1 tvg-id="SamsungEastIsEast.it" tvg-logo="" tvg-name="East Is East" tvg-chno="2527" group-title="SamsungTV-Film",East Is East
https://i.mjh.nz/SamsungTVPlus/ITBD4100001MG.m3u8
#EXTINF:-1 tvg-id="SamsungFilmAlFemminileWedoMovies.it" tvg-logo="" tvg-name="Film Al Femminile - Wedo Movies" tvg-chno="2528" group-title="SamsungTV-Film",Film Al Femminile - Wedo Movies
https://i.mjh.nz/SamsungTVPlus/ITBC4700004EQ.m3u8
#EXTINF:-1 tvg-id="SamsungFilmDAzioneRakutenTv.it" tvg-logo="" tvg-name="Film D'azione - Rakuten Tv" tvg-chno="2529" group-title="SamsungTV-Film",Film D'azione - Rakuten Tv
https://i.mjh.nz/SamsungTVPlus/ITAJ45000188Z.m3u8
#EXTINF:-1 tvg-id="SamsungFilmESorrisi.it" tvg-logo="" tvg-name="Film E Sorrisi" tvg-chno="2530" group-title="SamsungTV-Film",Film E Sorrisi
https://i.mjh.nz/SamsungTVPlus/ITBD140000119.m3u8
#EXTINF:-1 tvg-id="SamsungFullMoon.it" tvg-logo="" tvg-name="Full Moon" tvg-chno="2531" group-title="SamsungTV-Film",Full Moon
https://i.mjh.nz/SamsungTVPlus/ITBC11000050E.m3u8
#EXTINF:-1 tvg-id="SamsungGrandiNomi.it" tvg-logo="" tvg-name="Grandi Nomi" tvg-chno="2532" group-title="SamsungTV-Film",Grandi Nomi
https://i.mjh.nz/SamsungTVPlus/ITBC1100003KC.m3u8
#EXTINF:-1 tvg-id="SamsungGrjngoFilmWestern.it" tvg-logo="" tvg-name="Grjngo- Film Western" tvg-chno="2533" group-title="SamsungTV-Film",Grjngo- Film Western
https://i.mjh.nz/SamsungTVPlus/ITBD10000019E.m3u8
#EXTINF:-1 tvg-id="SamsungLeViteDegliAltri.it" tvg-logo="" tvg-name="Le Vite Degli Altri" tvg-chno="2534" group-title="SamsungTV-Film",Le Vite Degli Altri
https://i.mjh.nz/SamsungTVPlus/ITBD3200002DU.m3u8
#EXTINF:-1 tvg-id="SamsungPlutoTvFilm.it" tvg-logo="" tvg-name="Pluto Tv Film" tvg-chno="2535" group-title="SamsungTV-Film",Pluto Tv Film
https://i.mjh.nz/SamsungTVPlus/ITAJ38000055E.m3u8
#EXTINF:-1 tvg-id="SamsungPlutoTvFilmAzione.it" tvg-logo="" tvg-name="Pluto Tv Film Azione" tvg-chno="2536" group-title="SamsungTV-Film",Pluto Tv Film Azione
https://i.mjh.nz/SamsungTVPlus/ITBC3000003CT.m3u8
#EXTINF:-1 tvg-id="SamsungPlutoTvFilmCommedia.it" tvg-logo="" tvg-name="Pluto Tv Film Commedia" tvg-chno="2537" group-title="SamsungTV-Film",Pluto Tv Film Commedia
https://i.mjh.nz/SamsungTVPlus/ITBC3000002WL.m3u8
#EXTINF:-1 tvg-id="SamsungPlutoTvFilmRomantici.it" tvg-logo="" tvg-name="Pluto Tv Film Romantici" tvg-chno="2538" group-title="SamsungTV-Film",Pluto Tv Film Romantici
https://i.mjh.nz/SamsungTVPlus/ITAJ3800009J1.m3u8
#EXTINF:-1 tvg-id="SamsungRisateAllItaliana.it" tvg-logo="" tvg-name="Risate All'italiana" tvg-chno="2539" group-title="SamsungTV-Film",Risate All'italiana
https://i.mjh.nz/SamsungTVPlus/ITBC1100008L4.m3u8
#EXTINF:-1 tvg-id="SamsungRomanceRakutenTv.it" tvg-logo="" tvg-name="Romance - Rakuten Tv" tvg-chno="2540" group-title="SamsungTV-Film",Romance - Rakuten Tv
https://i.mjh.nz/SamsungTVPlus/ITBC1100009AL.m3u8
#EXTINF:-1 tvg-id="SamsungSmile.it" tvg-logo="" tvg-name="Smile" tvg-chno="2541" group-title="SamsungTV-Film",Smile
https://i.mjh.nz/SamsungTVPlus/ITBC1100002ZU.m3u8
#EXTINF:-1 tvg-id="SamsungTopFilmRakutenTv.it" tvg-logo="" tvg-name="Top Film - Rakuten Tv" tvg-chno="2542" group-title="SamsungTV-Film",Top Film - Rakuten Tv
https://i.mjh.nz/SamsungTVPlus/ITBC1100007FN.m3u8
#EXTINF:-1 tvg-id="SamsungVelvet.it" tvg-logo="" tvg-name="Velvet" tvg-chno="2543" group-title="SamsungTV-Film",Velvet
https://i.mjh.nz/SamsungTVPlus/ITBC11000047F.m3u8
#EXTINF:-1 tvg-id="SamsungWp.it" tvg-logo="" tvg-name="Wp" tvg-chno="2544" group-title="SamsungTV-Film",Wp
https://i.mjh.nz/SamsungTVPlus/ITBB20000072M.m3u8
#EXTINF:-1 tvg-id="SamsungCanaleEuropa.it" tvg-logo="" tvg-name="Canale Europa" tvg-chno="2545" group-title="SamsungTV-Intrattenimento",Canale Europa
https://i.mjh.nz/SamsungTVPlus/ITBA1400003WT.m3u8
#EXTINF:-1 tvg-id="SamsungCatfish.it" tvg-logo="" tvg-name="Catfish" tvg-chno="2546" group-title="SamsungTV-Intrattenimento",Catfish
https://i.mjh.nz/SamsungTVPlus/ITAJ3800001Z4.m3u8
#EXTINF:-1 tvg-id="SamsungFailarmy.it" tvg-logo="" tvg-name="Failarmy" tvg-chno="2547" group-title="SamsungTV-Intrattenimento",Failarmy
https://i.mjh.nz/SamsungTVPlus/ITBA1400001QN.m3u8
#EXTINF:-1 tvg-id="SamsungJustForLaughs.it" tvg-logo="" tvg-name="Just For Laughs" tvg-chno="2548" group-title="SamsungTV-Intrattenimento",Just For Laughs
https://i.mjh.nz/SamsungTVPlus/ITBD600002HT.m3u8
#EXTINF:-1 tvg-id="SamsungPeopleAreAwesome.it" tvg-logo="" tvg-name="People Are Awesome" tvg-chno="2549" group-title="SamsungTV-Intrattenimento",People Are Awesome
https://i.mjh.nz/SamsungTVPlus/ITAJ4500022GD.m3u8
#EXTINF:-1 tvg-id="SamsungPlutoTvRealLife.it" tvg-logo="" tvg-name="Pluto Tv Real Life" tvg-chno="2550" group-title="SamsungTV-Intrattenimento",Pluto Tv Real Life
https://i.mjh.nz/SamsungTVPlus/ITAJ3800006UB.m3u8
#EXTINF:-1 tvg-id="SamsungPlutoTvReality.it" tvg-logo="" tvg-name="Pluto Tv Reality" tvg-chno="2551" group-title="SamsungTV-Intrattenimento",Pluto Tv Reality
https://i.mjh.nz/SamsungTVPlus/ITBC30000017U.m3u8
#EXTINF:-1 tvg-id="SamsungTeenVee.it" tvg-logo="" tvg-name="Teen Vee" tvg-chno="2552" group-title="SamsungTV-Intrattenimento",Teen Vee
https://i.mjh.nz/SamsungTVPlus/ITBC3500002SJ.m3u8
#EXTINF:-1 tvg-id="SamsungThePetCollective.it" tvg-logo="" tvg-name="The Pet Collective" tvg-chno="2553" group-title="SamsungTV-Intrattenimento",The Pet Collective
https://i.mjh.nz/SamsungTVPlus/ITAJ4500016FM.m3u8
#EXTINF:-1 tvg-id="SamsungTrailers.it" tvg-logo="" tvg-name="Trailers" tvg-chno="2554" group-title="SamsungTV-Intrattenimento",Trailers
https://i.mjh.nz/SamsungTVPlus/ITBA3300048YJ.m3u8
#EXTINF:-1 tvg-id="SamsungYamatoAnimation.it" tvg-logo="" tvg-name="Yamato Animation" tvg-chno="2555" group-title="SamsungTV-Intrattenimento",Yamato Animation
https://i.mjh.nz/SamsungTVPlus/ITBA1400007MX.m3u8
#EXTINF:-1 tvg-id="SamsungYuYuHakusho.it" tvg-logo="" tvg-name="Yu Yu Hakusho" tvg-chno="2556" group-title="SamsungTV-Intrattenimento",Yu Yu Hakusho
https://i.mjh.nz/SamsungTVPlus/ITBD100000507.m3u8
#EXTINF:-1 tvg-id="SamsungYuGiOh.it" tvg-logo="" tvg-name="Yu-Gi-Oh!" tvg-chno="2557" group-title="SamsungTV-Intrattenimento",Yu-Gi-Oh!
https://i.mjh.nz/SamsungTVPlus/ITBD1000003NB.m3u8
#EXTINF:-1 tvg-id="Samsung5MinutiCreativi.it" tvg-logo="" tvg-name="5-Minuti Creativi" tvg-chno="2558" group-title="SamsungTV-Lifestyle",5-Minuti Creativi
https://i.mjh.nz/SamsungTVPlus/ITBA33000374G.m3u8
#EXTINF:-1 tvg-id="SamsungBrindiamo.it" tvg-logo="" tvg-name="Brindiamo!" tvg-chno="2559" group-title="SamsungTV-Lifestyle",Brindiamo!
https://i.mjh.nz/SamsungTVPlus/ITBC400003Y7.m3u8
#EXTINF:-1 tvg-id="SamsungCaminetto.it" tvg-logo="" tvg-name="Caminetto" tvg-chno="2560" group-title="SamsungTV-Lifestyle",Caminetto
https://i.mjh.nz/SamsungTVPlus/ITBD15000010I.m3u8
#EXTINF:-1 tvg-id="SamsungExplorerHdChannel.it" tvg-logo="" tvg-name="Explorer Hd Channel" tvg-chno="2561" group-title="SamsungTV-Lifestyle",Explorer Hd Channel
https://i.mjh.nz/SamsungTVPlus/ITBC1100006SA.m3u8
#EXTINF:-1 tvg-id="SamsungFashionTv.it" tvg-logo="" tvg-name="Fashion Tv" tvg-chno="2562" group-title="SamsungTV-Lifestyle",Fashion Tv
https://i.mjh.nz/SamsungTVPlus/ITAJ4500017PG.m3u8
#EXTINF:-1 tvg-id="SamsungLifestyleByLei.it" tvg-logo="" tvg-name="Lifestyle By Lei" tvg-chno="2563" group-title="SamsungTV-Lifestyle",Lifestyle By Lei
https://i.mjh.nz/SamsungTVPlus/ITBD1900004MZ.m3u8
#EXTINF:-1 tvg-id="SamsungMoveItalianActiveLives.it" tvg-logo="" tvg-name="Move - Italian Active Lives" tvg-chno="2564" group-title="SamsungTV-Lifestyle",Move - Italian Active Lives
https://i.mjh.nz/SamsungTVPlus/ITBD300001GI.m3u8
#EXTINF:-1 tvg-id="SamsungTheBoatShow.it" tvg-logo="" tvg-name="The Boat Show" tvg-chno="2565" group-title="SamsungTV-Lifestyle",The Boat Show
https://i.mjh.nz/SamsungTVPlus/ITBD10000040W.m3u8
#EXTINF:-1 tvg-id="SamsungTravelLivingByDove.it" tvg-logo="" tvg-name="Travel & Living By Dove" tvg-chno="2566" group-title="SamsungTV-Lifestyle",Travel & Living By Dove
https://i.mjh.nz/SamsungTVPlus/ITBD1100005LL.m3u8
#EXTINF:-1 tvg-id="SamsungTravelxp.it" tvg-logo="" tvg-name="Travelxp" tvg-chno="2567" group-title="SamsungTV-Lifestyle",Travelxp
https://i.mjh.nz/SamsungTVPlus/ITBD1400002SH.m3u8
#EXTINF:-1 tvg-id="SamsungUTrend.it" tvg-logo="" tvg-name="U-Trend" tvg-chno="2568" group-title="SamsungTV-Lifestyle",U-Trend
https://i.mjh.nz/SamsungTVPlus/ITBD1300004A2.m3u8
#EXTINF:-1 tvg-id="SamsungWellbeingTv.it" tvg-logo="" tvg-name="Wellbeing Tv" tvg-chno="2569" group-title="SamsungTV-Lifestyle",Wellbeing Tv
https://i.mjh.nz/SamsungTVPlus/ITBA33000399U.m3u8
#EXTINF:-1 tvg-id="SamsungClubbingTv.it" tvg-logo="" tvg-name="Clubbing Tv" tvg-chno="2570" group-title="SamsungTV-Musica",Clubbing Tv
https://i.mjh.nz/SamsungTVPlus/ITBB1900001O3.m3u8
#EXTINF:-1 tvg-id="SamsungCmusic.it" tvg-logo="" tvg-name="Cmusic" tvg-chno="2571" group-title="SamsungTV-Musica",Cmusic
https://i.mjh.nz/SamsungTVPlus/ITBC400004TU.m3u8
#EXTINF:-1 tvg-id="SamsungDeluxeLoungeHd.it" tvg-logo="" tvg-name="Deluxe Lounge Hd" tvg-chno="2572" group-title="SamsungTV-Musica",Deluxe Lounge Hd
https://i.mjh.nz/SamsungTVPlus/ITBA1500001R6.m3u8
#EXTINF:-1 tvg-id="SamsungHipHopTv.it" tvg-logo="" tvg-name="Hip Hop Tv" tvg-chno="2573" group-title="SamsungTV-Musica",Hip Hop Tv
https://i.mjh.nz/SamsungTVPlus/ITBC11000108G.m3u8
#EXTINF:-1 tvg-id="SamsungQwestTv.it" tvg-logo="" tvg-name="Qwest Tv" tvg-chno="2574" group-title="SamsungTV-Musica",Qwest Tv
https://i.mjh.nz/SamsungTVPlus/ITBA2200001BV.m3u8
#EXTINF:-1 tvg-id="SamsungRadioItaliaTrend.it" tvg-logo="" tvg-name="Radio Italia Trend" tvg-chno="2575" group-title="SamsungTV-Musica",Radio Italia Trend
https://i.mjh.nz/SamsungTVPlus/ITBA2200008IM.m3u8
#EXTINF:-1 tvg-id="SamsungRockTv.it" tvg-logo="" tvg-name="Rock Tv" tvg-chno="2576" group-title="SamsungTV-Musica",Rock Tv
https://i.mjh.nz/SamsungTVPlus/ITBC1100011RK.m3u8
#EXTINF:-1 tvg-id="SamsungTraceLatina.it" tvg-logo="" tvg-name="Trace Latina" tvg-chno="2577" group-title="SamsungTV-Musica",Trace Latina
https://i.mjh.nz/SamsungTVPlus/ITBA3300042HE.m3u8
#EXTINF:-1 tvg-id="SamsungTraceUrban.it" tvg-logo="" tvg-name="Trace Urban" tvg-chno="2578" group-title="SamsungTV-Musica",Trace Urban
https://i.mjh.nz/SamsungTVPlus/ITBA3300041LY.m3u8
#EXTINF:-1 tvg-id="SamsungVevo70S80S.it" tvg-logo="" tvg-name="Vevo '70S & '80S" tvg-chno="2579" group-title="SamsungTV-Musica",Vevo '70S & '80S
https://i.mjh.nz/SamsungTVPlus/ITBD1900010JL.m3u8
#EXTINF:-1 tvg-id="SamsungVevo90S00S.it" tvg-logo="" tvg-name="Vevo '90S & '00S" tvg-chno="2580" group-title="SamsungTV-Musica",Vevo '90S & '00S
https://i.mjh.nz/SamsungTVPlus/ITBC210000200.m3u8
#EXTINF:-1 tvg-id="SamsungVevoNatale.it" tvg-logo="" tvg-name="Vevo Natale" tvg-chno="2581" group-title="SamsungTV-Musica",Vevo Natale
https://i.mjh.nz/SamsungTVPlus/ITBD3900001R2.m3u8
#EXTINF:-1 tvg-id="SamsungVevoPop.it" tvg-logo="" tvg-name="Vevo Pop" tvg-chno="2582" group-title="SamsungTV-Musica",Vevo Pop
https://i.mjh.nz/SamsungTVPlus/ITBC2100001G9.m3u8
#EXTINF:-1 tvg-id="SamsungVivaldiTv.it" tvg-logo="" tvg-name="Vivaldi Tv" tvg-chno="2583" group-title="SamsungTV-Musica",Vivaldi Tv
https://i.mjh.nz/SamsungTVPlus/ITBA3300036R8.m3u8
#EXTINF:-1 tvg-id="SamsungBloombergTv.it" tvg-logo="" tvg-name="Bloomberg Tv" tvg-chno="2584" group-title="SamsungTV-Notizie",Bloomberg Tv
https://i.mjh.nz/SamsungTVPlus/ITBA3300025F5.m3u8
#EXTINF:-1 tvg-id="SamsungCnbc.it" tvg-logo="" tvg-name="Cnbc" tvg-chno="2585" group-title="SamsungTV-Notizie",Cnbc
https://i.mjh.nz/SamsungTVPlus/ITBD3600002PA.m3u8
#EXTINF:-1 tvg-id="SamsungCnnFast.it" tvg-logo="" tvg-name="Cnn Fast" tvg-chno="2586" group-title="SamsungTV-Notizie",Cnn Fast
https://i.mjh.nz/SamsungTVPlus/ITBD19000097D.m3u8
#EXTINF:-1 tvg-id="SamsungEuronewsInDiretta.it" tvg-logo="" tvg-name="Euronews In Diretta" tvg-chno="2587" group-title="SamsungTV-Notizie",Euronews In Diretta
https://i.mjh.nz/SamsungTVPlus/ITAJ4500023ZX.m3u8
#EXTINF:-1 tvg-id="SamsungFrance24Fast.it" tvg-logo="" tvg-name="France 24 Fast" tvg-chno="2588" group-title="SamsungTV-Notizie",France 24 Fast
https://i.mjh.nz/SamsungTVPlus/ITBD1100002WX.m3u8
#EXTINF:-1 tvg-id="SamsungGiornaleRadioTv.it" tvg-logo="" tvg-name="Giornale Radio Tv" tvg-chno="2589" group-title="SamsungTV-Notizie",Giornale Radio Tv
https://i.mjh.nz/SamsungTVPlus/ITBB5000002N0.m3u8
#EXTINF:-1 tvg-id="SamsungLa7.it" tvg-logo="" tvg-name="La 7" tvg-chno="2590" group-title="SamsungTV-Notizie",La 7
https://i.mjh.nz/SamsungTVPlus/ITBD1500002NL.m3u8
#EXTINF:-1 tvg-id="SamsungNbcNewsNow.it" tvg-logo="" tvg-name="Nbc News Now" tvg-chno="2591" group-title="SamsungTV-Notizie",Nbc News Now
https://i.mjh.nz/SamsungTVPlus/ITBC4000028E.m3u8
#EXTINF:-1 tvg-id="SamsungTickerNews.it" tvg-logo="" tvg-name="Ticker News" tvg-chno="2592" group-title="SamsungTV-Notizie",Ticker News
https://i.mjh.nz/SamsungTVPlus/ITBA3300038LH.m3u8
#EXTINF:-1 tvg-id="SamsungAndromeda.it" tvg-logo="" tvg-name="Andromeda" tvg-chno="2593" group-title="SamsungTV-Serie TV",Andromeda
https://i.mjh.nz/SamsungTVPlus/ITBD3200003HL.m3u8
#EXTINF:-1 tvg-id="SamsungAutostopPerIlCielo.it" tvg-logo="" tvg-name="Autostop Per Il Cielo" tvg-chno="2594" group-title="SamsungTV-Serie TV",Autostop Per Il Cielo
https://i.mjh.nz/SamsungTVPlus/ITBD3200004KN.m3u8
#EXTINF:-1 tvg-id="SamsungBaywatch.it" tvg-logo="" tvg-name="Baywatch" tvg-chno="2595" group-title="SamsungTV-Serie TV",Baywatch
https://i.mjh.nz/SamsungTVPlus/ITBD1300001FA.m3u8
#EXTINF:-1 tvg-id="SamsungBbcDrama.it" tvg-logo="" tvg-name="Bbc Drama" tvg-chno="2596" group-title="SamsungTV-Serie TV",Bbc Drama
https://i.mjh.nz/SamsungTVPlus/ITAJ2900001V9.m3u8
#EXTINF:-1 tvg-id="SamsungConsulenzeIllegali.it" tvg-logo="" tvg-name="Consulenze Illegali" tvg-chno="2597" group-title="SamsungTV-Serie TV",Consulenze Illegali
https://i.mjh.nz/SamsungTVPlus/ITBC3000004PL.m3u8
#EXTINF:-1 tvg-id="SamsungDoctorWho.it" tvg-logo="" tvg-name="Doctor Who" tvg-chno="2598" group-title="SamsungTV-Serie TV",Doctor Who
https://i.mjh.nz/SamsungTVPlus/ITBB2000005X0.m3u8
#EXTINF:-1 tvg-id="SamsungMutantX.it" tvg-logo="" tvg-name="Mutant X" tvg-chno="2599" group-title="SamsungTV-Serie TV",Mutant X
https://i.mjh.nz/SamsungTVPlus/ITBD3200005YA.m3u8
#EXTINF:-1 tvg-id="SamsungPlutoTvSerie.it" tvg-logo="" tvg-name="Pluto Tv Serie" tvg-chno="2600" group-title="SamsungTV-Serie TV",Pluto Tv Serie
https://i.mjh.nz/SamsungTVPlus/ITAJ3800007P8.m3u8
#EXTINF:-1 tvg-id="SamsungSeriallyCrime.it" tvg-logo="" tvg-name="Serially Crime" tvg-chno="2601" group-title="SamsungTV-Serie TV",Serially Crime
https://i.mjh.nz/SamsungTVPlus/ITBD1000006RD.m3u8
#EXTINF:-1 tvg-id="SamsungSeriallyDrama.it" tvg-logo="" tvg-name="Serially Drama" tvg-chno="2602" group-title="SamsungTV-Serie TV",Serially Drama
https://i.mjh.nz/SamsungTVPlus/ITBD600001CL.m3u8
#EXTINF:-1 tvg-id="SamsungSerieCrimeRakutenTv.it" tvg-logo="" tvg-name="Serie Crime - Rakuten Tv" tvg-chno="2603" group-title="SamsungTV-Serie TV",Serie Crime - Rakuten Tv
https://i.mjh.nz/SamsungTVPlus/ITBD600003E2.m3u8
#EXTINF:-1 tvg-id="SamsungSerieTeen.it" tvg-logo="" tvg-name="Serie Teen" tvg-chno="2604" group-title="SamsungTV-Serie TV",Serie Teen
https://i.mjh.nz/SamsungTVPlus/ITAJ3800008QW.m3u8
#EXTINF:-1 tvg-id="SamsungSerieTvAsiaticheD’AzioneByLivTv.it" tvg-logo="" tvg-name="Serie Tv Asiatiche D’Azione By Liv Tv" tvg-chno="2605" group-title="SamsungTV-Serie TV",Serie Tv Asiatiche D’Azione By Liv Tv
https://i.mjh.nz/SamsungTVPlus/ITBD1900001R7.m3u8
#EXTINF:-1 tvg-id="SamsungTelevisaTelenovelas.it" tvg-logo="" tvg-name="Televisa Telenovelas" tvg-chno="2606" group-title="SamsungTV-Serie TV",Televisa Telenovelas
https://i.mjh.nz/SamsungTVPlus/ITBA14000026G.m3u8
#EXTINF:-1 tvg-id="SamsungFifa.it" tvg-logo="" tvg-name="Fifa" tvg-chno="2607" group-title="SamsungTV-Sport",Fifa
https://i.mjh.nz/SamsungTVPlus/ITBD1000002HF.m3u8
#EXTINF:-1 tvg-id="SamsungGctvGlobalChampionsTv.it" tvg-logo="" tvg-name="Gctv (Global Champions Tv)" tvg-chno="2608" group-title="SamsungTV-Sport",Gctv (Global Champions Tv)
https://i.mjh.nz/SamsungTVPlus/ITBD3600001Z9.m3u8
#EXTINF:-1 tvg-id="SamsungItalianFishingTv.it" tvg-logo="" tvg-name="Italian Fishing Tv" tvg-chno="2609" group-title="SamsungTV-Sport",Italian Fishing Tv
https://i.mjh.nz/SamsungTVPlus/ITBB2000001QB.m3u8
#EXTINF:-1 tvg-id="SamsungMotor1tv.it" tvg-logo="" tvg-name="Motor1tv" tvg-chno="2610" group-title="SamsungTV-Sport",Motor1tv
https://i.mjh.nz/SamsungTVPlus/ITAJ4500024DT.m3u8
#EXTINF:-1 tvg-id="SamsungRbn.it" tvg-logo="" tvg-name="Rbn" tvg-chno="2611" group-title="SamsungTV-Sport",Rbn
https://i.mjh.nz/SamsungTVPlus/ITBD2300001MT.m3u8
#EXTINF:-1 tvg-id="SamsungSolocalcio.it" tvg-logo="" tvg-name="Solocalcio" tvg-chno="2612" group-title="SamsungTV-Sport",Solocalcio
https://i.mjh.nz/SamsungTVPlus/ITBC4700002CO.m3u8
#EXTINF:-1 tvg-id="SamsungSportitalia.it" tvg-logo="" tvg-name="Sportitalia" tvg-chno="2613" group-title="SamsungTV-Sport",Sportitalia
https://i.mjh.nz/SamsungTVPlus/ITBA2200010O1.m3u8
#EXTINF:-1 tvg-id="SamsungSportoutdoorTv.it" tvg-logo="" tvg-name="Sportoutdoor.Tv" tvg-chno="2614" group-title="SamsungTV-Sport",Sportoutdoor.Tv
https://i.mjh.nz/SamsungTVPlus/ITBA3300022EA.m3u8
#EXTINF:-1 tvg-id="SamsungTvplay.it" tvg-logo="" tvg-name="Tvplay" tvg-chno="2615" group-title="SamsungTV-Sport",Tvplay
https://i.mjh.nz/SamsungTVPlus/ITBC3000007XK.m3u8
#EXTINF:-1 tvg-id="SamsungWorldPokerTour.it" tvg-logo="" tvg-name="World Poker Tour" tvg-chno="2616" group-title="SamsungTV-Sport",World Poker Tour
https://i.mjh.nz/SamsungTVPlus/ITBD29000015E.m3u8
#EXTINF:-1 tvg-id="SamsungHorizonsports.it" tvg-logo="" tvg-name="Horizonsports" tvg-chno="2617" group-title="SamsungTV-Sport estremi",Horizonsports
https://i.mjh.nz/SamsungTVPlus/ITBA1500002UB.m3u8
#EXTINF:-1 tvg-id="SamsungMontagna.it" tvg-logo="" tvg-name="Montagna!" tvg-chno="2618" group-title="SamsungTV-Sport estremi",Montagna!
https://i.mjh.nz/SamsungTVPlus/ITBC400005TF.m3u8