#EXTM3U
#EXTINF:-1 tvg-id="1 Music Channel Romania" tvg-logo="http://epg-guide.com/icn/tv.png" tvg-name="1 Music Channel Romania" tvg-chno="4000" group-title="RadioTv-EE",1 Music Channel Romania
https://tvchannels.worldtvlive.eu/tv/_webradio/live?channel=1%20Music%20Channel%20Romania&group=RadioTv-EE
#EXTINF:-1 tvg-id="1 Music Channel Ungheria" tvg-logo="http://epg-guide.com/icn/tv.png" tvg-name="1 Music Channel Ungheria" tvg-chno="4001" group-title="RadioTv-EE",1 Music Channel Ungheria
https://tvchannels.worldtvlive.eu/tv/_webradio/live?channel=1%20Music%20Channel%20Ungheria&group=RadioTv-EE
#EXTINF:-1 tvg-id="1mus.com" tvg-logo="http://epg-guide.com/icn/tv.png" tvg-name="1mus.com" tvg-chno="4002" group-title="RadioTv-EE",1mus.com
https://tvchannels.worldtvlive.eu/tv/_webradio/live?channel=1mus.com&group=RadioTv-EE
#EXTINF:-1 tvg-id="30A Music TV" tvg-logo="http://epg-guide.com/icn/tv.png" tvg-name="30A Music TV" tvg-chno="4003" group-title="RadioTv-EE",30A Music TV
https://tvchannels.worldtvlive.eu/tv/_webradio/live?channel=30A%20Music%20TV&group=RadioTv-EE
#EXTINF:-1 tvg-id="4 fun TV" tvg-logo="http://epg-guide.com/icn/tv.png" tvg-name="4 fun TV" tvg-chno="4004" group-title="RadioTv-EE",4 fun TV
https://tvchannels.worldtvlive.eu/tv/_webradio/live?channel=4%20fun%20TV&group=RadioTv-EE
#EXTINF:-1 tvg-id="7 channel" tvg-logo="http://epg-guide.com/icn/tv.png" tvg-name="7 channel" tvg-chno="4005" group-title="RadioTv-EE",7 channel
https://tvchannels.worldtvlive.eu/tv/_webradio/live?channel=7%20channel&group=RadioTv-EE
#EXTINF:-1 tvg-id="88 Stereo" tvg-logo="http://epg-guide.com/icn/tv.png" tvg-name="88 Stereo" tvg-chno="4006" group-title="RadioTv-EE",88 Stereo
https://tvchannels.worldtvlive.eu/tv/_webradio/live?channel=88%20Stereo&group=RadioTv-EE
#EXTINF:-1 tvg-id="90's Loop" tvg-logo="http://epg-guide.com/icn/tv.png" tvg-name="90's Loop" tvg-chno="4007" group-title="RadioTv-EE",90's Loop
https://tvchannels.worldtvlive.eu/tv/_webradio/live?channel=90's%20Loop&group=RadioTv-EE
#EXTINF:-1 tvg-id="91 NRG" tvg-logo="http://epg-guide.com/icn/tv.png" tvg-name="91 NRG" tvg-chno="4008" group-title="RadioTv-EE",91 NRG
https://tvchannels.worldtvlive.eu/tv/_webradio/live?channel=91%20NRG&group=RadioTv-EE
#EXTINF:-1 tvg-id="Activa TV España" tvg-logo="http://epg-guide.com/icn/tv.png" tvg-name="Activa TV España" tvg-chno="4009" group-title="RadioTv-EE",Activa TV España
https://tvchannels.worldtvlive.eu/tv/_webradio/live?channel=Activa%20TV%20Espa%C3%B1a&group=RadioTv-EE
#EXTINF:-1 tvg-id="Afro Beats" tvg-logo="http://epg-guide.com/icn/tv.png" tvg-name="Afro Beats" tvg-chno="4010" group-title="RadioTv-EE",Afro Beats
https://tvchannels.worldtvlive.eu/tv/_webradio/live?channel=Afro%20Beats&group=RadioTv-EE
#EXTINF:-1 tvg-id="Alb Music" tvg-logo="http://epg-guide.com/icn/tv.png" tvg-name="Alb Music" tvg-chno="4011" group-title="RadioTv-EE",Alb Music
https://tvchannels.worldtvlive.eu/tv/_webradio/live?channel=Alb%20Music&group=RadioTv-EE
#EXTINF:-1 tvg-id="Bahamas TV" tvg-logo="http://epg-guide.com/icn/tv.png" tvg-name="Bahamas TV" tvg-chno="4012" group-title="RadioTv-EE",Bahamas TV
https://tvchannels.worldtvlive.eu/tv/_webradio/live?channel=Bahamas%20TV&group=RadioTv-EE
#EXTINF:-1 tvg-id="Balkanika Music Television" tvg-logo="http://epg-guide.com/icn/tv.png" tvg-name="Balkanika Music Television" tvg-chno="4013" group-title="RadioTv-EE",Balkanika Music Television
https://tvchannels.worldtvlive.eu/tv/_webradio/live?channel=Balkanika%20Music%20Television&group=RadioTv-EE
#EXTINF:-1 tvg-id="Baraza TV" tvg-logo="http://epg-guide.com/icn/tv.png" tvg-name="Baraza TV" tvg-chno="4014" group-title="RadioTv-EE",Baraza TV
https://tvchannels.worldtvlive.eu/tv/_webradio/live?channel=Baraza%20TV&group=RadioTv-EE
#EXTINF:-1 tvg-id="BNO Brasil" tvg-logo="http://epg-guide.com/icn/tv.png" tvg-name="BNO Brasil" tvg-chno="4015" group-title="RadioTv-EE",BNO Brasil
https://tvchannels.worldtvlive.eu/tv/_webradio/live?channel=BNO%20Brasil&group=RadioTv-EE
#EXTINF:-1 tvg-id="Bonao Music TV" tvg-logo="http://epg-guide.com/icn/tv.png" tvg-name="Bonao Music TV" tvg-chno="4016" group-title="RadioTv-EE",Bonao Music TV
https://tvchannels.worldtvlive.eu/tv/_webradio/live?channel=Bonao%20Music%20TV&group=RadioTv-EE
#EXTINF:-1 tvg-id="Cadena Elite" tvg-logo="http://epg-guide.com/icn/tv.png" tvg-name="Cadena Elite" tvg-chno="4017" group-title="RadioTv-EE",Cadena Elite
https://tvchannels.worldtvlive.eu/tv/_webradio/live?channel=Cadena%20Elite&group=RadioTv-EE
#EXTINF:-1 tvg-id="California Music Channel" tvg-logo="http://epg-guide.com/icn/tv.png" tvg-name="California Music Channel" tvg-chno="4018" group-title="RadioTv-EE",California Music Channel
https://tvchannels.worldtvlive.eu/tv/_webradio/live?channel=California%20Music%20Channel&group=RadioTv-EE
#EXTINF:-1 tvg-id="California Music Channel Usa" tvg-logo="http://epg-guide.com/icn/tv.png" tvg-name="California Music Channel Usa" tvg-chno="4019" group-title="RadioTv-EE",California Music Channel Usa
https://tvchannels.worldtvlive.eu/tv/_webradio/live?channel=California%20Music%20Channel%20Usa&group=RadioTv-EE
#EXTINF:-1 tvg-id="Capital Fm Moscow" tvg-logo="http://epg-guide.com/icn/tv.png" tvg-name="Capital Fm Moscow" tvg-chno="4020" group-title="RadioTv-EE",Capital Fm Moscow
https://tvchannels.worldtvlive.eu/tv/_webradio/live?channel=Capital%20Fm%20Moscow&group=RadioTv-EE
#EXTINF:-1 tvg-id="City Music" tvg-logo="http://epg-guide.com/icn/tv.png" tvg-name="City Music" tvg-chno="4021" group-title="RadioTv-EE",City Music
https://tvchannels.worldtvlive.eu/tv/_webradio/live?channel=City%20Music&group=RadioTv-EE
#EXTINF:-1 tvg-id="Colosal TV HD" tvg-logo="http://epg-guide.com/icn/tv.png" tvg-name="Colosal TV HD" tvg-chno="4022" group-title="RadioTv-EE",Colosal TV HD
https://tvchannels.worldtvlive.eu/tv/_webradio/live?channel=Colosal%20TV%20HD&group=RadioTv-EE
#EXTINF:-1 tvg-id="Country Loop" tvg-logo="http://epg-guide.com/icn/tv.png" tvg-name="Country Loop" tvg-chno="4023" group-title="RadioTv-EE",Country Loop
https://tvchannels.worldtvlive.eu/tv/_webradio/live?channel=Country%20Loop&group=RadioTv-EE
#EXTINF:-1 tvg-id="Country Music 4U" tvg-logo="http://epg-guide.com/icn/tv.png" tvg-name="Country Music 4U" tvg-chno="4024" group-title="RadioTv-EE",Country Music 4U
https://tvchannels.worldtvlive.eu/tv/_webradio/live?channel=Country%20Music%204U&group=RadioTv-EE
#EXTINF:-1 tvg-id="DBM TV" tvg-logo="http://epg-guide.com/icn/tv.png" tvg-name="DBM TV" tvg-chno="4025" group-title="RadioTv-EE",DBM TV
https://tvchannels.worldtvlive.eu/tv/_webradio/live?channel=DBM%20TV&group=RadioTv-EE
#EXTINF:-1 tvg-id="Ditty TV" tvg-logo="http://epg-guide.com/icn/tv.png" tvg-name="Ditty TV" tvg-chno="4026" group-title="RadioTv-EE",Ditty TV
https://tvchannels.worldtvlive.eu/tv/_webradio/live?channel=Ditty%20TV&group=RadioTv-EE
#EXTINF:-1 tvg-id="DMF TV" tvg-logo="http://epg-guide.com/icn/tv.png" tvg-name="DMF TV" tvg-chno="4027" group-title="RadioTv-EE",DMF TV
https://tvchannels.worldtvlive.eu/tv/_webradio/live?channel=DMF%20TV&group=RadioTv-EE
#EXTINF:-1 tvg-id="Dream Türk TV" tvg-logo="http://epg-guide.com/icn/tv.png" tvg-name="Dream Türk TV" tvg-chno="4028" group-title="RadioTv-EE",Dream Türk TV
https://tvchannels.worldtvlive.eu/tv/_webradio/live?channel=Dream%20T%C3%BCrk%20TV&group=RadioTv-EE
#EXTINF:-1 tvg-id="Dream Türk TV 1" tvg-logo="http://epg-guide.com/icn/tv.png" tvg-name="Dream Türk TV 1" tvg-chno="4029" group-title="RadioTv-EE",Dream Türk TV 1
plugin://plugin.video.wltvhelper/play/dreamturk/DT
#EXTINF:-1 tvg-id="Euro Dance 90" tvg-logo="http://epg-guide.com/icn/tv.png" tvg-name="Euro Dance 90" tvg-chno="4030" group-title="RadioTv-EE",Euro Dance 90
https://tvchannels.worldtvlive.eu/tv/_webradio/live?channel=Euro%20Dance%2090&group=RadioTv-EE
#EXTINF:-1 tvg-id="Euro Indie Music" tvg-logo="http://epg-guide.com/icn/tv.png" tvg-name="Euro Indie Music" tvg-chno="4031" group-title="RadioTv-EE",Euro Indie Music
https://tvchannels.worldtvlive.eu/tv/_webradio/live?channel=Euro%20Indie%20Music&group=RadioTv-EE
#EXTINF:-1 tvg-id="EuroAl" tvg-logo="http://epg-guide.com/icn/tv.png" tvg-name="EuroAl" tvg-chno="4032" group-title="RadioTv-EE",EuroAl
https://tvchannels.worldtvlive.eu/tv/_webradio/live?channel=EuroAl&group=RadioTv-EE
#EXTINF:-1 tvg-id="EuroLatina TV España" tvg-logo="http://epg-guide.com/icn/tv.png" tvg-name="EuroLatina TV España" tvg-chno="4033" group-title="RadioTv-EE",EuroLatina TV España
https://tvchannels.worldtvlive.eu/tv/_webradio/live?channel=EuroLatina%20TV%20Espa%C3%B1a&group=RadioTv-EE
#EXTINF:-1 tvg-id="Fun Radio TV" tvg-logo="http://epg-guide.com/icn/tv.png" tvg-name="Fun Radio TV" tvg-chno="4034" group-title="RadioTv-EE",Fun Radio TV
https://tvchannels.worldtvlive.eu/tv/_webradio/live?channel=Fun%20Radio%20TV&group=RadioTv-EE
#EXTINF:-1 tvg-id="Globo TV" tvg-logo="http://epg-guide.com/icn/tv.png" tvg-name="Globo TV" tvg-chno="4035" group-title="RadioTv-EE",Globo TV
https://tvchannels.worldtvlive.eu/tv/_webradio/live?channel=Globo%20TV&group=RadioTv-EE
#EXTINF:-1 tvg-id="Go TV Austria" tvg-logo="http://epg-guide.com/icn/tv.png" tvg-name="Go TV Austria" tvg-chno="4036" group-title="RadioTv-EE",Go TV Austria
https://tvchannels.worldtvlive.eu/tv/_webradio/live?channel=Go%20TV%20Austria&group=RadioTv-EE
#EXTINF:-1 tvg-id="Go TV Joerd" tvg-logo="http://epg-guide.com/icn/tv.png" tvg-name="Go TV Joerd" tvg-chno="4037" group-title="RadioTv-EE",Go TV Joerd
https://tvchannels.worldtvlive.eu/tv/_webradio/live?channel=Go%20TV%20Joerd&group=RadioTv-EE
#EXTINF:-1 tvg-id="Hip Hop Loop" tvg-logo="http://epg-guide.com/icn/tv.png" tvg-name="Hip Hop Loop" tvg-chno="4038" group-title="RadioTv-EE",Hip Hop Loop
https://tvchannels.worldtvlive.eu/tv/_webradio/live?channel=Hip%20Hop%20Loop&group=RadioTv-EE
#EXTINF:-1 tvg-id="Hit Music" tvg-logo="http://epg-guide.com/icn/tv.png" tvg-name="Hit Music" tvg-chno="4039" group-title="RadioTv-EE",Hit Music
https://tvchannels.worldtvlive.eu/tv/_webradio/live?channel=Hit%20Music&group=RadioTv-EE
#EXTINF:-1 tvg-id="Hit Radio 03" tvg-logo="http://epg-guide.com/icn/tv.png" tvg-name="Hit Radio 03" tvg-chno="4040" group-title="RadioTv-EE",Hit Radio 03
https://tvchannels.worldtvlive.eu/tv/_webradio/live?channel=Hit%20Radio%2003&group=RadioTv-EE
#EXTINF:-1 tvg-id="Hottest Loop" tvg-logo="http://epg-guide.com/icn/tv.png" tvg-name="Hottest Loop" tvg-chno="4041" group-title="RadioTv-EE",Hottest Loop
https://tvchannels.worldtvlive.eu/tv/_webradio/live?channel=Hottest%20Loop&group=RadioTv-EE
#EXTINF:-1 tvg-id="Ibiza Global TV" tvg-logo="http://epg-guide.com/icn/tv.png" tvg-name="Ibiza Global TV" tvg-chno="4042" group-title="RadioTv-EE",Ibiza Global TV
https://tvchannels.worldtvlive.eu/tv/_webradio/live?channel=Ibiza%20Global%20TV&group=RadioTv-EE
#EXTINF:-1 tvg-id="Karibena TV" tvg-logo="http://epg-guide.com/icn/tv.png" tvg-name="Karibena TV" tvg-chno="4043" group-title="RadioTv-EE",Karibena TV
https://tvchannels.worldtvlive.eu/tv/_webradio/live?channel=Karibena%20TV&group=RadioTv-EE
#EXTINF:-1 tvg-id="kayhan TV" tvg-logo="http://epg-guide.com/icn/tv.png" tvg-name="kayhan TV" tvg-chno="4044" group-title="RadioTv-EE",kayhan TV
https://tvchannels.worldtvlive.eu/tv/_webradio/live?channel=kayhan%20TV&group=RadioTv-EE
#EXTINF:-1 tvg-id="Kiss TV" tvg-logo="http://epg-guide.com/icn/tv.png" tvg-name="Kiss TV" tvg-chno="4045" group-title="RadioTv-EE",Kiss TV
https://tvchannels.worldtvlive.eu/tv/_webradio/live?channel=Kiss%20TV&group=RadioTv-EE
#EXTINF:-1 tvg-id="Kronehit Austria" tvg-logo="http://epg-guide.com/icn/tv.png" tvg-name="Kronehit Austria" tvg-chno="4046" group-title="RadioTv-EE",Kronehit Austria
https://tvchannels.worldtvlive.eu/tv/_webradio/live?channel=Kronehit%20Austria&group=RadioTv-EE
#EXTINF:-1 tvg-id="La 90 Fm" tvg-logo="http://epg-guide.com/icn/tv.png" tvg-name="La 90 Fm" tvg-chno="4047" group-title="RadioTv-EE",La 90 Fm
https://tvchannels.worldtvlive.eu/tv/_webradio/live?channel=La%2090%20Fm&group=RadioTv-EE
#EXTINF:-1 tvg-id="La Mega Mundial" tvg-logo="http://epg-guide.com/icn/tv.png" tvg-name="La Mega Mundial" tvg-chno="4048" group-title="RadioTv-EE",La Mega Mundial
https://tvchannels.worldtvlive.eu/tv/_webradio/live?channel=La%20Mega%20Mundial&group=RadioTv-EE
#EXTINF:-1 tvg-id="Lux Fm TV" tvg-logo="http://epg-guide.com/icn/tv.png" tvg-name="Lux Fm TV" tvg-chno="4049" group-title="RadioTv-EE",Lux Fm TV
https://tvchannels.worldtvlive.eu/tv/_webradio/live?channel=Lux%20Fm%20TV&group=RadioTv-EE
#EXTINF:-1 tvg-id="Maimon TV" tvg-logo="http://epg-guide.com/icn/tv.png" tvg-name="Maimon TV" tvg-chno="4050" group-title="RadioTv-EE",Maimon TV
https://tvchannels.worldtvlive.eu/tv/_webradio/live?channel=Maimon%20TV&group=RadioTv-EE
#EXTINF:-1 tvg-id="Mega Exitos Television" tvg-logo="http://epg-guide.com/icn/tv.png" tvg-name="Mega Exitos Television" tvg-chno="4051" group-title="RadioTv-EE",Mega Exitos Television
https://tvchannels.worldtvlive.eu/tv/_webradio/live?channel=Mega%20Exitos%20Television&group=RadioTv-EE
#EXTINF:-1 tvg-id="Melody Channel" tvg-logo="http://epg-guide.com/icn/tv.png" tvg-name="Melody Channel" tvg-chno="4052" group-title="RadioTv-EE",Melody Channel
https://tvchannels.worldtvlive.eu/tv/_webradio/live?channel=Melody%20Channel&group=RadioTv-EE
#EXTINF:-1 tvg-id="MM TV" tvg-logo="http://epg-guide.com/icn/tv.png" tvg-name="MM TV" tvg-chno="4053" group-title="RadioTv-EE",MM TV
https://tvchannels.worldtvlive.eu/tv/_webradio/live?channel=MM%20TV&group=RadioTv-EE
#EXTINF:-1 tvg-id="Mola TV España" tvg-logo="http://epg-guide.com/icn/tv.png" tvg-name="Mola TV España" tvg-chno="4054" group-title="RadioTv-EE",Mola TV España
https://tvchannels.worldtvlive.eu/tv/_webradio/live?channel=Mola%20TV%20Espa%C3%B1a&group=RadioTv-EE
#EXTINF:-1 tvg-id="Muzzik live 1" tvg-logo="http://epg-guide.com/icn/tv.png" tvg-name="Muzzik live 1" tvg-chno="4055" group-title="RadioTv-EE",Muzzik live 1
https://tvchannels.worldtvlive.eu/tv/_webradio/live?channel=Muzzik%20live%201&group=RadioTv-EE
#EXTINF:-1 tvg-id="Muzzik live 2" tvg-logo="http://epg-guide.com/icn/tv.png" tvg-name="Muzzik live 2" tvg-chno="4056" group-title="RadioTv-EE",Muzzik live 2
https://tvchannels.worldtvlive.eu/tv/_webradio/live?channel=Muzzik%20live%202&group=RadioTv-EE
#EXTINF:-1 tvg-id="Muzzik live 3" tvg-logo="http://epg-guide.com/icn/tv.png" tvg-name="Muzzik live 3" tvg-chno="4057" group-title="RadioTv-EE",Muzzik live 3
https://tvchannels.worldtvlive.eu/tv/_webradio/live?channel=Muzzik%20live%203&group=RadioTv-EE
#EXTINF:-1 tvg-id="Muzzik live 4" tvg-logo="http://epg-guide.com/icn/tv.png" tvg-name="Muzzik live 4" tvg-chno="4058" group-title="RadioTv-EE",Muzzik live 4
https://tvchannels.worldtvlive.eu/tv/_webradio/live?channel=Muzzik%20live%204&group=RadioTv-EE
#EXTINF:-1 tvg-id="Muzzik live 5" tvg-logo="http://epg-guide.com/icn/tv.png" tvg-name="Muzzik live 5" tvg-chno="4059" group-title="RadioTv-EE",Muzzik live 5
https://tvchannels.worldtvlive.eu/tv/_webradio/live?channel=Muzzik%20live%205&group=RadioTv-EE
#EXTINF:-1 tvg-id="Muzzik live 6" tvg-logo="http://epg-guide.com/icn/tv.png" tvg-name="Muzzik live 6" tvg-chno="4060" group-title="RadioTv-EE",Muzzik live 6
https://tvchannels.worldtvlive.eu/tv/_webradio/live?channel=Muzzik%20live%206&group=RadioTv-EE
#EXTINF:-1 tvg-id="Muzzik live 7" tvg-logo="http://epg-guide.com/icn/tv.png" tvg-name="Muzzik live 7" tvg-chno="4061" group-title="RadioTv-EE",Muzzik live 7
https://tvchannels.worldtvlive.eu/tv/_webradio/live?channel=Muzzik%20live%207&group=RadioTv-EE
#EXTINF:-1 tvg-id="Muzzik live 8" tvg-logo="http://epg-guide.com/icn/tv.png" tvg-name="Muzzik live 8" tvg-chno="4062" group-title="RadioTv-EE",Muzzik live 8
https://tvchannels.worldtvlive.eu/tv/_webradio/live?channel=Muzzik%20live%208&group=RadioTv-EE
#EXTINF:-1 tvg-id="Nago TV" tvg-logo="http://epg-guide.com/icn/tv.png" tvg-name="Nago TV" tvg-chno="4063" group-title="RadioTv-EE",Nago TV
https://tvchannels.worldtvlive.eu/tv/_webradio/live?channel=Nago%20TV&group=RadioTv-EE
#EXTINF:-1 tvg-id="NG Radio TV" tvg-logo="http://epg-guide.com/icn/tv.png" tvg-name="NG Radio TV" tvg-chno="4064" group-title="RadioTv-EE",NG Radio TV
https://tvchannels.worldtvlive.eu/tv/_webradio/live?channel=NG%20Radio%20TV&group=RadioTv-EE
#EXTINF:-1 tvg-id="Now 70's" tvg-logo="http://epg-guide.com/icn/tv.png" tvg-name="Now 70's" tvg-chno="4065" group-title="RadioTv-EE",Now 70's
https://tvchannels.worldtvlive.eu/tv/_webradio/live?channel=Now%2070's&group=RadioTv-EE
#EXTINF:-1 tvg-id="Now 80's" tvg-logo="http://epg-guide.com/icn/tv.png" tvg-name="Now 80's" tvg-chno="4066" group-title="RadioTv-EE",Now 80's
https://tvchannels.worldtvlive.eu/tv/_webradio/live?channel=Now%2080's&group=RadioTv-EE
#EXTINF:-1 tvg-id="Now 90's" tvg-logo="http://epg-guide.com/icn/tv.png" tvg-name="Now 90's" tvg-chno="4067" group-title="RadioTv-EE",Now 90's
https://tvchannels.worldtvlive.eu/tv/_webradio/live?channel=Now%2090's&group=RadioTv-EE
#EXTINF:-1 tvg-id="Nrj Hits TV" tvg-logo="http://epg-guide.com/icn/tv.png" tvg-name="Nrj Hits TV" tvg-chno="4068" group-title="RadioTv-EE",Nrj Hits TV
https://tvchannels.worldtvlive.eu/tv/_webradio/live?channel=Nrj%20Hits%20TV&group=RadioTv-EE
#EXTINF:-1 tvg-id="Ocko Star" tvg-logo="http://epg-guide.com/icn/tv.png" tvg-name="Ocko Star" tvg-chno="4069" group-title="RadioTv-EE",Ocko Star
https://tvchannels.worldtvlive.eu/tv/_webradio/live?channel=Ocko%20Star&group=RadioTv-EE
#EXTINF:-1 tvg-id="Ocko TV" tvg-logo="http://epg-guide.com/icn/tv.png" tvg-name="Ocko TV" tvg-chno="4070" group-title="RadioTv-EE",Ocko TV
https://tvchannels.worldtvlive.eu/tv/_webradio/live?channel=Ocko%20TV&group=RadioTv-EE
#EXTINF:-1 tvg-id="Ocko TV Express" tvg-logo="http://epg-guide.com/icn/tv.png" tvg-name="Ocko TV Express" tvg-chno="4071" group-title="RadioTv-EE",Ocko TV Express
https://tvchannels.worldtvlive.eu/tv/_webradio/live?channel=Ocko%20TV%20Express&group=RadioTv-EE
#EXTINF:-1 tvg-id="ON TV Portugal" tvg-logo="http://epg-guide.com/icn/tv.png" tvg-name="ON TV Portugal" tvg-chno="4072" group-title="RadioTv-EE",ON TV Portugal
https://tvchannels.worldtvlive.eu/tv/_webradio/live?channel=ON%20TV%20Portugal&group=RadioTv-EE
#EXTINF:-1 tvg-id="Onda Digital" tvg-logo="http://epg-guide.com/icn/tv.png" tvg-name="Onda Digital" tvg-chno="4073" group-title="RadioTv-EE",Onda Digital
https://tvchannels.worldtvlive.eu/tv/_webradio/live?channel=Onda%20Digital&group=RadioTv-EE
#EXTINF:-1 tvg-id="Onda TV 10" tvg-logo="http://epg-guide.com/icn/tv.png" tvg-name="Onda TV 10" tvg-chno="4074" group-title="RadioTv-EE",Onda TV 10
https://tvchannels.worldtvlive.eu/tv/_webradio/live?channel=Onda%20TV%2010&group=RadioTv-EE
#EXTINF:-1 tvg-id="Party Loop" tvg-logo="http://epg-guide.com/icn/tv.png" tvg-name="Party Loop" tvg-chno="4075" group-title="RadioTv-EE",Party Loop
https://tvchannels.worldtvlive.eu/tv/_webradio/live?channel=Party%20Loop&group=RadioTv-EE
#EXTINF:-1 tvg-id="Persiana Sonnati" tvg-logo="https://www.lyngsat.com/logo/tv/pp/persiana-sonnati-fr.png" tvg-name="Persiana Sonnati" tvg-chno="4076" group-title="RadioTv-EE",Persiana Sonnati
https://tvchannels.worldtvlive.eu/tv/_webradio/live?channel=Persiana%20Sonnati&group=RadioTv-EE
#EXTINF:-1 tvg-id="Portal Fox Mix" tvg-logo="http://epg-guide.com/icn/tv.png" tvg-name="Portal Fox Mix" tvg-chno="4077" group-title="RadioTv-EE",Portal Fox Mix
https://tvchannels.worldtvlive.eu/tv/_webradio/live?channel=Portal%20Fox%20Mix&group=RadioTv-EE
#EXTINF:-1 tvg-id="Power HD" tvg-logo="http://epg-guide.com/icn/tv.png" tvg-name="Power HD" tvg-chno="4078" group-title="RadioTv-EE",Power HD
https://tvchannels.worldtvlive.eu/tv/_webradio/live?channel=Power%20HD&group=RadioTv-EE
#EXTINF:-1 tvg-id="Power TV HD" tvg-logo="http://epg-guide.com/icn/tv.png" tvg-name="Power TV HD" tvg-chno="4079" group-title="RadioTv-EE",Power TV HD
https://tvchannels.worldtvlive.eu/tv/_webradio/live?channel=Power%20TV%20HD&group=RadioTv-EE
#EXTINF:-1 tvg-id="Q Music TV" tvg-logo="http://epg-guide.com/icn/tv.png" tvg-name="Q Music TV" tvg-chno="4080" group-title="RadioTv-EE",Q Music TV
https://tvchannels.worldtvlive.eu/tv/_webradio/live?channel=Q%20Music%20TV&group=RadioTv-EE
#EXTINF:-1 tvg-id="Radio 21 Rock'n Pop Alemania" tvg-logo="http://epg-guide.com/icn/tv.png" tvg-name="Radio 21 Rock'n Pop Alemania" tvg-chno="4081" group-title="RadioTv-EE",Radio 21 Rock'n Pop Alemania
https://tvchannels.worldtvlive.eu/tv/_webradio/live?channel=Radio%2021%20Rock'n%20Pop%20Alemania&group=RadioTv-EE
#EXTINF:-1 tvg-id="Radio Contact Vision" tvg-logo="http://epg-guide.com/icn/tv.png" tvg-name="Radio Contact Vision" tvg-chno="4082" group-title="RadioTv-EE",Radio Contact Vision
https://tvchannels.worldtvlive.eu/tv/_webradio/live?channel=Radio%20Contact%20Vision&group=RadioTv-EE
#EXTINF:-1 tvg-id="Radio Pros" tvg-logo="http://epg-guide.com/icn/tv.png" tvg-name="Radio Pros" tvg-chno="4083" group-title="RadioTv-EE",Radio Pros
https://tvchannels.worldtvlive.eu/tv/_webradio/live?channel=Radio%20Pros&group=RadioTv-EE
#EXTINF:-1 tvg-id="Radio Van" tvg-logo="http://epg-guide.com/icn/tv.png" tvg-name="Radio Van" tvg-chno="4084" group-title="RadioTv-EE",Radio Van
https://tvchannels.worldtvlive.eu/tv/_webradio/live?channel=Radio%20Van&group=RadioTv-EE
#EXTINF:-1 tvg-id="RadioU TV" tvg-logo="http://epg-guide.com/icn/tv.png" tvg-name="RadioU TV" tvg-chno="4085" group-title="RadioTv-EE",RadioU TV
https://tvchannels.worldtvlive.eu/tv/_webradio/live?channel=RadioU%20TV&group=RadioTv-EE
#EXTINF:-1 tvg-id="Retro Music" tvg-logo="http://epg-guide.com/icn/tv.png" tvg-name="Retro Music" tvg-chno="4086" group-title="RadioTv-EE",Retro Music
https://tvchannels.worldtvlive.eu/tv/_webradio/live?channel=Retro%20Music&group=RadioTv-EE
#EXTINF:-1 tvg-id="Retro Plus TV" tvg-logo="http://epg-guide.com/icn/tv.png" tvg-name="Retro Plus TV" tvg-chno="4087" group-title="RadioTv-EE",Retro Plus TV
https://tvchannels.worldtvlive.eu/tv/_webradio/live?channel=Retro%20Plus%20TV&group=RadioTv-EE
#EXTINF:-1 tvg-id="Rock TV Romania" tvg-logo="http://epg-guide.com/icn/tv.png" tvg-name="Rock TV Romania" tvg-chno="4088" group-title="RadioTv-EE",Rock TV Romania
https://tvchannels.worldtvlive.eu/tv/_webradio/live?channel=Rock%20TV%20Romania&group=RadioTv-EE
#EXTINF:-1 tvg-id="Rouge TV" tvg-logo="http://epg-guide.com/icn/tv.png" tvg-name="Rouge TV" tvg-chno="4089" group-title="RadioTv-EE",Rouge TV
https://tvchannels.worldtvlive.eu/tv/_webradio/live?channel=Rouge%20TV&group=RadioTv-EE
#EXTINF:-1 tvg-id="Sonus FM" tvg-logo="http://epg-guide.com/icn/tv.png" tvg-name="Sonus FM" tvg-chno="4090" group-title="RadioTv-EE",Sonus FM
https://tvchannels.worldtvlive.eu/tv/_webradio/live?channel=Sonus%20FM&group=RadioTv-EE
#EXTINF:-1 tvg-id="Spirit TV" tvg-logo="http://epg-guide.com/icn/tv.png" tvg-name="Spirit TV" tvg-chno="4091" group-title="RadioTv-EE",Spirit TV
https://tvchannels.worldtvlive.eu/tv/_webradio/live?channel=Spirit%20TV&group=RadioTv-EE
#EXTINF:-1 tvg-id="T HD Canal 2" tvg-logo="http://epg-guide.com/icn/tv.png" tvg-name="T HD Canal 2" tvg-chno="4092" group-title="RadioTv-EE",T HD Canal 2
https://tvchannels.worldtvlive.eu/tv/_webradio/live?channel=T%20HD%20Canal%202&group=RadioTv-EE
#EXTINF:-1 tvg-id="Teins" tvg-logo="http://epg-guide.com/icn/tv.png" tvg-name="Teins" tvg-chno="4093" group-title="RadioTv-EE",Teins
https://tvchannels.worldtvlive.eu/tv/_webradio/live?channel=Teins&group=RadioTv-EE
#EXTINF:-1 tvg-id="Tele Musica" tvg-logo="http://epg-guide.com/icn/tv.png" tvg-name="Tele Musica" tvg-chno="4094" group-title="RadioTv-EE",Tele Musica
https://tvchannels.worldtvlive.eu/tv/_webradio/live?channel=Tele%20Musica&group=RadioTv-EE
#EXTINF:-1 tvg-id="Tierra Mia TV" tvg-logo="http://epg-guide.com/icn/tv.png" tvg-name="Tierra Mia TV" tvg-chno="4095" group-title="RadioTv-EE",Tierra Mia TV
https://tvchannels.worldtvlive.eu/tv/_webradio/live?channel=Tierra%20Mia%20TV&group=RadioTv-EE
#EXTINF:-1 tvg-id="TMA Caribe" tvg-logo="http://epg-guide.com/icn/tv.png" tvg-name="TMA Caribe" tvg-chno="4096" group-title="RadioTv-EE",TMA Caribe
https://tvchannels.worldtvlive.eu/tv/_webradio/live?channel=TMA%20Caribe&group=RadioTv-EE
#EXTINF:-1 tvg-id="Top Latino TV" tvg-logo="http://epg-guide.com/icn/tv.png" tvg-name="Top Latino TV" tvg-chno="4097" group-title="RadioTv-EE",Top Latino TV
https://tvchannels.worldtvlive.eu/tv/_webradio/live?channel=Top%20Latino%20TV&group=RadioTv-EE
#EXTINF:-1 tvg-id="Trt Muzik" tvg-logo="http://epg-guide.com/icn/tv.png" tvg-name="Trt Muzik" tvg-chno="4098" group-title="RadioTv-EE",Trt Muzik
https://tvchannels.worldtvlive.eu/tv/_webradio/live?channel=Trt%20Muzik&group=RadioTv-EE
#EXTINF:-1 tvg-id="TwoJa TV" tvg-logo="http://epg-guide.com/icn/tv.png" tvg-name="TwoJa TV" tvg-chno="4099" group-title="RadioTv-EE",TwoJa TV
https://tvchannels.worldtvlive.eu/tv/_webradio/live?channel=TwoJa%20TV&group=RadioTv-EE
#EXTINF:-1 tvg-id="Urban Revolution España" tvg-logo="http://epg-guide.com/icn/tv.png" tvg-name="Urban Revolution España" tvg-chno="4100" group-title="RadioTv-EE",Urban Revolution España
https://tvchannels.worldtvlive.eu/tv/_webradio/live?channel=Urban%20Revolution%20Espa%C3%B1a&group=RadioTv-EE
#EXTINF:-1 tvg-id="V2 Beat (US)" tvg-logo="http://epg-guide.com/icn/tv.png" tvg-name="V2 Beat (US)" tvg-chno="4101" group-title="RadioTv-EE",V2 Beat (US)
https://tvchannels.worldtvlive.eu/tv/_webradio/live?channel=V2%20Beat%20(US)&group=RadioTv-EE
#EXTINF:-1 tvg-id="Viva TV" tvg-logo="http://epg-guide.com/icn/tv.png" tvg-name="Viva TV" tvg-chno="4102" group-title="RadioTv-EE",Viva TV
https://tvchannels.worldtvlive.eu/tv/_webradio/live?channel=Viva%20TV&group=RadioTv-EE
#EXTINF:-1 tvg-id="XtraHits TV" tvg-logo="http://epg-guide.com/icn/tv.png" tvg-name="XtraHits TV" tvg-chno="4103" group-title="RadioTv-EE",XtraHits TV
https://tvchannels.worldtvlive.eu/tv/_webradio/live?channel=XtraHits%20TV&group=RadioTv-EE
#EXTINF:-1 tvg-id="70-80 Hits HQ" tvg-logo="http://epg-guide.com/icn/tv.png" tvg-name="70-80 Hits HQ" tvg-chno="4104" group-title="RadioTv-IT",70-80 Hits HQ
https://tvchannels.worldtvlive.eu/tv/_webradio/live?channel=70-80%20Hits%20HQ&group=RadioTv-IT
#EXTINF:-1 tvg-id="Amica Radio Veneta" tvg-logo="http://epg-guide.com/icn/tv.png" tvg-name="Amica Radio Veneta" tvg-chno="4105" group-title="RadioTv-IT",Amica Radio Veneta
https://tvchannels.worldtvlive.eu/tv/_webradio/live?channel=Amica%20Radio%20Veneta&group=RadioTv-IT
#EXTINF:-1 tvg-id="Anni 60 TV" tvg-logo="http://epg-guide.com/icn/tv.png" tvg-name="Anni 60 TV" tvg-chno="4106" group-title="RadioTv-IT",Anni 60 TV
https://tvchannels.worldtvlive.eu/tv/_webradio/live?channel=Anni%2060%20TV&group=RadioTv-IT
#EXTINF:-1 tvg-id="Arancia Television" tvg-logo="https://admuzzum.xdevel.com/logos/streamsolution-default-cover.png" tvg-name="Arancia Television" tvg-chno="4107" group-title="RadioTv-IT",Arancia Television
https://tvchannels.worldtvlive.eu/tv/_webradio/live?channel=Arancia%20Television&group=RadioTv-IT
#EXTINF:-1 tvg-id="Babayaga TV Radio" tvg-logo="http://epg-guide.com/icn/tv.png" tvg-name="Babayaga TV Radio" tvg-chno="4108" group-title="RadioTv-IT",Babayaga TV Radio
https://tvchannels.worldtvlive.eu/tv/_webradio/live?channel=Babayaga%20TV%20Radio&group=RadioTv-IT
#EXTINF:-1 tvg-id="Bella Radio TV" tvg-logo="http://epg-guide.com/icn/tv.png" tvg-name="Bella Radio TV" tvg-chno="4109" group-title="RadioTv-IT",Bella Radio TV
https://tvchannels.worldtvlive.eu/tv/_webradio/live?channel=Bella%20Radio%20TV&group=RadioTv-IT
#EXTINF:-1 tvg-id="Beon Tv" tvg-logo="http://epg-guide.com/icn/tv.png" tvg-name="Beon Tv" tvg-chno="4110" group-title="RadioTv-IT",Beon Tv
https://tvchannels.worldtvlive.eu/tv/_webradio/live?channel=Beon%20Tv&group=RadioTv-IT
#EXTINF:-1 tvg-id="Blu Radio Arona" tvg-logo="http://epg-guide.com/icn/tv.png" tvg-name="Blu Radio Arona" tvg-chno="4111" group-title="RadioTv-IT",Blu Radio Arona
plugin://plugin.video.twitch/?mode=play&channel_name=bluradio_arona
#EXTINF:-1 tvg-id="BSO Channel" tvg-logo="http://epg-guide.com/icn/tv.png" tvg-name="BSO Channel" tvg-chno="4112" group-title="RadioTv-IT",BSO Channel
https://tvchannels.worldtvlive.eu/tv/_webradio/live?channel=BSO%20Channel&group=RadioTv-IT
#EXTINF:-1 tvg-id="Calabria Sona Tv" tvg-logo="http://epg-guide.com/icn/tv.png" tvg-name="Calabria Sona Tv" tvg-chno="4113" group-title="RadioTv-IT",Calabria Sona Tv
https://tvchannels.worldtvlive.eu/tv/_webradio/live?channel=Calabria%20Sona%20Tv&group=RadioTv-IT
#EXTINF:-1 tvg-id="Carina TV" tvg-logo="http://epg-guide.com/icn/tv.png" tvg-name="Carina TV" tvg-chno="4114" group-title="RadioTv-IT",Carina TV
https://tvchannels.worldtvlive.eu/tv/_webradio/live?channel=Carina%20TV&group=RadioTv-IT
#EXTINF:-1 tvg-id="Casa Sanremo Tv" tvg-logo="http://epg-guide.com/icn/tv.png" tvg-name="Casa Sanremo Tv" tvg-chno="4115" group-title="RadioTv-IT",Casa Sanremo Tv
https://tvchannels.worldtvlive.eu/tv/_webradio/live?channel=Casa%20Sanremo%20Tv&group=RadioTv-IT
#EXTINF:-1 tvg-id="Ciao Usa" tvg-logo="http://epg-guide.com/icn/tv.png" tvg-name="Ciao Usa" tvg-chno="4116" group-title="RadioTv-IT",Ciao Usa
https://tvchannels.worldtvlive.eu/tv/_webradio/live?channel=Ciao%20Usa&group=RadioTv-IT
#EXTINF:-1 tvg-id="Ciccio Riccio TV" tvg-logo="http://epg-guide.com/icn/tv.png" tvg-name="Ciccio Riccio TV" tvg-chno="4117" group-title="RadioTv-IT",Ciccio Riccio TV
https://tvchannels.worldtvlive.eu/tv/_webradio/live?channel=Ciccio%20Riccio%20TV&group=RadioTv-IT
#EXTINF:-1 tvg-id="Company TV" tvg-logo="http://epg-guide.com/icn/tv.png" tvg-name="Company TV" tvg-chno="4118" group-title="RadioTv-IT",Company TV
https://tvchannels.worldtvlive.eu/tv/_webradio/live?channel=Company%20TV&group=RadioTv-IT
#EXTINF:-1 tvg-id="CRC" tvg-logo="https://www.radiosaiuz.it/images/logo-crc-new-2022-alpha-CRC-NERA.jpg" tvg-name="CRC" tvg-chno="4119" group-title="RadioTv-IT",CRC
plugin://plugin.video.wltvhelper/play/saiuz/crc
#EXTINF:-1 tvg-id="Danemi Radio TV" tvg-logo="http://epg-guide.com/icn/tv.png" tvg-name="Danemi Radio TV" tvg-chno="4120" group-title="RadioTv-IT",Danemi Radio TV
https://tvchannels.worldtvlive.eu/tv/_webradio/live?channel=Danemi%20Radio%20TV&group=RadioTv-IT
#EXTINF:-1 tvg-id="Errevuti TV" tvg-logo="http://epg-guide.com/icn/tv.png" tvg-name="Errevuti TV" tvg-chno="4121" group-title="RadioTv-IT",Errevuti TV
https://tvchannels.worldtvlive.eu/tv/_webradio/live?channel=Errevuti%20TV&group=RadioTv-IT
#EXTINF:-1 tvg-id="Fl Music" tvg-logo="https://www.radiosaiuz.it/images/logoflmusic.png" tvg-name="Fl Music" tvg-chno="4122" group-title="RadioTv-IT",Fl Music
plugin://plugin.video.wltvhelper/play/saiuz/flmusic
#EXTINF:-1 tvg-id="Fly UK Tv" tvg-logo="http://epg-guide.com/icn/tv.png" tvg-name="Fly UK Tv" tvg-chno="4123" group-title="RadioTv-IT",Fly UK Tv
https://tvchannels.worldtvlive.eu/tv/_webradio/live?channel=Fly%20UK%20Tv&group=RadioTv-IT
#EXTINF:-1 tvg-id="Freedom Street Radio" tvg-logo="https://www.freedomsr.com/wp-content/uploads/2022/05/freedomlight.png" tvg-name="Freedom Street Radio" tvg-chno="4124" group-title="RadioTv-IT",Freedom Street Radio
https://tvchannels.worldtvlive.eu/tv/_webradio/live?channel=Freedom%20Street%20Radio&group=RadioTv-IT
#EXTINF:-1 tvg-id="Happy Radio" tvg-logo="http://epg-guide.com/icn/tv.png" tvg-name="Happy Radio" tvg-chno="4125" group-title="RadioTv-IT",Happy Radio
https://tvchannels.worldtvlive.eu/tv/_webradio/live?channel=Happy%20Radio&group=RadioTv-IT
#EXTINF:-1 tvg-id="Hit Radio TV" tvg-logo="http://epg-guide.com/icn/tv.png" tvg-name="Hit Radio TV" tvg-chno="4126" group-title="RadioTv-IT",Hit Radio TV
https://tvchannels.worldtvlive.eu/tv/_webradio/live?channel=Hit%20Radio%20TV&group=RadioTv-IT
#EXTINF:-1 tvg-id="Italianissima" tvg-logo="http://epg-guide.com/icn/tv.png" tvg-name="Italianissima" tvg-chno="4127" group-title="RadioTv-IT",Italianissima
https://tvchannels.worldtvlive.eu/tv/_webradio/live?channel=Italianissima&group=RadioTv-IT
#EXTINF:-1 tvg-id="LaC Radio" tvg-logo="http://epg-guide.com/icn/tv.png" tvg-name="LaC Radio" tvg-chno="4128" group-title="RadioTv-IT",LaC Radio
https://tvchannels.worldtvlive.eu/tv/_webradio/live?channel=LaC%20Radio&group=RadioTv-IT
#EXTINF:-1 tvg-id="Lady Radio TV" tvg-logo="http://epg-guide.com/icn/tv.png" tvg-name="Lady Radio TV" tvg-chno="4129" group-title="RadioTv-IT",Lady Radio TV
https://tvchannels.worldtvlive.eu/tv/_webradio/live?channel=Lady%20Radio%20TV&group=RadioTv-IT
#EXTINF:-1 tvg-id="Latte Miele Italia" tvg-logo="http://epg-guide.com/icn/tv.png" tvg-name="Latte Miele Italia" tvg-chno="4130" group-title="RadioTv-IT",Latte Miele Italia
https://tvchannels.worldtvlive.eu/tv/_webradio/live?channel=Latte%20Miele%20Italia&group=RadioTv-IT
#EXTINF:-1 tvg-id="LDR" tvg-logo="https://www.radiosaiuz.it/images/logo-ldr-con-sfondo.png" tvg-name="LDR" tvg-chno="4131" group-title="RadioTv-IT",LDR
plugin://plugin.video.wltvhelper/play/saiuz/ldr
#EXTINF:-1 tvg-id="Lecco FM" tvg-logo="http://epg-guide.com/icn/tv.png" tvg-name="Lecco FM" tvg-chno="4132" group-title="RadioTv-IT",Lecco FM
https://tvchannels.worldtvlive.eu/tv/_webradio/live?channel=Lecco%20FM&group=RadioTv-IT
#EXTINF:-1 tvg-id="Made in Bo" tvg-logo="http://epg-guide.com/icn/tv.png" tvg-name="Made in Bo" tvg-chno="4133" group-title="RadioTv-IT",Made in Bo
https://tvchannels.worldtvlive.eu/tv/_webradio/live?channel=Made%20in%20Bo&group=RadioTv-IT
#EXTINF:-1 tvg-id="Magic Music Tv" tvg-logo="https://www.radiosaiuz.it/images/magic.jpg" tvg-name="Magic Music Tv" tvg-chno="4134" group-title="RadioTv-IT",Magic Music Tv
plugin://plugin.video.wltvhelper/play/saiuz/magicmusictv
#EXTINF:-1 tvg-id="Magic TV Radio" tvg-logo="http://epg-guide.com/icn/tv.png" tvg-name="Magic TV Radio" tvg-chno="4135" group-title="RadioTv-IT",Magic TV Radio
https://tvchannels.worldtvlive.eu/tv/_webradio/live?channel=Magic%20TV%20Radio&group=RadioTv-IT
#EXTINF:-1 tvg-id="Mitology Tv" tvg-logo="http://epg-guide.com/icn/tv.png" tvg-name="Mitology Tv" tvg-chno="4136" group-title="RadioTv-IT",Mitology Tv
https://tvchannels.worldtvlive.eu/tv/_webradio/live?channel=Mitology%20Tv&group=RadioTv-IT
#EXTINF:-1 tvg-id="Mojito TV Hd" tvg-logo="http://epg-guide.com/icn/tv.png" tvg-name="Mojito TV Hd" tvg-chno="4137" group-title="RadioTv-IT",Mojito TV Hd
https://tvchannels.worldtvlive.eu/tv/_webradio/live?channel=Mojito%20TV%20Hd&group=RadioTv-IT
#EXTINF:-1 tvg-id="Movida Television" tvg-logo="https://www.radiosaiuz.it/images/movida-television260x260.png" tvg-name="Movida Television" tvg-chno="4138" group-title="RadioTv-IT",Movida Television
plugin://plugin.video.wltvhelper/play/saiuz/movidatelevision
#EXTINF:-1 tvg-id="Music Italia Tv" tvg-logo="http://epg-guide.com/icn/tv.png" tvg-name="Music Italia Tv" tvg-chno="4139" group-title="RadioTv-IT",Music Italia Tv
https://tvchannels.worldtvlive.eu/tv/_webradio/live?channel=Music%20Italia%20Tv&group=RadioTv-IT
#EXTINF:-1 tvg-id="Music Top" tvg-logo="http://epg-guide.com/icn/tv.png" tvg-name="Music Top" tvg-chno="4140" group-title="RadioTv-IT",Music Top
https://tvchannels.worldtvlive.eu/tv/_webradio/live?channel=Music%20Top&group=RadioTv-IT
#EXTINF:-1 tvg-id="Onda Radio Web TV" tvg-logo="http://epg-guide.com/icn/tv.png" tvg-name="Onda Radio Web TV" tvg-chno="4141" group-title="RadioTv-IT",Onda Radio Web TV
https://tvchannels.worldtvlive.eu/tv/_webradio/live?channel=Onda%20Radio%20Web%20TV&group=RadioTv-IT
#EXTINF:-1 tvg-id="Paradise TV" tvg-logo="http://epg-guide.com/icn/tv.png" tvg-name="Paradise TV" tvg-chno="4142" group-title="RadioTv-IT",Paradise TV
https://tvchannels.worldtvlive.eu/tv/_webradio/live?channel=Paradise%20TV&group=RadioTv-IT
#EXTINF:-1 tvg-id="Piterpan TV" tvg-logo="http://epg-guide.com/icn/tv.png" tvg-name="Piterpan TV" tvg-chno="4143" group-title="RadioTv-IT",Piterpan TV
https://tvchannels.worldtvlive.eu/tv/_webradio/live?channel=Piterpan%20TV&group=RadioTv-IT
#EXTINF:-1 tvg-id="PLay TV" tvg-logo="http://epg-guide.com/icn/tv.png" tvg-name="PLay TV" tvg-chno="4144" group-title="RadioTv-IT",PLay TV
https://tvchannels.worldtvlive.eu/tv/_webradio/live?channel=PLay%20TV&group=RadioTv-IT
#EXTINF:-1 tvg-id="Punto Radio" tvg-logo="http://epg-guide.com/icn/tv.png" tvg-name="Punto Radio" tvg-chno="4145" group-title="RadioTv-IT",Punto Radio
https://tvchannels.worldtvlive.eu/tv/_webradio/live?channel=Punto%20Radio&group=RadioTv-IT
#EXTINF:-1 tvg-id="Punto Radio TV" tvg-logo="http://epg-guide.com/icn/tv.png" tvg-name="Punto Radio TV" tvg-chno="4146" group-title="RadioTv-IT",Punto Radio TV
plugin://plugin.video.twitch/?mode=play&channel_name=puntoradio_tv
#EXTINF:-1 tvg-id="Radio 20" tvg-logo="http://epg-guide.com/icn/tv.png" tvg-name="Radio 20" tvg-chno="4147" group-title="RadioTv-IT",Radio 20
plugin://plugin.video.twitch/?mode=play&channel_name=radio20tv
#EXTINF:-1 tvg-id="Radio 24" tvg-logo="http://epg-guide.com/icn/tv.png" tvg-name="Radio 24" tvg-chno="4148" group-title="RadioTv-IT",Radio 24
https://tvchannels.worldtvlive.eu/tv/_webradio/live?channel=Radio%2024&group=RadioTv-IT
#EXTINF:-1 tvg-id="Radio 3I TV" tvg-logo="http://epg-guide.com/icn/tv.png" tvg-name="Radio 3I TV" tvg-chno="4149" group-title="RadioTv-IT",Radio 3I TV
https://tvchannels.worldtvlive.eu/tv/_webradio/live?channel=Radio%203I%20TV&group=RadioTv-IT
#EXTINF:-1 tvg-id="Radio 4 You TV" tvg-logo="http://epg-guide.com/icn/tv.png" tvg-name="Radio 4 You TV" tvg-chno="4150" group-title="RadioTv-IT",Radio 4 You TV
https://tvchannels.worldtvlive.eu/tv/_webradio/live?channel=Radio%204%20You%20TV&group=RadioTv-IT
#EXTINF:-1 tvg-id="Radio 51 TV" tvg-logo="http://epg-guide.com/icn/tv.png" tvg-name="Radio 51 TV" tvg-chno="4151" group-title="RadioTv-IT",Radio 51 TV
https://tvchannels.worldtvlive.eu/tv/_webradio/live?channel=Radio%2051%20TV&group=RadioTv-IT
#EXTINF:-1 tvg-id="Radio 60-70-80" tvg-logo="http://epg-guide.com/icn/tv.png" tvg-name="Radio 60-70-80" tvg-chno="4152" group-title="RadioTv-IT",Radio 60-70-80
https://tvchannels.worldtvlive.eu/tv/_webradio/live?channel=Radio%2060-70-80&group=RadioTv-IT
#EXTINF:-1 tvg-id="Radio 80 TV" tvg-logo="http://epg-guide.com/icn/tv.png" tvg-name="Radio 80 TV" tvg-chno="4153" group-title="RadioTv-IT",Radio 80 TV
https://tvchannels.worldtvlive.eu/tv/_webradio/live?channel=Radio%2080%20TV&group=RadioTv-IT
#EXTINF:-1 tvg-id="Radio 85 TV" tvg-logo="http://epg-guide.com/icn/tv.png" tvg-name="Radio 85 TV" tvg-chno="4154" group-title="RadioTv-IT",Radio 85 TV
https://tvchannels.worldtvlive.eu/tv/_webradio/live?channel=Radio%2085%20TV&group=RadioTv-IT
#EXTINF:-1 tvg-id="Radio Adige TV" tvg-logo="http://epg-guide.com/icn/tv.png" tvg-name="Radio Adige TV" tvg-chno="4155" group-title="RadioTv-IT",Radio Adige TV
https://tvchannels.worldtvlive.eu/tv/_webradio/live?channel=Radio%20Adige%20TV&group=RadioTv-IT
#EXTINF:-1 tvg-id="Radio Alfa Piemonte" tvg-logo="http://epg-guide.com/icn/tv.png" tvg-name="Radio Alfa Piemonte" tvg-chno="4156" group-title="RadioTv-IT",Radio Alfa Piemonte
plugin://plugin.video.twitch/?mode=play&channel_name=radioalfapiemonte
#EXTINF:-1 tvg-id="Radio Amore Catanzaro" tvg-logo="http://epg-guide.com/icn/tv.png" tvg-name="Radio Amore Catanzaro" tvg-chno="4157" group-title="RadioTv-IT",Radio Amore Catanzaro
plugin://plugin.video.twitch/?mode=play&channel_name=radioamorecatanzaro
#EXTINF:-1 tvg-id="Radio Antenna 1 TV" tvg-logo="http://epg-guide.com/icn/tv.png" tvg-name="Radio Antenna 1 TV" tvg-chno="4158" group-title="RadioTv-IT",Radio Antenna 1 TV
https://tvchannels.worldtvlive.eu/tv/_webradio/live?channel=Radio%20Antenna%201%20TV&group=RadioTv-IT
#EXTINF:-1 tvg-id="Radio Azzurra" tvg-logo="http://epg-guide.com/icn/tv.png" tvg-name="Radio Azzurra" tvg-chno="4159" group-title="RadioTv-IT",Radio Azzurra
https://tvchannels.worldtvlive.eu/tv/_webradio/live?channel=Radio%20Azzurra&group=RadioTv-IT
#EXTINF:-1 tvg-id="Radio Azzurra TV Randazzo" tvg-logo="http://epg-guide.com/icn/tv.png" tvg-name="Radio Azzurra TV Randazzo" tvg-chno="4160" group-title="RadioTv-IT",Radio Azzurra TV Randazzo
https://tvchannels.worldtvlive.eu/tv/_webradio/live?channel=Radio%20Azzurra%20TV%20Randazzo&group=RadioTv-IT
#EXTINF:-1 tvg-id="Radio Base" tvg-logo="https://admuzzum.xdevel.com/logos/streamsolution-default-cover.png" tvg-name="Radio Base" tvg-chno="4161" group-title="RadioTv-IT",Radio Base
https://tvchannels.worldtvlive.eu/tv/_webradio/live?channel=Radio%20Base&group=RadioTv-IT
#EXTINF:-1 tvg-id="Radio Bella e Monella TV" tvg-logo="http://epg-guide.com/icn/tv.png" tvg-name="Radio Bella e Monella TV" tvg-chno="4162" group-title="RadioTv-IT",Radio Bella e Monella TV
https://tvchannels.worldtvlive.eu/tv/_webradio/live?channel=Radio%20Bella%20e%20Monella%20TV&group=RadioTv-IT
#EXTINF:-1 tvg-id="Radio Bianco Nera Tv" tvg-logo="http://epg-guide.com/icn/tv.png" tvg-name="Radio Bianco Nera Tv" tvg-chno="4163" group-title="RadioTv-IT",Radio Bianco Nera Tv
https://tvchannels.worldtvlive.eu/tv/_webradio/live?channel=Radio%20Bianco%20Nera%20Tv&group=RadioTv-IT
#EXTINF:-1 tvg-id="Radio Birikina TV" tvg-logo="http://epg-guide.com/icn/tv.png" tvg-name="Radio Birikina TV" tvg-chno="4164" group-title="RadioTv-IT",Radio Birikina TV
https://tvchannels.worldtvlive.eu/tv/_webradio/live?channel=Radio%20Birikina%20TV&group=RadioTv-IT
#EXTINF:-1 tvg-id="Radio Bussola 24 TV" tvg-logo="http://epg-guide.com/icn/tv.png" tvg-name="Radio Bussola 24 TV" tvg-chno="4165" group-title="RadioTv-IT",Radio Bussola 24 TV
https://tvchannels.worldtvlive.eu/tv/_webradio/live?channel=Radio%20Bussola%2024%20TV&group=RadioTv-IT
#EXTINF:-1 tvg-id="Radio California TV" tvg-logo="http://epg-guide.com/icn/tv.png" tvg-name="Radio California TV" tvg-chno="4166" group-title="RadioTv-IT",Radio California TV
https://tvchannels.worldtvlive.eu/tv/_webradio/live?channel=Radio%20California%20TV&group=RadioTv-IT
#EXTINF:-1 tvg-id="Radio Centrale Caccamo" tvg-logo="http://epg-guide.com/icn/tv.png" tvg-name="Radio Centrale Caccamo" tvg-chno="4167" group-title="RadioTv-IT",Radio Centrale Caccamo
https://tvchannels.worldtvlive.eu/tv/_webradio/live?channel=Radio%20Centrale%20Caccamo&group=RadioTv-IT
#EXTINF:-1 tvg-id="Radio Cittadella" tvg-logo="http://epg-guide.com/icn/tv.png" tvg-name="Radio Cittadella" tvg-chno="4168" group-title="RadioTv-IT",Radio Cittadella
https://tvchannels.worldtvlive.eu/tv/_webradio/live?channel=Radio%20Cittadella&group=RadioTv-IT
#EXTINF:-1 tvg-id="Radio Civita in Blu" tvg-logo="http://epg-guide.com/icn/tv.png" tvg-name="Radio Civita in Blu" tvg-chno="4169" group-title="RadioTv-IT",Radio Civita in Blu
https://tvchannels.worldtvlive.eu/tv/_webradio/live?channel=Radio%20Civita%20in%20Blu&group=RadioTv-IT
#EXTINF:-1 tvg-id="Radio Dance Roma" tvg-logo="http://epg-guide.com/icn/tv.png" tvg-name="Radio Dance Roma" tvg-chno="4170" group-title="RadioTv-IT",Radio Dance Roma
plugin://plugin.video.twitch/?mode=play&channel_name=radiodanceroma
#EXTINF:-1 tvg-id="Radio Delta 1" tvg-logo="http://epg-guide.com/icn/tv.png" tvg-name="Radio Delta 1" tvg-chno="4171" group-title="RadioTv-IT",Radio Delta 1
https://tvchannels.worldtvlive.eu/tv/_webradio/live?channel=Radio%20Delta%201&group=RadioTv-IT
#EXTINF:-1 tvg-id="Radio Delta International" tvg-logo="http://epg-guide.com/icn/tv.png" tvg-name="Radio Delta International" tvg-chno="4172" group-title="RadioTv-IT",Radio Delta International
https://tvchannels.worldtvlive.eu/tv/_webradio/live?channel=Radio%20Delta%20International&group=RadioTv-IT
#EXTINF:-1 tvg-id="Radio Diffusione Europea" tvg-logo="http://epg-guide.com/icn/tv.png" tvg-name="Radio Diffusione Europea" tvg-chno="4173" group-title="RadioTv-IT",Radio Diffusione Europea
https://tvchannels.worldtvlive.eu/tv/_webradio/live?channel=Radio%20Diffusione%20Europea&group=RadioTv-IT
#EXTINF:-1 tvg-id="Radio Discount TV" tvg-logo="http://epg-guide.com/icn/tv.png" tvg-name="Radio Discount TV" tvg-chno="4174" group-title="RadioTv-IT",Radio Discount TV
https://tvchannels.worldtvlive.eu/tv/_webradio/live?channel=Radio%20Discount%20TV&group=RadioTv-IT
#EXTINF:-1 tvg-id="Radio Empire TV" tvg-logo="http://epg-guide.com/icn/tv.png" tvg-name="Radio Empire TV" tvg-chno="4175" group-title="RadioTv-IT",Radio Empire TV
https://tvchannels.worldtvlive.eu/tv/_webradio/live?channel=Radio%20Empire%20TV&group=RadioTv-IT
#EXTINF:-1 tvg-id="Radio Ferentino" tvg-logo="http://epg-guide.com/icn/tv.png" tvg-name="Radio Ferentino" tvg-chno="4176" group-title="RadioTv-IT",Radio Ferentino
https://tvchannels.worldtvlive.eu/tv/_webradio/live?channel=Radio%20Ferentino&group=RadioTv-IT
#EXTINF:-1 tvg-id="Radio Fm Faleria" tvg-logo="http://epg-guide.com/icn/tv.png" tvg-name="Radio Fm Faleria" tvg-chno="4177" group-title="RadioTv-IT",Radio Fm Faleria
https://tvchannels.worldtvlive.eu/tv/_webradio/live?channel=Radio%20Fm%20Faleria&group=RadioTv-IT
#EXTINF:-1 tvg-id="Radio Friendly" tvg-logo="http://epg-guide.com/icn/tv.png" tvg-name="Radio Friendly" tvg-chno="4178" group-title="RadioTv-IT",Radio Friendly
https://tvchannels.worldtvlive.eu/tv/_webradio/live?channel=Radio%20Friendly&group=RadioTv-IT
#EXTINF:-1 tvg-id="Radio Gamma TV" tvg-logo="https://www.radio-gamma.it/foto/logo.png" tvg-name="Radio Gamma TV" tvg-chno="4179" group-title="RadioTv-IT",Radio Gamma TV
plugin://plugin.video.wltvhelper/play/xdevel/12779
#EXTINF:-1 tvg-id="Radio Gioconda" tvg-logo="http://epg-guide.com/icn/tv.png" tvg-name="Radio Gioconda" tvg-chno="4180" group-title="RadioTv-IT",Radio Gioconda
plugin://plugin.video.twitch/?mode=play&channel_name=radiogioconda
#EXTINF:-1 tvg-id="Radio Gold TV" tvg-logo="http://epg-guide.com/icn/tv.png" tvg-name="Radio Gold TV" tvg-chno="4181" group-title="RadioTv-IT",Radio Gold TV
https://tvchannels.worldtvlive.eu/tv/_webradio/live?channel=Radio%20Gold%20TV&group=RadioTv-IT
#EXTINF:-1 tvg-id="Radio Idea" tvg-logo="http://epg-guide.com/icn/tv.png" tvg-name="Radio Idea" tvg-chno="4182" group-title="RadioTv-IT",Radio Idea
https://tvchannels.worldtvlive.eu/tv/_webradio/live?channel=Radio%20Idea&group=RadioTv-IT
#EXTINF:-1 tvg-id="Radio Immagine" tvg-logo="http://epg-guide.com/icn/tv.png" tvg-name="Radio Immagine" tvg-chno="4183" group-title="RadioTv-IT",Radio Immagine
https://tvchannels.worldtvlive.eu/tv/_webradio/live?channel=Radio%20Immagine&group=RadioTv-IT
#EXTINF:-1 tvg-id="Radio Italia 5 TV" tvg-logo="http://epg-guide.com/icn/tv.png" tvg-name="Radio Italia 5 TV" tvg-chno="4184" group-title="RadioTv-IT",Radio Italia 5 TV
https://tvchannels.worldtvlive.eu/tv/_webradio/live?channel=Radio%20Italia%205%20TV&group=RadioTv-IT
#EXTINF:-1 tvg-id="Radio Italia Anni 60" tvg-logo="http://epg-guide.com/icn/tv.png" tvg-name="Radio Italia Anni 60" tvg-chno="4185" group-title="RadioTv-IT",Radio Italia Anni 60
https://tvchannels.worldtvlive.eu/tv/_webradio/live?channel=Radio%20Italia%20Anni%2060&group=RadioTv-IT
#EXTINF:-1 tvg-id="Radio Italia Anni 60 Tv" tvg-logo="http://epg-guide.com/icn/tv.png" tvg-name="Radio Italia Anni 60 Tv" tvg-chno="4186" group-title="RadioTv-IT",Radio Italia Anni 60 Tv
https://tvchannels.worldtvlive.eu/tv/_webradio/live?channel=Radio%20Italia%20Anni%2060%20Tv&group=RadioTv-IT
#EXTINF:-1 tvg-id="Radio Italia Cina TV" tvg-logo="http://epg-guide.com/icn/tv.png" tvg-name="Radio Italia Cina TV" tvg-chno="4187" group-title="RadioTv-IT",Radio Italia Cina TV
https://tvchannels.worldtvlive.eu/tv/_webradio/live?channel=Radio%20Italia%20Cina%20TV&group=RadioTv-IT
#EXTINF:-1 tvg-id="Radio Italia Vision" tvg-logo="http://epg-guide.com/icn/tv.png" tvg-name="Radio Italia Vision" tvg-chno="4188" group-title="RadioTv-IT",Radio Italia Vision
https://tvchannels.worldtvlive.eu/tv/_webradio/live?channel=Radio%20Italia%20Vision&group=RadioTv-IT
#EXTINF:-1 tvg-id="Radio Juke Box TV" tvg-logo="http://epg-guide.com/icn/tv.png" tvg-name="Radio Juke Box TV" tvg-chno="4189" group-title="RadioTv-IT",Radio Juke Box TV
https://tvchannels.worldtvlive.eu/tv/_webradio/live?channel=Radio%20Juke%20Box%20TV&group=RadioTv-IT
#EXTINF:-1 tvg-id="Radio Juke Boxe" tvg-logo="http://epg-guide.com/icn/tv.png" tvg-name="Radio Juke Boxe" tvg-chno="4190" group-title="RadioTv-IT",Radio Juke Boxe
https://tvchannels.worldtvlive.eu/tv/_webradio/live?channel=Radio%20Juke%20Boxe&group=RadioTv-IT
#EXTINF:-1 tvg-id="Radio Laser TV" tvg-logo="http://epg-guide.com/icn/tv.png" tvg-name="Radio Laser TV" tvg-chno="4191" group-title="RadioTv-IT",Radio Laser TV
https://tvchannels.worldtvlive.eu/tv/_webradio/live?channel=Radio%20Laser%20TV&group=RadioTv-IT
#EXTINF:-1 tvg-id="Radio liberta'" tvg-logo="http://epg-guide.com/icn/tv.png" tvg-name="Radio liberta'" tvg-chno="4192" group-title="RadioTv-IT",Radio liberta'
https://tvchannels.worldtvlive.eu/tv/_webradio/live?channel=Radio%20liberta'&group=RadioTv-IT
#EXTINF:-1 tvg-id="Radio Linea n° 1" tvg-logo="http://epg-guide.com/icn/tv.png" tvg-name="Radio Linea n° 1" tvg-chno="4193" group-title="RadioTv-IT",Radio Linea n° 1
https://tvchannels.worldtvlive.eu/tv/_webradio/live?channel=Radio%20Linea%20n%C2%B0%201&group=RadioTv-IT
#EXTINF:-1 tvg-id="Radio Lombardia" tvg-logo="http://epg-guide.com/icn/tv.png" tvg-name="Radio Lombardia" tvg-chno="4194" group-title="RadioTv-IT",Radio Lombardia
plugin://plugin.video.wltvhelper/play/xdevel/13027
#EXTINF:-1 tvg-id="Radio Love TV" tvg-logo="http://epg-guide.com/icn/tv.png" tvg-name="Radio Love TV" tvg-chno="4195" group-title="RadioTv-IT",Radio Love TV
https://tvchannels.worldtvlive.eu/tv/_webradio/live?channel=Radio%20Love%20TV&group=RadioTv-IT
#EXTINF:-1 tvg-id="Radio Luna TV" tvg-logo="http://epg-guide.com/icn/tv.png" tvg-name="Radio Luna TV" tvg-chno="4196" group-title="RadioTv-IT",Radio Luna TV
https://tvchannels.worldtvlive.eu/tv/_webradio/live?channel=Radio%20Luna%20TV&group=RadioTv-IT
#EXTINF:-1 tvg-id="Radio Mambo TV" tvg-logo="http://epg-guide.com/icn/tv.png" tvg-name="Radio Mambo TV" tvg-chno="4197" group-title="RadioTv-IT",Radio Mambo TV
https://tvchannels.worldtvlive.eu/tv/_webradio/live?channel=Radio%20Mambo%20TV&group=RadioTv-IT
#EXTINF:-1 tvg-id="Radio Margherita TV" tvg-logo="https://www.radiomargherita.com/wp-content/uploads/2016/05/logo_h99.png" tvg-name="Radio Margherita TV" tvg-chno="4198" group-title="RadioTv-IT",Radio Margherita TV
https://tvchannels.worldtvlive.eu/tv/_webradio/live?channel=Radio%20Margherita%20TV&group=RadioTv-IT
#EXTINF:-1 tvg-id="Radio Marte TV" tvg-logo="http://epg-guide.com/icn/tv.png" tvg-name="Radio Marte TV" tvg-chno="4199" group-title="RadioTv-IT",Radio Marte TV
plugin://plugin.video.wltvhelper/play/xdevel/12770
#EXTINF:-1 tvg-id="Radio Mi Piaci" tvg-logo="http://epg-guide.com/icn/tv.png" tvg-name="Radio Mi Piaci" tvg-chno="4200" group-title="RadioTv-IT",Radio Mi Piaci
https://tvchannels.worldtvlive.eu/tv/_webradio/live?channel=Radio%20Mi%20Piaci&group=RadioTv-IT
#EXTINF:-1 tvg-id="Radio Millenium TV" tvg-logo="http://epg-guide.com/icn/tv.png" tvg-name="Radio Millenium TV" tvg-chno="4201" group-title="RadioTv-IT",Radio Millenium TV
https://tvchannels.worldtvlive.eu/tv/_webradio/live?channel=Radio%20Millenium%20TV&group=RadioTv-IT
#EXTINF:-1 tvg-id="Radio Movida TV" tvg-logo="http://epg-guide.com/icn/tv.png" tvg-name="Radio Movida TV" tvg-chno="4202" group-title="RadioTv-IT",Radio Movida TV
https://tvchannels.worldtvlive.eu/tv/_webradio/live?channel=Radio%20Movida%20TV&group=RadioTv-IT
#EXTINF:-1 tvg-id="Radio Musica" tvg-logo="http://epg-guide.com/icn/tv.png" tvg-name="Radio Musica" tvg-chno="4203" group-title="RadioTv-IT",Radio Musica
https://tvchannels.worldtvlive.eu/tv/_webradio/live?channel=Radio%20Musica&group=RadioTv-IT
#EXTINF:-1 tvg-id="Radio News 24 TV" tvg-logo="http://epg-guide.com/icn/tv.png" tvg-name="Radio News 24 TV" tvg-chno="4204" group-title="RadioTv-IT",Radio News 24 TV
https://tvchannels.worldtvlive.eu/tv/_webradio/live?channel=Radio%20News%2024%20TV&group=RadioTv-IT
#EXTINF:-1 tvg-id="Radio Norba TV" tvg-logo="https://upload.wikimedia.org/wikipedia/it/8/80/Radionorba_tv_logo_2021.png" tvg-name="Radio Norba TV" tvg-chno="4205" group-title="RadioTv-IT",Radio Norba TV
plugin://plugin.video.wltvhelper/play/xdevel/12841
#EXTINF:-1 tvg-id="Radio Number One TV" tvg-logo="http://epg-guide.com/icn/tv.png" tvg-name="Radio Number One TV" tvg-chno="4206" group-title="RadioTv-IT",Radio Number One TV
https://tvchannels.worldtvlive.eu/tv/_webradio/live?channel=Radio%20Number%20One%20TV&group=RadioTv-IT
#EXTINF:-1 tvg-id="Radio Onda Libera" tvg-logo="http://epg-guide.com/icn/tv.png" tvg-name="Radio Onda Libera" tvg-chno="4207" group-title="RadioTv-IT",Radio Onda Libera
https://tvchannels.worldtvlive.eu/tv/_webradio/live?channel=Radio%20Onda%20Libera&group=RadioTv-IT
#EXTINF:-1 tvg-id="Radio Orizzonti" tvg-logo="http://epg-guide.com/icn/tv.png" tvg-name="Radio Orizzonti" tvg-chno="4208" group-title="RadioTv-IT",Radio Orizzonti
https://tvchannels.worldtvlive.eu/tv/_webradio/live?channel=Radio%20Orizzonti&group=RadioTv-IT
#EXTINF:-1 tvg-id="Radio Parsifal TV" tvg-logo="http://epg-guide.com/icn/tv.png" tvg-name="Radio Parsifal TV" tvg-chno="4209" group-title="RadioTv-IT",Radio Parsifal TV
https://tvchannels.worldtvlive.eu/tv/_webradio/live?channel=Radio%20Parsifal%20TV&group=RadioTv-IT
#EXTINF:-1 tvg-id="Radio Pescara TV" tvg-logo="http://epg-guide.com/icn/tv.png" tvg-name="Radio Pescara TV" tvg-chno="4210" group-title="RadioTv-IT",Radio Pescara TV
https://tvchannels.worldtvlive.eu/tv/_webradio/live?channel=Radio%20Pescara%20TV&group=RadioTv-IT
#EXTINF:-1 tvg-id="Radio Play Tag" tvg-logo="http://epg-guide.com/icn/tv.png" tvg-name="Radio Play Tag" tvg-chno="4211" group-title="RadioTv-IT",Radio Play Tag
https://tvchannels.worldtvlive.eu/tv/_webradio/live?channel=Radio%20Play%20Tag&group=RadioTv-IT
#EXTINF:-1 tvg-id="Radio Power Web" tvg-logo="http://epg-guide.com/icn/tv.png" tvg-name="Radio Power Web" tvg-chno="4212" group-title="RadioTv-IT",Radio Power Web
https://tvchannels.worldtvlive.eu/tv/_webradio/live?channel=Radio%20Power%20Web&group=RadioTv-IT
#EXTINF:-1 tvg-id="Radio Punto TV" tvg-logo="http://epg-guide.com/icn/tv.png" tvg-name="Radio Punto TV" tvg-chno="4213" group-title="RadioTv-IT",Radio Punto TV
https://tvchannels.worldtvlive.eu/tv/_webradio/live?channel=Radio%20Punto%20TV&group=RadioTv-IT
#EXTINF:-1 tvg-id="Radio Punto Zero TV" tvg-logo="http://epg-guide.com/icn/tv.png" tvg-name="Radio Punto Zero TV" tvg-chno="4214" group-title="RadioTv-IT",Radio Punto Zero TV
https://tvchannels.worldtvlive.eu/tv/_webradio/live?channel=Radio%20Punto%20Zero%20TV&group=RadioTv-IT
#EXTINF:-1 tvg-id="Radio Radicale Tv" tvg-logo="http://epg-guide.com/icn/tv.png" tvg-name="Radio Radicale Tv" tvg-chno="4215" group-title="RadioTv-IT",Radio Radicale Tv
https://tvchannels.worldtvlive.eu/tv/_webradio/live?channel=Radio%20Radicale%20Tv&group=RadioTv-IT
#EXTINF:-1 tvg-id="Radio Radio" tvg-logo="http://epg-guide.com/icn/tv.png" tvg-name="Radio Radio" tvg-chno="4216" group-title="RadioTv-IT",Radio Radio
plugin://plugin.video.twitch/?mode=play&channel_name=radioradio
#EXTINF:-1 tvg-id="Radio Radio TV" tvg-logo="http://epg-guide.com/icn/tv.png" tvg-name="Radio Radio TV" tvg-chno="4217" group-title="RadioTv-IT",Radio Radio TV
https://tvchannels.worldtvlive.eu/tv/_webradio/live?channel=Radio%20Radio%20TV&group=RadioTv-IT
#EXTINF:-1 tvg-id="Radio Radiosa" tvg-logo="http://epg-guide.com/icn/tv.png" tvg-name="Radio Radiosa" tvg-chno="4218" group-title="RadioTv-IT",Radio Radiosa
https://tvchannels.worldtvlive.eu/tv/_webradio/live?channel=Radio%20Radiosa&group=RadioTv-IT
#EXTINF:-1 tvg-id="Radio RCS" tvg-logo="http://epg-guide.com/icn/tv.png" tvg-name="Radio RCS" tvg-chno="4219" group-title="RadioTv-IT",Radio RCS
https://tvchannels.worldtvlive.eu/tv/_webradio/live?channel=Radio%20RCS&group=RadioTv-IT
#EXTINF:-1 tvg-id="Radio Roma TV" tvg-logo="http://epg-guide.com/icn/tv.png" tvg-name="Radio Roma TV" tvg-chno="4220" group-title="RadioTv-IT",Radio Roma TV
https://tvchannels.worldtvlive.eu/tv/_webradio/live?channel=Radio%20Roma%20TV&group=RadioTv-IT
#EXTINF:-1 tvg-id="Radio RTR 99" tvg-logo="http://epg-guide.com/icn/tv.png" tvg-name="Radio RTR 99" tvg-chno="4221" group-title="RadioTv-IT",Radio RTR 99
https://tvchannels.worldtvlive.eu/tv/_webradio/live?channel=Radio%20RTR%2099&group=RadioTv-IT
#EXTINF:-1 tvg-id="Radio Senise Centrale TV" tvg-logo="https://admuzzum.xdevel.com/cloud/x/35/im/jpeg/2020/2/1/dbe18400.jpg-512,512.jpg" tvg-name="Radio Senise Centrale TV" tvg-chno="4222" group-title="RadioTv-IT",Radio Senise Centrale TV
https://tvchannels.worldtvlive.eu/tv/_webradio/live?channel=Radio%20Senise%20Centrale%20TV&group=RadioTv-IT
#EXTINF:-1 tvg-id="Radio Silver" tvg-logo="http://epg-guide.com/icn/tv.png" tvg-name="Radio Silver" tvg-chno="4223" group-title="RadioTv-IT",Radio Silver
https://tvchannels.worldtvlive.eu/tv/_webradio/live?channel=Radio%20Silver&group=RadioTv-IT
#EXTINF:-1 tvg-id="Radio Sorriso TV" tvg-logo="http://epg-guide.com/icn/tv.png" tvg-name="Radio Sorriso TV" tvg-chno="4224" group-title="RadioTv-IT",Radio Sorriso TV
https://tvchannels.worldtvlive.eu/tv/_webradio/live?channel=Radio%20Sorriso%20TV&group=RadioTv-IT
#EXTINF:-1 tvg-id="Radio Sound" tvg-logo="https://admuzzum.xdevel.com/cloud/x/35/im/png/2020/6/15/add92571.png-512,512.png" tvg-name="Radio Sound" tvg-chno="4225" group-title="RadioTv-IT",Radio Sound
https://tvchannels.worldtvlive.eu/tv/_webradio/live?channel=Radio%20Sound&group=RadioTv-IT
#EXTINF:-1 tvg-id="Radio Splash TV" tvg-logo="http://epg-guide.com/icn/tv.png" tvg-name="Radio Splash TV" tvg-chno="4226" group-title="RadioTv-IT",Radio Splash TV
https://tvchannels.worldtvlive.eu/tv/_webradio/live?channel=Radio%20Splash%20TV&group=RadioTv-IT
#EXTINF:-1 tvg-id="Radio Stereo 5 TV" tvg-logo="http://epg-guide.com/icn/tv.png" tvg-name="Radio Stereo 5 TV" tvg-chno="4227" group-title="RadioTv-IT",Radio Stereo 5 TV
https://tvchannels.worldtvlive.eu/tv/_webradio/live?channel=Radio%20Stereo%205%20TV&group=RadioTv-IT
#EXTINF:-1 tvg-id="Radio Studio Delta" tvg-logo="http://epg-guide.com/icn/tv.png" tvg-name="Radio Studio Delta" tvg-chno="4228" group-title="RadioTv-IT",Radio Studio Delta
https://tvchannels.worldtvlive.eu/tv/_webradio/live?channel=Radio%20Studio%20Delta&group=RadioTv-IT
#EXTINF:-1 tvg-id="Radio Studio One" tvg-logo="http://epg-guide.com/icn/tv.png" tvg-name="Radio Studio One" tvg-chno="4229" group-title="RadioTv-IT",Radio Studio One
https://tvchannels.worldtvlive.eu/tv/_webradio/live?channel=Radio%20Studio%20One&group=RadioTv-IT
#EXTINF:-1 tvg-id="Radio StudioPiù TV" tvg-logo="http://epg-guide.com/icn/tv.png" tvg-name="Radio StudioPiù TV" tvg-chno="4230" group-title="RadioTv-IT",Radio StudioPiù TV
https://tvchannels.worldtvlive.eu/tv/_webradio/live?channel=Radio%20StudioPi%C3%B9%20TV&group=RadioTv-IT
#EXTINF:-1 tvg-id="Radio Taormina TV" tvg-logo="http://epg-guide.com/icn/tv.png" tvg-name="Radio Taormina TV" tvg-chno="4231" group-title="RadioTv-IT",Radio Taormina TV
https://tvchannels.worldtvlive.eu/tv/_webradio/live?channel=Radio%20Taormina%20TV&group=RadioTv-IT
#EXTINF:-1 tvg-id="Radio Ticino Channel" tvg-logo="http://epg-guide.com/icn/tv.png" tvg-name="Radio Ticino Channel" tvg-chno="4232" group-title="RadioTv-IT",Radio Ticino Channel
https://tvchannels.worldtvlive.eu/tv/_webradio/live?channel=Radio%20Ticino%20Channel&group=RadioTv-IT
#EXTINF:-1 tvg-id="Radio Time TV" tvg-logo="http://epg-guide.com/icn/tv.png" tvg-name="Radio Time TV" tvg-chno="4233" group-title="RadioTv-IT",Radio Time TV
https://tvchannels.worldtvlive.eu/tv/_webradio/live?channel=Radio%20Time%20TV&group=RadioTv-IT
#EXTINF:-1 tvg-id="Radio Tivù Azzurra" tvg-logo="http://epg-guide.com/icn/tv.png" tvg-name="Radio Tivù Azzurra" tvg-chno="4234" group-title="RadioTv-IT",Radio Tivù Azzurra
https://tvchannels.worldtvlive.eu/tv/_webradio/live?channel=Radio%20Tiv%C3%B9%20Azzurra&group=RadioTv-IT
#EXTINF:-1 tvg-id="Radio Torino International" tvg-logo="http://epg-guide.com/icn/tv.png" tvg-name="Radio Torino International" tvg-chno="4235" group-title="RadioTv-IT",Radio Torino International
https://tvchannels.worldtvlive.eu/tv/_webradio/live?channel=Radio%20Torino%20International&group=RadioTv-IT
#EXTINF:-1 tvg-id="Radio Touring" tvg-logo="https://progettotouring.it/videotouring/wp-content/uploads/sites/7/2022/06/cropped-Videotouring-87-logo.png" tvg-name="Radio Touring" tvg-chno="4236" group-title="RadioTv-IT",Radio Touring
https://tvchannels.worldtvlive.eu/tv/_webradio/live?channel=Radio%20Touring&group=RadioTv-IT
#EXTINF:-1 tvg-id="Radio Tv Oltre Limite" tvg-logo="http://epg-guide.com/icn/tv.png" tvg-name="Radio Tv Oltre Limite" tvg-chno="4237" group-title="RadioTv-IT",Radio Tv Oltre Limite
https://tvchannels.worldtvlive.eu/tv/_webradio/live?channel=Radio%20Tv%20Oltre%20Limite&group=RadioTv-IT
#EXTINF:-1 tvg-id="Radio Tv Planet Network" tvg-logo="http://epg-guide.com/icn/tv.png" tvg-name="Radio Tv Planet Network" tvg-chno="4238" group-title="RadioTv-IT",Radio Tv Planet Network
https://tvchannels.worldtvlive.eu/tv/_webradio/live?channel=Radio%20Tv%20Planet%20Network&group=RadioTv-IT
#EXTINF:-1 tvg-id="Radio Universal TV" tvg-logo="http://epg-guide.com/icn/tv.png" tvg-name="Radio Universal TV" tvg-chno="4239" group-title="RadioTv-IT",Radio Universal TV
https://tvchannels.worldtvlive.eu/tv/_webradio/live?channel=Radio%20Universal%20TV&group=RadioTv-IT
#EXTINF:-1 tvg-id="Radio Wow TV" tvg-logo="http://epg-guide.com/icn/tv.png" tvg-name="Radio Wow TV" tvg-chno="4240" group-title="RadioTv-IT",Radio Wow TV
https://tvchannels.worldtvlive.eu/tv/_webradio/live?channel=Radio%20Wow%20TV&group=RadioTv-IT
#EXTINF:-1 tvg-id="Radio Yes TV" tvg-logo="http://epg-guide.com/icn/tv.png" tvg-name="Radio Yes TV" tvg-chno="4241" group-title="RadioTv-IT",Radio Yes TV
https://tvchannels.worldtvlive.eu/tv/_webradio/live?channel=Radio%20Yes%20TV&group=RadioTv-IT
#EXTINF:-1 tvg-id="Radio Zeta TV" tvg-logo="http://epg-guide.com/icn/tv.png" tvg-name="Radio Zeta TV" tvg-chno="4242" group-title="RadioTv-IT",Radio Zeta TV
https://tvchannels.worldtvlive.eu/tv/_webradio/live?channel=Radio%20Zeta%20TV&group=RadioTv-IT
#EXTINF:-1 tvg-id="Radiolina Dance Channel" tvg-logo="http://epg-guide.com/icn/tv.png" tvg-name="Radiolina Dance Channel" tvg-chno="4243" group-title="RadioTv-IT",Radiolina Dance Channel
https://tvchannels.worldtvlive.eu/tv/_webradio/live?channel=Radiolina%20Dance%20Channel&group=RadioTv-IT
#EXTINF:-1 tvg-id="Radiolina TV" tvg-logo="http://epg-guide.com/icn/tv.png" tvg-name="Radiolina TV" tvg-chno="4244" group-title="RadioTv-IT",Radiolina TV
https://tvchannels.worldtvlive.eu/tv/_webradio/live?channel=Radiolina%20TV&group=RadioTv-IT
#EXTINF:-1 tvg-id="RCS75 TV" tvg-logo="http://epg-guide.com/icn/tv.png" tvg-name="RCS75 TV" tvg-chno="4245" group-title="RadioTv-IT",RCS75 TV
plugin://plugin.video.wltvhelper/play/xdevel/189
#EXTINF:-1 tvg-id="Rds Next" tvg-logo="http://epg-guide.com/icn/tv.png" tvg-name="Rds Next" tvg-chno="4246" group-title="RadioTv-IT",Rds Next
plugin://plugin.video.twitch/?mode=play&channel_name=rdsnext
#EXTINF:-1 tvg-id="Ritmo 80 Tv" tvg-logo="http://epg-guide.com/icn/tv.png" tvg-name="Ritmo 80 Tv" tvg-chno="4247" group-title="RadioTv-IT",Ritmo 80 Tv
https://tvchannels.worldtvlive.eu/tv/_webradio/live?channel=Ritmo%2080%20Tv&group=RadioTv-IT
#EXTINF:-1 tvg-id="RMA Altri Suoni" tvg-logo="https://www.radiosaiuz.it/images/Foto-da-renelatour--1-.jpg" tvg-name="RMA Altri Suoni" tvg-chno="4248" group-title="RadioTv-IT",RMA Altri Suoni
plugin://plugin.video.wltvhelper/play/saiuz/rma
#EXTINF:-1 tvg-id="RMC 101" tvg-logo="http://epg-guide.com/icn/tv.png" tvg-name="RMC 101" tvg-chno="4249" group-title="RadioTv-IT",RMC 101
https://tvchannels.worldtvlive.eu/tv/_webradio/live?channel=RMC%20101&group=RadioTv-IT
#EXTINF:-1 tvg-id="Rock TV" tvg-logo="http://epg-guide.com/icn/tv.png" tvg-name="Rock TV" tvg-chno="4250" group-title="RadioTv-IT",Rock TV
https://tvchannels.worldtvlive.eu/tv/_webradio/live?channel=Rock%20TV&group=RadioTv-IT
#EXTINF:-1 tvg-id="RPL - La tua Radio" tvg-logo="https://admuzzum.xdevel.com/cloud/x/35/im/jpeg/2019/12/2/93111724.jpg-512,512.jpg" tvg-name="RPL - La tua Radio" tvg-chno="4251" group-title="RadioTv-IT",RPL - La tua Radio
https://tvchannels.worldtvlive.eu/tv/_webradio/live?channel=RPL%20-%20La%20tua%20Radio&group=RadioTv-IT
#EXTINF:-1 tvg-id="RTC Targato Napoli" tvg-logo="https://www.radiosaiuz.it/images/TV-CAMPANE-1.png" tvg-name="RTC Targato Napoli" tvg-chno="4252" group-title="RadioTv-IT",RTC Targato Napoli
plugin://plugin.video.wltvhelper/play/saiuz/rtctargatonapoli
#EXTINF:-1 tvg-id="RTL 102.5 Best" tvg-logo="http://epg-guide.com/icn/tv.png" tvg-name="RTL 102.5 Best" tvg-chno="4253" group-title="RadioTv-IT",RTL 102.5 Best
https://tvchannels.worldtvlive.eu/tv/_webradio/live?channel=RTL%20102.5%20Best&group=RadioTv-IT
#EXTINF:-1 tvg-id="RTL 102.5 Bro. e Sis." tvg-logo="http://epg-guide.com/icn/tv.png" tvg-name="RTL 102.5 Bro. e Sis." tvg-chno="4254" group-title="RadioTv-IT",RTL 102.5 Bro. e Sis.
https://tvchannels.worldtvlive.eu/tv/_webradio/live?channel=RTL%20102.5%20Bro.%20e%20Sis.&group=RadioTv-IT
#EXTINF:-1 tvg-id="RTL 102.5 Doc" tvg-logo="http://epg-guide.com/icn/tv.png" tvg-name="RTL 102.5 Doc" tvg-chno="4255" group-title="RadioTv-IT",RTL 102.5 Doc
https://tvchannels.worldtvlive.eu/tv/_webradio/live?channel=RTL%20102.5%20Doc&group=RadioTv-IT
#EXTINF:-1 tvg-id="RTL 102.5 Guardia Costiera" tvg-logo="http://epg-guide.com/icn/tv.png" tvg-name="RTL 102.5 Guardia Costiera" tvg-chno="4256" group-title="RadioTv-IT",RTL 102.5 Guardia Costiera
https://tvchannels.worldtvlive.eu/tv/_webradio/live?channel=RTL%20102.5%20Guardia%20Costiera&group=RadioTv-IT
#EXTINF:-1 tvg-id="RTL 102.5 Napule'" tvg-logo="http://epg-guide.com/icn/tv.png" tvg-name="RTL 102.5 Napule'" tvg-chno="4257" group-title="RadioTv-IT",RTL 102.5 Napule'
https://tvchannels.worldtvlive.eu/tv/_webradio/live?channel=RTL%20102.5%20Napule'&group=RadioTv-IT
#EXTINF:-1 tvg-id="RTL 102.5 News" tvg-logo="http://epg-guide.com/icn/tv.png" tvg-name="RTL 102.5 News" tvg-chno="4258" group-title="RadioTv-IT",RTL 102.5 News
https://tvchannels.worldtvlive.eu/tv/_webradio/live?channel=RTL%20102.5%20News&group=RadioTv-IT
#EXTINF:-1 tvg-id="RTL 102.5 Plus" tvg-logo="http://epg-guide.com/icn/tv.png" tvg-name="RTL 102.5 Plus" tvg-chno="4259" group-title="RadioTv-IT",RTL 102.5 Plus
https://tvchannels.worldtvlive.eu/tv/_webradio/live?channel=RTL%20102.5%20Plus&group=RadioTv-IT
#EXTINF:-1 tvg-id="RTL 102.5 Romeo e Juliet" tvg-logo="http://epg-guide.com/icn/tv.png" tvg-name="RTL 102.5 Romeo e Juliet" tvg-chno="4260" group-title="RadioTv-IT",RTL 102.5 Romeo e Juliet
https://tvchannels.worldtvlive.eu/tv/_webradio/live?channel=RTL%20102.5%20Romeo%20e%20Juliet&group=RadioTv-IT
#EXTINF:-1 tvg-id="Sardegna Canta" tvg-logo="http://epg-guide.com/icn/tv.png" tvg-name="Sardegna Canta" tvg-chno="4261" group-title="RadioTv-IT",Sardegna Canta
https://tvchannels.worldtvlive.eu/tv/_webradio/live?channel=Sardegna%20Canta&group=RadioTv-IT
#EXTINF:-1 tvg-id="Sea Radio TV" tvg-logo="http://epg-guide.com/icn/tv.png" tvg-name="Sea Radio TV" tvg-chno="4262" group-title="RadioTv-IT",Sea Radio TV
https://tvchannels.worldtvlive.eu/tv/_webradio/live?channel=Sea%20Radio%20TV&group=RadioTv-IT
#EXTINF:-1 tvg-id="Simply TV" tvg-logo="http://epg-guide.com/icn/tv.png" tvg-name="Simply TV" tvg-chno="4263" group-title="RadioTv-IT",Simply TV
https://tvchannels.worldtvlive.eu/tv/_webradio/live?channel=Simply%20TV&group=RadioTv-IT
#EXTINF:-1 tvg-id="Skyline Radio e Soul TV" tvg-logo="http://epg-guide.com/icn/tv.png" tvg-name="Skyline Radio e Soul TV" tvg-chno="4264" group-title="RadioTv-IT",Skyline Radio e Soul TV
https://tvchannels.worldtvlive.eu/tv/_webradio/live?channel=Skyline%20Radio%20e%20Soul%20TV&group=RadioTv-IT
#EXTINF:-1 tvg-id="Standby TV" tvg-logo="http://epg-guide.com/icn/tv.png" tvg-name="Standby TV" tvg-chno="4265" group-title="RadioTv-IT",Standby TV
https://tvchannels.worldtvlive.eu/tv/_webradio/live?channel=Standby%20TV&group=RadioTv-IT
#EXTINF:-1 tvg-id="Stereo Citta'" tvg-logo="http://epg-guide.com/icn/tv.png" tvg-name="Stereo Citta'" tvg-chno="4266" group-title="RadioTv-IT",Stereo Citta'
https://tvchannels.worldtvlive.eu/tv/_webradio/live?channel=Stereo%20Citta'&group=RadioTv-IT
#EXTINF:-1 tvg-id="Studio 90 Italia" tvg-logo="http://epg-guide.com/icn/tv.png" tvg-name="Studio 90 Italia" tvg-chno="4267" group-title="RadioTv-IT",Studio 90 Italia
https://tvchannels.worldtvlive.eu/tv/_webradio/live?channel=Studio%2090%20Italia&group=RadioTv-IT
#EXTINF:-1 tvg-id="Studio 95 Melito Tv" tvg-logo="http://epg-guide.com/icn/tv.png" tvg-name="Studio 95 Melito Tv" tvg-chno="4268" group-title="RadioTv-IT",Studio 95 Melito Tv
plugin://plugin.video.twitch/?mode=play&channel_name=studio95melitotv
#EXTINF:-1 tvg-id="Tele Radio Stereo" tvg-logo="http://epg-guide.com/icn/tv.png" tvg-name="Tele Radio Stereo" tvg-chno="4269" group-title="RadioTv-IT",Tele Radio Stereo
plugin://plugin.video.twitch/?mode=play&channel_name=teleradiostereo
#EXTINF:-1 tvg-id="Touring 104" tvg-logo="http://epg-guide.com/icn/tv.png" tvg-name="Touring 104" tvg-chno="4270" group-title="RadioTv-IT",Touring 104
https://tvchannels.worldtvlive.eu/tv/_webradio/live?channel=Touring%20104&group=RadioTv-IT
#EXTINF:-1 tvg-id="TSB Napoli" tvg-logo="http://epg-guide.com/icn/tv.png" tvg-name="TSB Napoli" tvg-chno="4271" group-title="RadioTv-IT",TSB Napoli
plugin://plugin.video.wltvhelper/play/bozz/TSB3
#EXTINF:-1 tvg-id="TV Campane 1" tvg-logo="https://www.radiosaiuz.it/images/TV-CAMPANE-1.png" tvg-name="TV Campane 1" tvg-chno="4272" group-title="RadioTv-IT",TV Campane 1
plugin://plugin.video.wltvhelper/play/saiuz/tvcampane1
#EXTINF:-1 tvg-id="Tv Campane 2" tvg-logo="https://www.radiosaiuz.it/images/TV-CAMPANE-1.png" tvg-name="Tv Campane 2" tvg-chno="4273" group-title="RadioTv-IT",Tv Campane 2
plugin://plugin.video.wltvhelper/play/saiuz/tvcampane2
#EXTINF:-1 tvg-id="TV Campania" tvg-logo="http://epg-guide.com/icn/tv.png" tvg-name="TV Campania" tvg-chno="4274" group-title="RadioTv-IT",TV Campania
https://tvchannels.worldtvlive.eu/tv/_webradio/live?channel=TV%20Campania&group=RadioTv-IT
#EXTINF:-1 tvg-id="Tv Meridionale" tvg-logo="https://www.radiosaiuz.it/images/tvmeridionale.png" tvg-name="Tv Meridionale" tvg-chno="4275" group-title="RadioTv-IT",Tv Meridionale
plugin://plugin.video.wltvhelper/play/saiuz/tvmeridionale
#EXTINF:-1 tvg-id="Vintage Radio TV" tvg-logo="http://epg-guide.com/icn/tv.png" tvg-name="Vintage Radio TV" tvg-chno="4276" group-title="RadioTv-IT",Vintage Radio TV
https://tvchannels.worldtvlive.eu/tv/_webradio/live?channel=Vintage%20Radio%20TV&group=RadioTv-IT
#EXTINF:-1 tvg-id="Visual Radio" tvg-logo="http://epg-guide.com/icn/tv.png" tvg-name="Visual Radio" tvg-chno="4277" group-title="RadioTv-IT",Visual Radio
https://tvchannels.worldtvlive.eu/tv/_webradio/live?channel=Visual%20Radio&group=RadioTv-IT
#EXTINF:-1 tvg-id="Vivaldi Tv" tvg-logo="http://epg-guide.com/icn/tv.png" tvg-name="Vivaldi Tv" tvg-chno="4278" group-title="RadioTv-IT",Vivaldi Tv
https://tvchannels.worldtvlive.eu/tv/_webradio/live?channel=Vivaldi%20Tv&group=RadioTv-IT
#EXTINF:-1 tvg-id="Web TV Borgia" tvg-logo="http://epg-guide.com/icn/tv.png" tvg-name="Web TV Borgia" tvg-chno="4279" group-title="RadioTv-IT",Web TV Borgia
plugin://plugin.video.twitch/?mode=play&channel_name=webTVborgia
#EXTINF:-1 tvg-id="Young Tv Music" tvg-logo="http://epg-guide.com/icn/tv.png" tvg-name="Young Tv Music" tvg-chno="4280" group-title="RadioTv-IT",Young Tv Music
plugin://plugin.video.twitch/?mode=play&channel_name=youngtvmusic
#EXTINF:-1 tvg-id="Zero Uno Taormina" tvg-logo="http://epg-guide.com/icn/tv.png" tvg-name="Zero Uno Taormina" tvg-chno="4281" group-title="RadioTv-IT",Zero Uno Taormina
https://tvchannels.worldtvlive.eu/tv/_webradio/live?channel=Zero%20Uno%20Taormina&group=RadioTv-IT