#EXTM3U
#EXTINF:-1 tvg-id="" radio="true" tvg-logo="https://i.imgur.com/PwrAjjU.png" tvg-name="" tvg-chno="701" group-title="Informazione",Rai Radio 1
https://tvchannels.worldtvlive.eu/tv/_dtt_radio/live?channel=Rai__Radio__1&group=Informazione
#EXTINF:-1 tvg-id="" radio="true" tvg-logo="https://i.imgur.com/sDQFRbb.png" tvg-name="" tvg-chno="702" group-title="Intrattenimento",Rai Radio 2
https://tvchannels.worldtvlive.eu/tv/_dtt_radio/live?channel=Rai__Radio__2&group=Intrattenimento
#EXTINF:-1 tvg-id="" radio="true" tvg-logo="https://i.imgur.com/LXv259b.png" tvg-name="" tvg-chno="703" group-title="Cultura",Rai Radio 3
https://tvchannels.worldtvlive.eu/tv/_dtt_radio/live?channel=Rai__Radio__3&group=Cultura
#EXTINF:-1 tvg-id="" radio="true" tvg-logo="https://i.imgur.com/J35seAE.png" tvg-name="" tvg-chno="704" group-title="Politica",Rai GR Parlamento
https://tvchannels.worldtvlive.eu/tv/_dtt_radio/live?channel=Rai__GR__Parlamento&group=Politica
#EXTINF:-1 tvg-id="" radio="true" tvg-logo="https://i.imgur.com/QMdKACD.png" tvg-name="" tvg-chno="705" group-title="Informazione",Rai Isoradio
https://tvchannels.worldtvlive.eu/tv/_dtt_radio/live?channel=Rai__Isoradio&group=Informazione
#EXTINF:-1 tvg-id="" radio="true" tvg-logo="https://i.imgur.com/0QvrAL9.png" tvg-name="" tvg-chno="706" group-title="Musica Classica",Rai Radio 3 Classica
https://tvchannels.worldtvlive.eu/tv/_dtt_radio/live?channel=Rai__Radio__3__Classica&group=Musica__Classica
#EXTINF:-1 tvg-id="" radio="true" tvg-logo="https://i.imgur.com/ND3fVgQ.png" tvg-name="" tvg-chno="707" group-title="Bambini",Rai Radio Kids
https://tvchannels.worldtvlive.eu/tv/_dtt_radio/live?channel=Rai__Radio__Kids&group=Bambini
#EXTINF:-1 tvg-id="" radio="true" tvg-logo="https://i.imgur.com/3QFrLIh.png" tvg-name="" tvg-chno="708" group-title="Musica",Rai Radio Live
https://tvchannels.worldtvlive.eu/tv/_dtt_radio/live?channel=Rai__Radio__Live&group=Musica
#EXTINF:-1 tvg-id="" radio="true" tvg-logo="https://i.imgur.com/JhXYBO8.png" tvg-name="" tvg-chno="709" group-title="Vintage",Rai Radio Techetè
https://tvchannels.worldtvlive.eu/tv/_dtt_radio/live?channel=Rai__Radio__Techet%C3%A8&group=Vintage
#EXTINF:-1 tvg-id="" radio="true" tvg-logo="https://i.imgur.com/BgbWMbN.png" tvg-name="" tvg-chno="710" group-title="Musica italiana",Rai Radio Tutta Italiana
https://tvchannels.worldtvlive.eu/tv/_dtt_radio/live?channel=Rai__Radio__Tutta__Italiana&group=Musica__italiana
#EXTINF:-1 tvg-id="" radio="true" tvg-logo="https://i.imgur.com/aXpMAHl.png" tvg-name="" tvg-chno="711" group-title="Sport",Rai Radio 1 Sport
https://tvchannels.worldtvlive.eu/tv/_dtt_radio/live?channel=Rai__Radio__1__Sport&group=Sport
#EXTINF:-1 tvg-id="" radio="true" tvg-logo="https://i.imgur.com/q9fY9jc.png" tvg-name="" tvg-chno="712" group-title="Musica Indie",No Name Radio
https://tvchannels.worldtvlive.eu/tv/_dtt_radio/live?channel=No__Name__Radio&group=Musica__Indie
#EXTINF:-1 tvg-id="" radio="true" tvg-logo="https://i.imgur.com/pPpti29.png" tvg-name="" tvg-chno="713" group-title="Musica Contemporanea",Radio Capital
https://tvchannels.worldtvlive.eu/tv/_dtt_radio/live?channel=Radio__Capital&group=Musica__Contemporanea
#EXTINF:-1 tvg-id="" radio="true" tvg-logo="https://i.imgur.com/QErU7j6.png" tvg-name="" tvg-chno="714" group-title="Musica Contemporanea",Radio DeeJay
https://tvchannels.worldtvlive.eu/tv/_dtt_radio/live?channel=Radio__DeeJay&group=Musica__Contemporanea
#EXTINF:-1 tvg-id="" radio="true" tvg-logo="https://i.imgur.com/aIAyP7g.png" tvg-name="" tvg-chno="733" group-title="Religione",Radio Vaticana Italia
https://tvchannels.worldtvlive.eu/tv/_dtt_radio/live?channel=Radio__Vaticana__Italia&group=Religione
#EXTINF:-1 tvg-id="" radio="true" tvg-logo="https://i.imgur.com/1q59Bbi.png" tvg-name="" tvg-chno="770" group-title="Musica italiana",Radio Italia SMI
https://tvchannels.worldtvlive.eu/tv/_dtt_radio/live?channel=Radio__Italia__SMI&group=Musica__italiana
#EXTINF:-1 tvg-id="" radio="true" tvg-logo="https://i.imgur.com/3R8OhcY.png" tvg-name="" tvg-chno="771" group-title="Musica Contemporanea",Radio R101
https://tvchannels.worldtvlive.eu/tv/_dtt_radio/live?channel=Radio__R101&group=Musica__Contemporanea
#EXTINF:-1 tvg-id="" radio="true" tvg-logo="https://i.imgur.com/X8VzKQF.png" tvg-name="" tvg-chno="772" group-title="Musica Contemporanea",Radio Monte Carlo
https://tvchannels.worldtvlive.eu/tv/_dtt_radio/live?channel=Radio__Monte__Carlo&group=Musica__Contemporanea
#EXTINF:-1 tvg-id="" radio="true" tvg-logo="https://i.imgur.com/RtMxuH8.png" tvg-name="" tvg-chno="785" group-title="Hits",Radio 105
https://tvchannels.worldtvlive.eu/tv/_dtt_radio/live?channel=Radio__105&group=Hits
#EXTINF:-1 tvg-id="" radio="true" tvg-logo="https://i.imgur.com/6LjCOKD.png" tvg-name="" tvg-chno="786" group-title="Rock",Virgin Radio
https://tvchannels.worldtvlive.eu/tv/_dtt_radio/live?channel=Virgin__Radio&group=Rock
#EXTINF:-1 tvg-id="" radio="true" tvg-logo="https://i.imgur.com/DHNa9Gq.jpg" tvg-name="" tvg-chno="789" group-title="Religione",Radio Maria
https://tvchannels.worldtvlive.eu/tv/_dtt_radio/live?channel=Radio__Maria&group=Religione
#EXTINF:-1 tvg-id="" radio="true" tvg-logo="https://i.imgur.com/OdwMj6L.png" tvg-name="" tvg-chno="870" group-title="-unknown-",RTL 102.5
https://tvchannels.worldtvlive.eu/tv/_dtt_radio/live?channel=RTL__102.5&group=-unknown-